2023-07-14 22:46:09,859 INFO org.hibernate.validator.internal.util.Version [background-preinit]: HV000001: Hibernate Validator 6.2.5.Final
2023-07-14 22:46:09,874 INFO org.springframework.boot.StartupInfoLogger [restartedMain]: Starting FlowieeOfficialApplication using Java 19.0.2 on VIETND with PID 8336 (E:\The-Flowiee-Official\FlowieeOfficial\target\classes started by viet0 in E:\The-Flowiee-Official\FlowieeOfficial)
2023-07-14 22:46:09,874 INFO org.springframework.boot.SpringApplication [restartedMain]: No active profile set, falling back to 1 default profile: "default"
2023-07-14 22:46:09,927 INFO org.springframework.boot.logging.DeferredLog [restartedMain]: The Class-Path manifest attribute in C:\Users\viet0\.m2\repository\com\oracle\database\jdbc\ojdbc8\21.5.0.0\ojdbc8-21.5.0.0.jar referenced one or more files that do not exist: file:/C:/Users/viet0/.m2/repository/com/oracle/database/jdbc/ojdbc8/21.5.0.0/oraclepki.jar
2023-07-14 22:46:09,928 INFO org.springframework.boot.logging.DeferredLog [restartedMain]: Devtools property defaults active! Set 'spring.devtools.add-properties' to 'false' to disable
2023-07-14 22:46:09,928 INFO org.springframework.boot.logging.DeferredLog [restartedMain]: For additional web related logging consider setting the 'logging.level.web' property to 'DEBUG'
2023-07-14 22:46:12,965 INFO org.springframework.data.repository.config.RepositoryConfigurationDelegate [restartedMain]: Bootstrapping Spring Data JPA repositories in DEFAULT mode.
2023-07-14 22:46:13,306 INFO org.springframework.data.repository.config.RepositoryConfigurationDelegate [restartedMain]: Finished Spring Data repository scanning in 315 ms. Found 29 JPA repository interfaces.
2023-07-14 22:46:15,271 INFO org.springframework.boot.web.embedded.tomcat.TomcatWebServer [restartedMain]: Tomcat initialized with port(s): 8085 (http)
2023-07-14 22:46:15,293 INFO org.apache.juli.logging.DirectJDKLog [restartedMain]: Initializing ProtocolHandler ["http-nio-8085"]
2023-07-14 22:46:15,294 INFO org.apache.juli.logging.DirectJDKLog [restartedMain]: Starting service [Tomcat]
2023-07-14 22:46:15,294 INFO org.apache.juli.logging.DirectJDKLog [restartedMain]: Starting Servlet engine: [Apache Tomcat/9.0.71]
2023-07-14 22:46:15,508 INFO org.apache.juli.logging.DirectJDKLog [restartedMain]: Initializing Spring embedded WebApplicationContext
2023-07-14 22:46:15,509 INFO org.springframework.boot.web.servlet.context.ServletWebServerApplicationContext [restartedMain]: Root WebApplicationContext: initialization completed in 5580 ms
2023-07-14 22:46:16,125 INFO org.hibernate.jpa.internal.util.LogHelper [restartedMain]: HHH000204: Processing PersistenceUnitInfo [name: default]
2023-07-14 22:46:16,255 INFO org.hibernate.Version [restartedMain]: HHH000412: Hibernate ORM core version 5.6.15.Final
2023-07-14 22:46:16,607 INFO org.hibernate.annotations.common.reflection.java.JavaReflectionManager [restartedMain]: HCANN000001: Hibernate Commons Annotations {5.1.2.Final}
2023-07-14 22:46:16,941 INFO com.zaxxer.hikari.HikariDataSource [restartedMain]: HikariPool-1 - Starting...
2023-07-14 22:46:16,957 WARN com.zaxxer.hikari.util.DriverDataSource [restartedMain]: Registered driver with driverClassName=oracle.jdbc.driver.OracleDriver was not found, trying direct instantiation.
2023-07-14 22:46:17,566 INFO com.zaxxer.hikari.HikariDataSource [restartedMain]: HikariPool-1 - Start completed.
2023-07-14 22:46:17,608 INFO org.hibernate.dialect.Dialect [restartedMain]: HHH000400: Using dialect: org.hibernate.dialect.Oracle12cDialect
2023-07-14 22:46:19,698 INFO org.hibernate.engine.transaction.jta.platform.internal.JtaPlatformInitiator [restartedMain]: HHH000490: Using JtaPlatform implementation: [org.hibernate.engine.transaction.jta.platform.internal.NoJtaPlatform]
2023-07-14 22:46:19,710 INFO org.springframework.orm.jpa.AbstractEntityManagerFactoryBean [restartedMain]: Initialized JPA EntityManagerFactory for persistence unit 'default'
2023-07-14 22:46:20,582 WARN org.springframework.boot.autoconfigure.orm.jpa.JpaBaseConfiguration$JpaWebConfiguration [restartedMain]: spring.jpa.open-in-view is enabled by default. Therefore, database queries may be performed during view rendering. Explicitly configure spring.jpa.open-in-view to disable this warning
2023-07-14 22:46:21,541 INFO org.springframework.boot.autoconfigure.web.servlet.WelcomePageHandlerMapping [restartedMain]: Adding welcome page template: index
2023-07-14 22:46:21,814 INFO org.springframework.security.web.DefaultSecurityFilterChain [restartedMain]: Will secure any request with [org.springframework.security.web.session.DisableEncodeUrlFilter@34ff0fa6, org.springframework.security.web.context.request.async.WebAsyncManagerIntegrationFilter@234e2ca0, org.springframework.security.web.context.SecurityContextPersistenceFilter@3df2221c, org.springframework.security.web.header.HeaderWriterFilter@66ce2028, org.springframework.web.filter.CorsFilter@2c20a177, org.springframework.security.web.authentication.logout.LogoutFilter@4042d872, org.springframework.security.web.authentication.UsernamePasswordAuthenticationFilter@d9f6b3f, org.springframework.security.web.authentication.www.BasicAuthenticationFilter@4b6de401, org.springframework.security.web.savedrequest.RequestCacheAwareFilter@3246eb3d, org.springframework.security.web.servletapi.SecurityContextHolderAwareRequestFilter@26efa150, org.springframework.security.web.authentication.AnonymousAuthenticationFilter@97134ce, org.springframework.security.web.session.SessionManagementFilter@4369078c, org.springframework.security.web.access.ExceptionTranslationFilter@264ed225, org.springframework.security.web.access.intercept.FilterSecurityInterceptor@63d3b325]
2023-07-14 22:46:27,221 INFO org.springframework.boot.devtools.autoconfigure.OptionalLiveReloadServer [restartedMain]: LiveReload server is running on port 35729
2023-07-14 22:46:27,239 INFO org.apache.juli.logging.DirectJDKLog [restartedMain]: Starting ProtocolHandler ["http-nio-8085"]
2023-07-14 22:46:27,258 INFO org.springframework.boot.web.embedded.tomcat.TomcatWebServer [restartedMain]: Tomcat started on port(s): 8085 (http) with context path ''
2023-07-14 22:46:27,273 INFO org.springframework.boot.StartupInfoLogger [restartedMain]: Started FlowieeOfficialApplication in 17.849 seconds (JVM running for 19.583)
2023-07-14 22:46:30,002 INFO org.apache.juli.logging.DirectJDKLog [http-nio-8085-exec-1]: Initializing Spring DispatcherServlet 'dispatcherServlet'
2023-07-14 22:46:30,002 INFO org.springframework.web.servlet.FrameworkServlet [http-nio-8085-exec-1]: Initializing Servlet 'dispatcherServlet'
2023-07-14 22:46:30,003 INFO org.springframework.web.servlet.FrameworkServlet [http-nio-8085-exec-1]: Completed initialization in 1 ms
2023-07-14 22:47:27,898 ERROR org.apache.juli.logging.DirectJDKLog [http-nio-8085-exec-1]: Servlet.service() for servlet [dispatcherServlet] in context with path [] threw exception [Request processing failed; nested exception is java.lang.StringIndexOutOfBoundsException: Range [0, -1) out of bounds for length 11] with root cause
java.lang.StringIndexOutOfBoundsException: Range [0, -1) out of bounds for length 11
	at java.base/jdk.internal.util.Preconditions$1.apply(Preconditions.java:55)
	at java.base/jdk.internal.util.Preconditions$1.apply(Preconditions.java:52)
	at java.base/jdk.internal.util.Preconditions$4.apply(Preconditions.java:213)
	at java.base/jdk.internal.util.Preconditions$4.apply(Preconditions.java:210)
	at java.base/jdk.internal.util.Preconditions.outOfBounds(Preconditions.java:98)
	at java.base/jdk.internal.util.Preconditions.outOfBoundsCheckFromToIndex(Preconditions.java:112)
	at java.base/jdk.internal.util.Preconditions.checkFromToIndex(Preconditions.java:349)
	at java.base/java.lang.String.checkBoundsBeginEnd(String.java:4602)
	at java.base/java.lang.String.substring(String.java:2715)
	at com.flowiee.app.common.utils.FileUtil.getAliasNameFromAliasPath(FileUtil.java:85)
	at com.flowiee.app.khotailieu.controller.DocumentController.getListDocument(DocumentController.java:101)
	at java.base/jdk.internal.reflect.DirectMethodHandleAccessor.invoke(DirectMethodHandleAccessor.java:104)
	at java.base/java.lang.reflect.Method.invoke(Method.java:578)
	at org.springframework.web.method.support.InvocableHandlerMethod.doInvoke(InvocableHandlerMethod.java:205)
	at org.springframework.web.method.support.InvocableHandlerMethod.invokeForRequest(InvocableHandlerMethod.java:150)
	at org.springframework.web.servlet.mvc.method.annotation.ServletInvocableHandlerMethod.invokeAndHandle(ServletInvocableHandlerMethod.java:117)
	at org.springframework.web.servlet.mvc.method.annotation.RequestMappingHandlerAdapter.invokeHandlerMethod(RequestMappingHandlerAdapter.java:895)
	at org.springframework.web.servlet.mvc.method.annotation.RequestMappingHandlerAdapter.handleInternal(RequestMappingHandlerAdapter.java:808)
	at org.springframework.web.servlet.mvc.method.AbstractHandlerMethodAdapter.handle(AbstractHandlerMethodAdapter.java:87)
	at org.springframework.web.servlet.DispatcherServlet.doDispatch(DispatcherServlet.java:1071)
	at org.springframework.web.servlet.DispatcherServlet.doService(DispatcherServlet.java:964)
	at org.springframework.web.servlet.FrameworkServlet.processRequest(FrameworkServlet.java:1006)
	at org.springframework.web.servlet.FrameworkServlet.doGet(FrameworkServlet.java:898)
	at javax.servlet.http.HttpServlet.service(HttpServlet.java:670)
	at org.springframework.web.servlet.FrameworkServlet.service(FrameworkServlet.java:883)
	at javax.servlet.http.HttpServlet.service(HttpServlet.java:779)
	at org.apache.catalina.core.ApplicationFilterChain.internalDoFilter(ApplicationFilterChain.java:227)
	at org.apache.catalina.core.ApplicationFilterChain.doFilter(ApplicationFilterChain.java:162)
	at org.apache.tomcat.websocket.server.WsFilter.doFilter(WsFilter.java:53)
	at org.apache.catalina.core.ApplicationFilterChain.internalDoFilter(ApplicationFilterChain.java:189)
	at org.apache.catalina.core.ApplicationFilterChain.doFilter(ApplicationFilterChain.java:162)
	at org.springframework.security.web.FilterChainProxy$VirtualFilterChain.doFilter(FilterChainProxy.java:337)
	at org.springframework.security.web.access.intercept.FilterSecurityInterceptor.invoke(FilterSecurityInterceptor.java:115)
	at org.springframework.security.web.access.intercept.FilterSecurityInterceptor.doFilter(FilterSecurityInterceptor.java:81)
	at org.springframework.security.web.FilterChainProxy$VirtualFilterChain.doFilter(FilterChainProxy.java:346)
	at org.springframework.security.web.access.ExceptionTranslationFilter.doFilter(ExceptionTranslationFilter.java:122)
	at org.springframework.security.web.access.ExceptionTranslationFilter.doFilter(ExceptionTranslationFilter.java:116)
	at org.springframework.security.web.FilterChainProxy$VirtualFilterChain.doFilter(FilterChainProxy.java:346)
	at org.springframework.security.web.session.SessionManagementFilter.doFilter(SessionManagementFilter.java:126)
	at org.springframework.security.web.session.SessionManagementFilter.doFilter(SessionManagementFilter.java:81)
	at org.springframework.security.web.FilterChainProxy$VirtualFilterChain.doFilter(FilterChainProxy.java:346)
	at org.springframework.security.web.authentication.AnonymousAuthenticationFilter.doFilter(AnonymousAuthenticationFilter.java:109)
	at org.springframework.security.web.FilterChainProxy$VirtualFilterChain.doFilter(FilterChainProxy.java:346)
	at org.springframework.security.web.servletapi.SecurityContextHolderAwareRequestFilter.doFilter(SecurityContextHolderAwareRequestFilter.java:149)
	at org.springframework.security.web.FilterChainProxy$VirtualFilterChain.doFilter(FilterChainProxy.java:346)
	at org.springframework.security.web.savedrequest.RequestCacheAwareFilter.doFilter(RequestCacheAwareFilter.java:63)
	at org.springframework.security.web.FilterChainProxy$VirtualFilterChain.doFilter(FilterChainProxy.java:346)
	at org.springframework.security.web.authentication.www.BasicAuthenticationFilter.doFilterInternal(BasicAuthenticationFilter.java:166)
	at org.springframework.web.filter.OncePerRequestFilter.doFilter(OncePerRequestFilter.java:117)
	at org.springframework.security.web.FilterChainProxy$VirtualFilterChain.doFilter(FilterChainProxy.java:346)
	at org.springframework.security.web.authentication.AbstractAuthenticationProcessingFilter.doFilter(AbstractAuthenticationProcessingFilter.java:223)
	at org.springframework.security.web.authentication.AbstractAuthenticationProcessingFilter.doFilter(AbstractAuthenticationProcessingFilter.java:217)
	at org.springframework.security.web.FilterChainProxy$VirtualFilterChain.doFilter(FilterChainProxy.java:346)
	at org.springframework.security.web.authentication.logout.LogoutFilter.doFilter(LogoutFilter.java:103)
	at org.springframework.security.web.authentication.logout.LogoutFilter.doFilter(LogoutFilter.java:89)
	at org.springframework.security.web.FilterChainProxy$VirtualFilterChain.doFilter(FilterChainProxy.java:346)
	at org.springframework.web.filter.CorsFilter.doFilterInternal(CorsFilter.java:91)
	at org.springframework.web.filter.OncePerRequestFilter.doFilter(OncePerRequestFilter.java:117)
	at org.springframework.security.web.FilterChainProxy$VirtualFilterChain.doFilter(FilterChainProxy.java:346)
	at org.springframework.security.web.header.HeaderWriterFilter.doHeadersAfter(HeaderWriterFilter.java:90)
	at org.springframework.security.web.header.HeaderWriterFilter.doFilterInternal(HeaderWriterFilter.java:75)
	at org.springframework.web.filter.OncePerRequestFilter.doFilter(OncePerRequestFilter.java:117)
	at org.springframework.security.web.FilterChainProxy$VirtualFilterChain.doFilter(FilterChainProxy.java:346)
	at org.springframework.security.web.context.SecurityContextPersistenceFilter.doFilter(SecurityContextPersistenceFilter.java:112)
	at org.springframework.security.web.context.SecurityContextPersistenceFilter.doFilter(SecurityContextPersistenceFilter.java:82)
	at org.springframework.security.web.FilterChainProxy$VirtualFilterChain.doFilter(FilterChainProxy.java:346)
	at org.springframework.security.web.context.request.async.WebAsyncManagerIntegrationFilter.doFilterInternal(WebAsyncManagerIntegrationFilter.java:55)
	at org.springframework.web.filter.OncePerRequestFilter.doFilter(OncePerRequestFilter.java:117)
	at org.springframework.security.web.FilterChainProxy$VirtualFilterChain.doFilter(FilterChainProxy.java:346)
	at org.springframework.security.web.session.DisableEncodeUrlFilter.doFilterInternal(DisableEncodeUrlFilter.java:42)
	at org.springframework.web.filter.OncePerRequestFilter.doFilter(OncePerRequestFilter.java:117)
	at org.springframework.security.web.FilterChainProxy$VirtualFilterChain.doFilter(FilterChainProxy.java:346)
	at org.springframework.security.web.FilterChainProxy.doFilterInternal(FilterChainProxy.java:221)
	at org.springframework.security.web.FilterChainProxy.doFilter(FilterChainProxy.java:186)
	at org.springframework.web.filter.DelegatingFilterProxy.invokeDelegate(DelegatingFilterProxy.java:354)
	at org.springframework.web.filter.DelegatingFilterProxy.doFilter(DelegatingFilterProxy.java:267)
	at org.apache.catalina.core.ApplicationFilterChain.internalDoFilter(ApplicationFilterChain.java:189)
	at org.apache.catalina.core.ApplicationFilterChain.doFilter(ApplicationFilterChain.java:162)
	at org.springframework.web.filter.RequestContextFilter.doFilterInternal(RequestContextFilter.java:100)
	at org.springframework.web.filter.OncePerRequestFilter.doFilter(OncePerRequestFilter.java:117)
	at org.apache.catalina.core.ApplicationFilterChain.internalDoFilter(ApplicationFilterChain.java:189)
	at org.apache.catalina.core.ApplicationFilterChain.doFilter(ApplicationFilterChain.java:162)
	at org.springframework.web.filter.FormContentFilter.doFilterInternal(FormContentFilter.java:93)
	at org.springframework.web.filter.OncePerRequestFilter.doFilter(OncePerRequestFilter.java:117)
	at org.apache.catalina.core.ApplicationFilterChain.internalDoFilter(ApplicationFilterChain.java:189)
	at org.apache.catalina.core.ApplicationFilterChain.doFilter(ApplicationFilterChain.java:162)
	at org.springframework.web.filter.CharacterEncodingFilter.doFilterInternal(CharacterEncodingFilter.java:201)
	at org.springframework.web.filter.OncePerRequestFilter.doFilter(OncePerRequestFilter.java:117)
	at org.apache.catalina.core.ApplicationFilterChain.internalDoFilter(ApplicationFilterChain.java:189)
	at org.apache.catalina.core.ApplicationFilterChain.doFilter(ApplicationFilterChain.java:162)
	at org.apache.catalina.core.StandardWrapperValve.invoke(StandardWrapperValve.java:177)
	at org.apache.catalina.core.StandardContextValve.invoke(StandardContextValve.java:97)
	at org.apache.catalina.authenticator.AuthenticatorBase.invoke(AuthenticatorBase.java:541)
	at org.apache.catalina.core.StandardHostValve.invoke(StandardHostValve.java:135)
	at org.apache.catalina.valves.ErrorReportValve.invoke(ErrorReportValve.java:92)
	at org.apache.catalina.core.StandardEngineValve.invoke(StandardEngineValve.java:78)
	at org.apache.catalina.connector.CoyoteAdapter.service(CoyoteAdapter.java:360)
	at org.apache.coyote.http11.Http11Processor.service(Http11Processor.java:399)
	at org.apache.coyote.AbstractProcessorLight.process(AbstractProcessorLight.java:65)
	at org.apache.coyote.AbstractProtocol$ConnectionHandler.process(AbstractProtocol.java:891)
	at org.apache.tomcat.util.net.NioEndpoint$SocketProcessor.doRun(NioEndpoint.java:1784)
	at org.apache.tomcat.util.net.SocketProcessorBase.run(SocketProcessorBase.java:49)
	at org.apache.tomcat.util.threads.ThreadPoolExecutor.runWorker(ThreadPoolExecutor.java:1191)
	at org.apache.tomcat.util.threads.ThreadPoolExecutor$Worker.run(ThreadPoolExecutor.java:659)
	at org.apache.tomcat.util.threads.TaskThread$WrappingRunnable.run(TaskThread.java:61)
	at java.base/java.lang.Thread.run(Thread.java:1589)
2023-07-14 23:07:07,729 INFO org.hibernate.validator.internal.util.Version [background-preinit]: HV000001: Hibernate Validator 6.2.5.Final
2023-07-14 23:07:07,744 INFO org.springframework.boot.StartupInfoLogger [restartedMain]: Starting FlowieeOfficialApplication using Java 19.0.2 on VIETND with PID 20848 (E:\The-Flowiee-Official\FlowieeOfficial\target\classes started by viet0 in E:\The-Flowiee-Official\FlowieeOfficial)
2023-07-14 23:07:07,745 INFO org.springframework.boot.SpringApplication [restartedMain]: No active profile set, falling back to 1 default profile: "default"
2023-07-14 23:07:07,788 INFO org.springframework.boot.logging.DeferredLog [restartedMain]: The Class-Path manifest attribute in C:\Users\viet0\.m2\repository\com\oracle\database\jdbc\ojdbc8\21.5.0.0\ojdbc8-21.5.0.0.jar referenced one or more files that do not exist: file:/C:/Users/viet0/.m2/repository/com/oracle/database/jdbc/ojdbc8/21.5.0.0/oraclepki.jar
2023-07-14 23:07:07,788 INFO org.springframework.boot.logging.DeferredLog [restartedMain]: Devtools property defaults active! Set 'spring.devtools.add-properties' to 'false' to disable
2023-07-14 23:07:07,789 INFO org.springframework.boot.logging.DeferredLog [restartedMain]: For additional web related logging consider setting the 'logging.level.web' property to 'DEBUG'
2023-07-14 23:07:08,435 INFO org.springframework.data.repository.config.RepositoryConfigurationDelegate [restartedMain]: Bootstrapping Spring Data JPA repositories in DEFAULT mode.
2023-07-14 23:07:08,552 INFO org.springframework.data.repository.config.RepositoryConfigurationDelegate [restartedMain]: Finished Spring Data repository scanning in 111 ms. Found 29 JPA repository interfaces.
2023-07-14 23:07:08,971 INFO org.springframework.boot.web.embedded.tomcat.TomcatWebServer [restartedMain]: Tomcat initialized with port(s): 8085 (http)
2023-07-14 23:07:08,976 INFO org.apache.juli.logging.DirectJDKLog [restartedMain]: Initializing ProtocolHandler ["http-nio-8085"]
2023-07-14 23:07:08,977 INFO org.apache.juli.logging.DirectJDKLog [restartedMain]: Starting service [Tomcat]
2023-07-14 23:07:08,977 INFO org.apache.juli.logging.DirectJDKLog [restartedMain]: Starting Servlet engine: [Apache Tomcat/9.0.71]
2023-07-14 23:07:09,047 INFO org.apache.juli.logging.DirectJDKLog [restartedMain]: Initializing Spring embedded WebApplicationContext
2023-07-14 23:07:09,048 INFO org.springframework.boot.web.servlet.context.ServletWebServerApplicationContext [restartedMain]: Root WebApplicationContext: initialization completed in 1259 ms
2023-07-14 23:07:09,171 INFO org.hibernate.jpa.internal.util.LogHelper [restartedMain]: HHH000204: Processing PersistenceUnitInfo [name: default]
2023-07-14 23:07:09,200 INFO org.hibernate.Version [restartedMain]: HHH000412: Hibernate ORM core version 5.6.15.Final
2023-07-14 23:07:09,286 INFO org.hibernate.annotations.common.reflection.java.JavaReflectionManager [restartedMain]: HCANN000001: Hibernate Commons Annotations {5.1.2.Final}
2023-07-14 23:07:09,351 INFO com.zaxxer.hikari.HikariDataSource [restartedMain]: HikariPool-1 - Starting...
2023-07-14 23:07:09,354 WARN com.zaxxer.hikari.util.DriverDataSource [restartedMain]: Registered driver with driverClassName=oracle.jdbc.driver.OracleDriver was not found, trying direct instantiation.
2023-07-14 23:07:09,548 INFO com.zaxxer.hikari.HikariDataSource [restartedMain]: HikariPool-1 - Start completed.
2023-07-14 23:07:09,561 INFO org.hibernate.dialect.Dialect [restartedMain]: HHH000400: Using dialect: org.hibernate.dialect.Oracle12cDialect
2023-07-14 23:07:10,590 INFO org.hibernate.engine.transaction.jta.platform.internal.JtaPlatformInitiator [restartedMain]: HHH000490: Using JtaPlatform implementation: [org.hibernate.engine.transaction.jta.platform.internal.NoJtaPlatform]
2023-07-14 23:07:10,598 INFO org.springframework.orm.jpa.AbstractEntityManagerFactoryBean [restartedMain]: Initialized JPA EntityManagerFactory for persistence unit 'default'
2023-07-14 23:07:11,038 WARN org.springframework.boot.autoconfigure.orm.jpa.JpaBaseConfiguration$JpaWebConfiguration [restartedMain]: spring.jpa.open-in-view is enabled by default. Therefore, database queries may be performed during view rendering. Explicitly configure spring.jpa.open-in-view to disable this warning
2023-07-14 23:07:11,673 INFO org.springframework.boot.autoconfigure.web.servlet.WelcomePageHandlerMapping [restartedMain]: Adding welcome page template: index
2023-07-14 23:07:11,819 INFO org.springframework.security.web.DefaultSecurityFilterChain [restartedMain]: Will secure any request with [org.springframework.security.web.session.DisableEncodeUrlFilter@3209a618, org.springframework.security.web.context.request.async.WebAsyncManagerIntegrationFilter@40d2338c, org.springframework.security.web.context.SecurityContextPersistenceFilter@3a4e9a4a, org.springframework.security.web.header.HeaderWriterFilter@7e00b5f1, org.springframework.web.filter.CorsFilter@64563449, org.springframework.security.web.authentication.logout.LogoutFilter@7bf967b9, org.springframework.security.web.authentication.UsernamePasswordAuthenticationFilter@48d41765, org.springframework.security.web.authentication.www.BasicAuthenticationFilter@1a12da39, org.springframework.security.web.savedrequest.RequestCacheAwareFilter@1d7362eb, org.springframework.security.web.servletapi.SecurityContextHolderAwareRequestFilter@36245467, org.springframework.security.web.authentication.AnonymousAuthenticationFilter@699a5190, org.springframework.security.web.session.SessionManagementFilter@31c20e93, org.springframework.security.web.access.ExceptionTranslationFilter@603a25f9, org.springframework.security.web.access.intercept.FilterSecurityInterceptor@2b5724de]
2023-07-14 23:07:12,291 INFO org.springframework.boot.devtools.autoconfigure.OptionalLiveReloadServer [restartedMain]: LiveReload server is running on port 35729
2023-07-14 23:07:12,310 INFO org.apache.juli.logging.DirectJDKLog [restartedMain]: Starting ProtocolHandler ["http-nio-8085"]
2023-07-14 23:07:12,325 INFO org.springframework.boot.web.embedded.tomcat.TomcatWebServer [restartedMain]: Tomcat started on port(s): 8085 (http) with context path ''
2023-07-14 23:07:12,335 INFO org.springframework.boot.StartupInfoLogger [restartedMain]: Started FlowieeOfficialApplication in 4.886 seconds (JVM running for 5.839)
2023-07-14 23:07:16,463 INFO org.apache.juli.logging.DirectJDKLog [http-nio-8085-exec-1]: Initializing Spring DispatcherServlet 'dispatcherServlet'
2023-07-14 23:07:16,465 INFO org.springframework.web.servlet.FrameworkServlet [http-nio-8085-exec-1]: Initializing Servlet 'dispatcherServlet'
2023-07-14 23:07:16,466 INFO org.springframework.web.servlet.FrameworkServlet [http-nio-8085-exec-1]: Completed initialization in 1 ms
2023-07-14 23:07:22,507 WARN org.springframework.web.servlet.handler.AbstractHandlerExceptionResolver [http-nio-8085-exec-5]: Resolved [org.springframework.web.HttpRequestMethodNotSupportedException: Request method 'POST' not supported]
2023-07-14 23:07:24,411 WARN org.springframework.web.servlet.handler.AbstractHandlerExceptionResolver [http-nio-8085-exec-8]: Resolved [org.springframework.web.HttpRequestMethodNotSupportedException: Request method 'POST' not supported]
2023-07-14 23:37:33,441 WARN org.springframework.web.servlet.handler.AbstractHandlerExceptionResolver [http-nio-8085-exec-2]: Resolved [org.springframework.validation.BindException: org.springframework.validation.BeanPropertyBindingResult: 1 errors<EOL>Field error in object 'docField' on field 'sapXep': rejected value []; codes [typeMismatch.docField.sapXep,typeMismatch.sapXep,typeMismatch.int,typeMismatch]; arguments [org.springframework.context.support.DefaultMessageSourceResolvable: codes [docField.sapXep,sapXep]; arguments []; default message [sapXep]]; default message [Failed to convert property value of type 'java.lang.String' to required type 'int' for property 'sapXep'; nested exception is java.lang.NumberFormatException: For input string: ""]]
