2023-06-27 11:20:26,007 INFO org.hibernate.validator.internal.util.Version [background-preinit]: HV000001: Hibernate Validator 6.2.5.Final
2023-06-27 11:20:26,020 INFO org.springframework.boot.StartupInfoLogger [restartedMain]: Starting FlowieeOfficialApplication using Java 19.0.2 on VIETND with PID 3876 (E:\The-Flowiee-Official\FlowieeOfficial\target\classes started by viet0 in E:\The-Flowiee-Official\FlowieeOfficial)
2023-06-27 11:20:26,021 INFO org.springframework.boot.SpringApplication [restartedMain]: No active profile set, falling back to 1 default profile: "default"
2023-06-27 11:20:26,082 INFO org.springframework.boot.logging.DeferredLog [restartedMain]: The Class-Path manifest attribute in C:\Users\viet0\.m2\repository\com\oracle\database\jdbc\ojdbc8\21.5.0.0\ojdbc8-21.5.0.0.jar referenced one or more files that do not exist: file:/C:/Users/viet0/.m2/repository/com/oracle/database/jdbc/ojdbc8/21.5.0.0/oraclepki.jar
2023-06-27 11:20:26,084 INFO org.springframework.boot.logging.DeferredLog [restartedMain]: Devtools property defaults active! Set 'spring.devtools.add-properties' to 'false' to disable
2023-06-27 11:20:26,084 INFO org.springframework.boot.logging.DeferredLog [restartedMain]: For additional web related logging consider setting the 'logging.level.web' property to 'DEBUG'
2023-06-27 11:20:27,804 INFO org.springframework.data.repository.config.RepositoryConfigurationDelegate [restartedMain]: Bootstrapping Spring Data JPA repositories in DEFAULT mode.
2023-06-27 11:20:27,992 INFO org.springframework.data.repository.config.RepositoryConfigurationDelegate [restartedMain]: Finished Spring Data repository scanning in 179 ms. Found 28 JPA repository interfaces.
2023-06-27 11:20:28,655 INFO org.springframework.boot.web.embedded.tomcat.TomcatWebServer [restartedMain]: Tomcat initialized with port(s): 8085 (http)
2023-06-27 11:20:28,663 INFO org.apache.juli.logging.DirectJDKLog [restartedMain]: Initializing ProtocolHandler ["http-nio-8085"]
2023-06-27 11:20:28,664 INFO org.apache.juli.logging.DirectJDKLog [restartedMain]: Starting service [Tomcat]
2023-06-27 11:20:28,664 INFO org.apache.juli.logging.DirectJDKLog [restartedMain]: Starting Servlet engine: [Apache Tomcat/9.0.71]
2023-06-27 11:20:28,757 INFO org.apache.juli.logging.DirectJDKLog [restartedMain]: Initializing Spring embedded WebApplicationContext
2023-06-27 11:20:28,757 INFO org.springframework.boot.web.servlet.context.ServletWebServerApplicationContext [restartedMain]: Root WebApplicationContext: initialization completed in 2672 ms
2023-06-27 11:20:28,918 INFO org.hibernate.jpa.internal.util.LogHelper [restartedMain]: HHH000204: Processing PersistenceUnitInfo [name: default]
2023-06-27 11:20:28,964 INFO org.hibernate.Version [restartedMain]: HHH000412: Hibernate ORM core version 5.6.15.Final
2023-06-27 11:20:29,081 INFO org.hibernate.annotations.common.reflection.java.JavaReflectionManager [restartedMain]: HCANN000001: Hibernate Commons Annotations {5.1.2.Final}
2023-06-27 11:20:29,167 INFO com.zaxxer.hikari.HikariDataSource [restartedMain]: HikariPool-1 - Starting...
2023-06-27 11:20:29,171 WARN com.zaxxer.hikari.util.DriverDataSource [restartedMain]: Registered driver with driverClassName=oracle.jdbc.driver.OracleDriver was not found, trying direct instantiation.
2023-06-27 11:20:29,369 INFO com.zaxxer.hikari.HikariDataSource [restartedMain]: HikariPool-1 - Start completed.
2023-06-27 11:20:29,384 INFO org.hibernate.dialect.Dialect [restartedMain]: HHH000400: Using dialect: org.hibernate.dialect.Oracle12cDialect
2023-06-27 11:20:31,167 INFO org.hibernate.engine.transaction.jta.platform.internal.JtaPlatformInitiator [restartedMain]: HHH000490: Using JtaPlatform implementation: [org.hibernate.engine.transaction.jta.platform.internal.NoJtaPlatform]
2023-06-27 11:20:31,178 INFO org.springframework.orm.jpa.AbstractEntityManagerFactoryBean [restartedMain]: Initialized JPA EntityManagerFactory for persistence unit 'default'
2023-06-27 11:20:31,812 WARN org.springframework.boot.autoconfigure.orm.jpa.JpaBaseConfiguration$JpaWebConfiguration [restartedMain]: spring.jpa.open-in-view is enabled by default. Therefore, database queries may be performed during view rendering. Explicitly configure spring.jpa.open-in-view to disable this warning
2023-06-27 11:20:32,650 INFO org.springframework.boot.autoconfigure.web.servlet.WelcomePageHandlerMapping [restartedMain]: Adding welcome page template: index
2023-06-27 11:20:32,898 INFO org.springframework.security.web.DefaultSecurityFilterChain [restartedMain]: Will secure any request with [org.springframework.security.web.session.DisableEncodeUrlFilter@55035cdf, org.springframework.security.web.context.request.async.WebAsyncManagerIntegrationFilter@6cb77523, org.springframework.security.web.context.SecurityContextPersistenceFilter@37736348, org.springframework.security.web.header.HeaderWriterFilter@105b1ab8, org.springframework.web.filter.CorsFilter@64cca891, org.springframework.security.web.authentication.logout.LogoutFilter@32052e4, org.springframework.security.web.authentication.UsernamePasswordAuthenticationFilter@133ee90b, org.springframework.security.web.authentication.www.BasicAuthenticationFilter@6a2c8775, org.springframework.security.web.savedrequest.RequestCacheAwareFilter@2a4e6cc4, org.springframework.security.web.servletapi.SecurityContextHolderAwareRequestFilter@70e5a664, org.springframework.security.web.authentication.AnonymousAuthenticationFilter@6c218eb1, org.springframework.security.web.session.SessionManagementFilter@7a17e8b1, org.springframework.security.web.access.ExceptionTranslationFilter@2f2f3a39, org.springframework.security.web.access.intercept.FilterSecurityInterceptor@1b392394]
2023-06-27 11:20:34,222 INFO org.springframework.boot.devtools.autoconfigure.OptionalLiveReloadServer [restartedMain]: LiveReload server is running on port 35729
2023-06-27 11:20:34,245 INFO org.apache.juli.logging.DirectJDKLog [restartedMain]: Starting ProtocolHandler ["http-nio-8085"]
2023-06-27 11:20:34,261 INFO org.springframework.boot.web.embedded.tomcat.TomcatWebServer [restartedMain]: Tomcat started on port(s): 8085 (http) with context path ''
2023-06-27 11:20:34,272 INFO org.springframework.boot.StartupInfoLogger [restartedMain]: Started FlowieeOfficialApplication in 8.682 seconds (JVM running for 10.075)
2023-06-27 11:21:15,247 INFO org.hibernate.validator.internal.util.Version [background-preinit]: HV000001: Hibernate Validator 6.2.5.Final
2023-06-27 11:21:15,260 INFO org.springframework.boot.StartupInfoLogger [restartedMain]: Starting FlowieeOfficialApplication using Java 19.0.2 on VIETND with PID 18220 (E:\The-Flowiee-Official\FlowieeOfficial\target\classes started by viet0 in E:\The-Flowiee-Official\FlowieeOfficial)
2023-06-27 11:21:15,261 INFO org.springframework.boot.SpringApplication [restartedMain]: No active profile set, falling back to 1 default profile: "default"
2023-06-27 11:21:15,335 INFO org.springframework.boot.logging.DeferredLog [restartedMain]: The Class-Path manifest attribute in C:\Users\viet0\.m2\repository\com\oracle\database\jdbc\ojdbc8\21.5.0.0\ojdbc8-21.5.0.0.jar referenced one or more files that do not exist: file:/C:/Users/viet0/.m2/repository/com/oracle/database/jdbc/ojdbc8/21.5.0.0/oraclepki.jar
2023-06-27 11:21:15,336 INFO org.springframework.boot.logging.DeferredLog [restartedMain]: Devtools property defaults active! Set 'spring.devtools.add-properties' to 'false' to disable
2023-06-27 11:21:15,336 INFO org.springframework.boot.logging.DeferredLog [restartedMain]: For additional web related logging consider setting the 'logging.level.web' property to 'DEBUG'
2023-06-27 11:21:15,963 INFO org.springframework.data.repository.config.RepositoryConfigurationDelegate [restartedMain]: Bootstrapping Spring Data JPA repositories in DEFAULT mode.
2023-06-27 11:21:16,102 INFO org.springframework.data.repository.config.RepositoryConfigurationDelegate [restartedMain]: Finished Spring Data repository scanning in 132 ms. Found 28 JPA repository interfaces.
2023-06-27 11:21:16,618 INFO org.springframework.boot.web.embedded.tomcat.TomcatWebServer [restartedMain]: Tomcat initialized with port(s): 8085 (http)
2023-06-27 11:21:16,623 INFO org.apache.juli.logging.DirectJDKLog [restartedMain]: Initializing ProtocolHandler ["http-nio-8085"]
2023-06-27 11:21:16,624 INFO org.apache.juli.logging.DirectJDKLog [restartedMain]: Starting service [Tomcat]
2023-06-27 11:21:16,624 INFO org.apache.juli.logging.DirectJDKLog [restartedMain]: Starting Servlet engine: [Apache Tomcat/9.0.71]
2023-06-27 11:21:16,700 INFO org.apache.juli.logging.DirectJDKLog [restartedMain]: Initializing Spring embedded WebApplicationContext
2023-06-27 11:21:16,700 INFO org.springframework.boot.web.servlet.context.ServletWebServerApplicationContext [restartedMain]: Root WebApplicationContext: initialization completed in 1363 ms
2023-06-27 11:21:16,846 INFO org.hibernate.jpa.internal.util.LogHelper [restartedMain]: HHH000204: Processing PersistenceUnitInfo [name: default]
2023-06-27 11:21:16,881 INFO org.hibernate.Version [restartedMain]: HHH000412: Hibernate ORM core version 5.6.15.Final
2023-06-27 11:21:16,969 INFO org.hibernate.annotations.common.reflection.java.JavaReflectionManager [restartedMain]: HCANN000001: Hibernate Commons Annotations {5.1.2.Final}
2023-06-27 11:21:17,042 INFO com.zaxxer.hikari.HikariDataSource [restartedMain]: HikariPool-1 - Starting...
2023-06-27 11:21:17,046 WARN com.zaxxer.hikari.util.DriverDataSource [restartedMain]: Registered driver with driverClassName=oracle.jdbc.driver.OracleDriver was not found, trying direct instantiation.
2023-06-27 11:21:17,262 INFO com.zaxxer.hikari.HikariDataSource [restartedMain]: HikariPool-1 - Start completed.
2023-06-27 11:21:17,274 INFO org.hibernate.dialect.Dialect [restartedMain]: HHH000400: Using dialect: org.hibernate.dialect.Oracle12cDialect
2023-06-27 11:21:18,468 INFO org.hibernate.engine.transaction.jta.platform.internal.JtaPlatformInitiator [restartedMain]: HHH000490: Using JtaPlatform implementation: [org.hibernate.engine.transaction.jta.platform.internal.NoJtaPlatform]
2023-06-27 11:21:18,476 INFO org.springframework.orm.jpa.AbstractEntityManagerFactoryBean [restartedMain]: Initialized JPA EntityManagerFactory for persistence unit 'default'
2023-06-27 11:21:18,906 WARN org.springframework.boot.autoconfigure.orm.jpa.JpaBaseConfiguration$JpaWebConfiguration [restartedMain]: spring.jpa.open-in-view is enabled by default. Therefore, database queries may be performed during view rendering. Explicitly configure spring.jpa.open-in-view to disable this warning
2023-06-27 11:21:19,542 INFO org.springframework.boot.autoconfigure.web.servlet.WelcomePageHandlerMapping [restartedMain]: Adding welcome page template: index
2023-06-27 11:21:19,699 INFO org.springframework.security.web.DefaultSecurityFilterChain [restartedMain]: Will secure any request with [org.springframework.security.web.session.DisableEncodeUrlFilter@400fb32f, org.springframework.security.web.context.request.async.WebAsyncManagerIntegrationFilter@7838fa90, org.springframework.security.web.context.SecurityContextPersistenceFilter@73e09048, org.springframework.security.web.header.HeaderWriterFilter@4677dc6, org.springframework.web.filter.CorsFilter@62d2649f, org.springframework.security.web.authentication.logout.LogoutFilter@2c2d7030, org.springframework.security.web.authentication.UsernamePasswordAuthenticationFilter@4ec6fd04, org.springframework.security.web.authentication.www.BasicAuthenticationFilter@3b3504bd, org.springframework.security.web.savedrequest.RequestCacheAwareFilter@750648cf, org.springframework.security.web.servletapi.SecurityContextHolderAwareRequestFilter@7f850448, org.springframework.security.web.authentication.AnonymousAuthenticationFilter@5347e1f7, org.springframework.security.web.session.SessionManagementFilter@2c3f3020, org.springframework.security.web.access.ExceptionTranslationFilter@56daa75c, org.springframework.security.web.access.intercept.FilterSecurityInterceptor@469e88ab]
2023-06-27 11:21:20,174 INFO org.springframework.boot.devtools.autoconfigure.OptionalLiveReloadServer [restartedMain]: LiveReload server is running on port 35729
2023-06-27 11:21:20,190 INFO org.apache.juli.logging.DirectJDKLog [restartedMain]: Starting ProtocolHandler ["http-nio-8085"]
2023-06-27 11:21:20,203 INFO org.springframework.boot.web.embedded.tomcat.TomcatWebServer [restartedMain]: Tomcat started on port(s): 8085 (http) with context path ''
2023-06-27 11:21:20,212 INFO org.springframework.boot.StartupInfoLogger [restartedMain]: Started FlowieeOfficialApplication in 5.318 seconds (JVM running for 6.532)
2023-06-27 12:38:57,824 INFO org.hibernate.validator.internal.util.Version [background-preinit]: HV000001: Hibernate Validator 6.2.5.Final
2023-06-27 12:38:57,841 INFO org.springframework.boot.StartupInfoLogger [restartedMain]: Starting FlowieeOfficialApplication using Java 19.0.2 on VIETND with PID 15416 (E:\The-Flowiee-Official\FlowieeOfficial\target\classes started by viet0 in E:\The-Flowiee-Official\FlowieeOfficial)
2023-06-27 12:38:57,842 INFO org.springframework.boot.SpringApplication [restartedMain]: No active profile set, falling back to 1 default profile: "default"
2023-06-27 12:38:57,903 INFO org.springframework.boot.logging.DeferredLog [restartedMain]: The Class-Path manifest attribute in C:\Users\viet0\.m2\repository\com\oracle\database\jdbc\ojdbc8\21.5.0.0\ojdbc8-21.5.0.0.jar referenced one or more files that do not exist: file:/C:/Users/viet0/.m2/repository/com/oracle/database/jdbc/ojdbc8/21.5.0.0/oraclepki.jar
2023-06-27 12:38:57,903 INFO org.springframework.boot.logging.DeferredLog [restartedMain]: Devtools property defaults active! Set 'spring.devtools.add-properties' to 'false' to disable
2023-06-27 12:38:57,903 INFO org.springframework.boot.logging.DeferredLog [restartedMain]: For additional web related logging consider setting the 'logging.level.web' property to 'DEBUG'
2023-06-27 12:38:58,544 INFO org.springframework.data.repository.config.RepositoryConfigurationDelegate [restartedMain]: Bootstrapping Spring Data JPA repositories in DEFAULT mode.
2023-06-27 12:38:58,663 INFO org.springframework.data.repository.config.RepositoryConfigurationDelegate [restartedMain]: Finished Spring Data repository scanning in 111 ms. Found 28 JPA repository interfaces.
2023-06-27 12:38:59,126 INFO org.springframework.boot.web.embedded.tomcat.TomcatWebServer [restartedMain]: Tomcat initialized with port(s): 8085 (http)
2023-06-27 12:38:59,132 INFO org.apache.juli.logging.DirectJDKLog [restartedMain]: Initializing ProtocolHandler ["http-nio-8085"]
2023-06-27 12:38:59,133 INFO org.apache.juli.logging.DirectJDKLog [restartedMain]: Starting service [Tomcat]
2023-06-27 12:38:59,133 INFO org.apache.juli.logging.DirectJDKLog [restartedMain]: Starting Servlet engine: [Apache Tomcat/9.0.71]
2023-06-27 12:38:59,204 INFO org.apache.juli.logging.DirectJDKLog [restartedMain]: Initializing Spring embedded WebApplicationContext
2023-06-27 12:38:59,204 INFO org.springframework.boot.web.servlet.context.ServletWebServerApplicationContext [restartedMain]: Root WebApplicationContext: initialization completed in 1300 ms
2023-06-27 12:38:59,337 INFO org.hibernate.jpa.internal.util.LogHelper [restartedMain]: HHH000204: Processing PersistenceUnitInfo [name: default]
2023-06-27 12:38:59,368 INFO org.hibernate.Version [restartedMain]: HHH000412: Hibernate ORM core version 5.6.15.Final
2023-06-27 12:38:59,455 INFO org.hibernate.annotations.common.reflection.java.JavaReflectionManager [restartedMain]: HCANN000001: Hibernate Commons Annotations {5.1.2.Final}
2023-06-27 12:38:59,528 INFO com.zaxxer.hikari.HikariDataSource [restartedMain]: HikariPool-1 - Starting...
2023-06-27 12:38:59,532 WARN com.zaxxer.hikari.util.DriverDataSource [restartedMain]: Registered driver with driverClassName=oracle.jdbc.driver.OracleDriver was not found, trying direct instantiation.
2023-06-27 12:38:59,707 INFO com.zaxxer.hikari.HikariDataSource [restartedMain]: HikariPool-1 - Start completed.
2023-06-27 12:38:59,720 INFO org.hibernate.dialect.Dialect [restartedMain]: HHH000400: Using dialect: org.hibernate.dialect.Oracle12cDialect
2023-06-27 12:39:00,984 INFO org.hibernate.engine.transaction.jta.platform.internal.JtaPlatformInitiator [restartedMain]: HHH000490: Using JtaPlatform implementation: [org.hibernate.engine.transaction.jta.platform.internal.NoJtaPlatform]
2023-06-27 12:39:00,990 INFO org.springframework.orm.jpa.AbstractEntityManagerFactoryBean [restartedMain]: Initialized JPA EntityManagerFactory for persistence unit 'default'
2023-06-27 12:39:01,523 WARN org.springframework.boot.autoconfigure.orm.jpa.JpaBaseConfiguration$JpaWebConfiguration [restartedMain]: spring.jpa.open-in-view is enabled by default. Therefore, database queries may be performed during view rendering. Explicitly configure spring.jpa.open-in-view to disable this warning
2023-06-27 12:39:02,293 INFO org.springframework.boot.autoconfigure.web.servlet.WelcomePageHandlerMapping [restartedMain]: Adding welcome page template: index
2023-06-27 12:39:02,426 INFO org.springframework.security.web.DefaultSecurityFilterChain [restartedMain]: Will secure any request with [org.springframework.security.web.session.DisableEncodeUrlFilter@3a002209, org.springframework.security.web.context.request.async.WebAsyncManagerIntegrationFilter@4b8cc0b8, org.springframework.security.web.context.SecurityContextPersistenceFilter@5ea14edc, org.springframework.security.web.header.HeaderWriterFilter@28265b85, org.springframework.web.filter.CorsFilter@73dba35b, org.springframework.security.web.authentication.logout.LogoutFilter@3f4729ec, org.springframework.security.web.authentication.UsernamePasswordAuthenticationFilter@1430633c, org.springframework.security.web.authentication.www.BasicAuthenticationFilter@1db3f3ea, org.springframework.security.web.savedrequest.RequestCacheAwareFilter@3de5a929, org.springframework.security.web.servletapi.SecurityContextHolderAwareRequestFilter@fc8e0d4, org.springframework.security.web.authentication.AnonymousAuthenticationFilter@3eead3f7, org.springframework.security.web.session.SessionManagementFilter@a63a731, org.springframework.security.web.access.ExceptionTranslationFilter@14266773, org.springframework.security.web.access.intercept.FilterSecurityInterceptor@6884695c]
2023-06-27 12:39:02,904 INFO org.springframework.boot.devtools.autoconfigure.OptionalLiveReloadServer [restartedMain]: LiveReload server is running on port 35729
2023-06-27 12:39:02,924 INFO org.apache.juli.logging.DirectJDKLog [restartedMain]: Starting ProtocolHandler ["http-nio-8085"]
2023-06-27 12:39:02,938 INFO org.springframework.boot.web.embedded.tomcat.TomcatWebServer [restartedMain]: Tomcat started on port(s): 8085 (http) with context path ''
2023-06-27 12:39:02,948 INFO org.springframework.boot.StartupInfoLogger [restartedMain]: Started FlowieeOfficialApplication in 5.481 seconds (JVM running for 7.258)
2023-06-27 13:33:06,199 INFO org.apache.juli.logging.DirectJDKLog [http-nio-8085-exec-1]: Initializing Spring DispatcherServlet 'dispatcherServlet'
2023-06-27 13:33:06,200 INFO org.springframework.web.servlet.FrameworkServlet [http-nio-8085-exec-1]: Initializing Servlet 'dispatcherServlet'
2023-06-27 13:33:06,204 INFO org.springframework.web.servlet.FrameworkServlet [http-nio-8085-exec-1]: Completed initialization in 4 ms
