2023-07-19 22:27:13,214 INFO org.hibernate.validator.internal.util.Version [background-preinit]: HV000001: Hibernate Validator 6.2.5.Final
2023-07-19 22:27:13,246 INFO org.springframework.boot.StartupInfoLogger [restartedMain]: Starting FlowieeOfficialApplication using Java 19.0.2 on VIETND with PID 18836 (E:\The-Flowiee-Official\FlowieeOfficial\target\classes started by viet0 in E:\The-Flowiee-Official\FlowieeOfficial)
2023-07-19 22:27:13,248 INFO org.springframework.boot.SpringApplication [restartedMain]: No active profile set, falling back to 1 default profile: "default"
2023-07-19 22:27:13,314 INFO org.springframework.boot.logging.DeferredLog [restartedMain]: The Class-Path manifest attribute in C:\Users\viet0\.m2\repository\com\oracle\database\jdbc\ojdbc8\21.5.0.0\ojdbc8-21.5.0.0.jar referenced one or more files that do not exist: file:/C:/Users/viet0/.m2/repository/com/oracle/database/jdbc/ojdbc8/21.5.0.0/oraclepki.jar
2023-07-19 22:27:13,314 INFO org.springframework.boot.logging.DeferredLog [restartedMain]: Devtools property defaults active! Set 'spring.devtools.add-properties' to 'false' to disable
2023-07-19 22:27:13,316 INFO org.springframework.boot.logging.DeferredLog [restartedMain]: For additional web related logging consider setting the 'logging.level.web' property to 'DEBUG'
2023-07-19 22:27:15,940 INFO org.springframework.data.repository.config.RepositoryConfigurationDelegate [restartedMain]: Bootstrapping Spring Data JPA repositories in DEFAULT mode.
2023-07-19 22:27:16,146 INFO org.springframework.data.repository.config.RepositoryConfigurationDelegate [restartedMain]: Finished Spring Data repository scanning in 192 ms. Found 29 JPA repository interfaces.
2023-07-19 22:27:17,072 INFO org.springframework.boot.web.embedded.tomcat.TomcatWebServer [restartedMain]: Tomcat initialized with port(s): 8085 (http)
2023-07-19 22:27:17,091 INFO org.apache.juli.logging.DirectJDKLog [restartedMain]: Initializing ProtocolHandler ["http-nio-8085"]
2023-07-19 22:27:17,091 INFO org.apache.juli.logging.DirectJDKLog [restartedMain]: Starting service [Tomcat]
2023-07-19 22:27:17,092 INFO org.apache.juli.logging.DirectJDKLog [restartedMain]: Starting Servlet engine: [Apache Tomcat/9.0.71]
2023-07-19 22:27:17,220 INFO org.apache.juli.logging.DirectJDKLog [restartedMain]: Initializing Spring embedded WebApplicationContext
2023-07-19 22:27:17,220 INFO org.springframework.boot.web.servlet.context.ServletWebServerApplicationContext [restartedMain]: Root WebApplicationContext: initialization completed in 3904 ms
2023-07-19 22:27:17,612 INFO org.hibernate.jpa.internal.util.LogHelper [restartedMain]: HHH000204: Processing PersistenceUnitInfo [name: default]
2023-07-19 22:27:17,683 INFO org.hibernate.Version [restartedMain]: HHH000412: Hibernate ORM core version 5.6.15.Final
2023-07-19 22:27:17,884 INFO org.hibernate.annotations.common.reflection.java.JavaReflectionManager [restartedMain]: HCANN000001: Hibernate Commons Annotations {5.1.2.Final}
2023-07-19 22:27:18,031 INFO com.zaxxer.hikari.HikariDataSource [restartedMain]: HikariPool-1 - Starting...
2023-07-19 22:27:18,042 WARN com.zaxxer.hikari.util.DriverDataSource [restartedMain]: Registered driver with driverClassName=oracle.jdbc.driver.OracleDriver was not found, trying direct instantiation.
2023-07-19 22:27:18,432 INFO com.zaxxer.hikari.HikariDataSource [restartedMain]: HikariPool-1 - Start completed.
2023-07-19 22:27:18,470 INFO org.hibernate.dialect.Dialect [restartedMain]: HHH000400: Using dialect: org.hibernate.dialect.Oracle12cDialect
2023-07-19 22:27:33,859 INFO org.hibernate.engine.transaction.jta.platform.internal.JtaPlatformInitiator [restartedMain]: HHH000490: Using JtaPlatform implementation: [org.hibernate.engine.transaction.jta.platform.internal.NoJtaPlatform]
2023-07-19 22:27:33,872 INFO org.springframework.orm.jpa.AbstractEntityManagerFactoryBean [restartedMain]: Initialized JPA EntityManagerFactory for persistence unit 'default'
2023-07-19 22:27:34,714 WARN org.springframework.boot.autoconfigure.orm.jpa.JpaBaseConfiguration$JpaWebConfiguration [restartedMain]: spring.jpa.open-in-view is enabled by default. Therefore, database queries may be performed during view rendering. Explicitly configure spring.jpa.open-in-view to disable this warning
2023-07-19 22:27:35,623 INFO org.springframework.boot.autoconfigure.web.servlet.WelcomePageHandlerMapping [restartedMain]: Adding welcome page template: index
2023-07-19 22:27:35,854 INFO org.springframework.security.web.DefaultSecurityFilterChain [restartedMain]: Will secure any request with [org.springframework.security.web.session.DisableEncodeUrlFilter@496cd72c, org.springframework.security.web.context.request.async.WebAsyncManagerIntegrationFilter@73651f18, org.springframework.security.web.context.SecurityContextPersistenceFilter@191d1d88, org.springframework.security.web.header.HeaderWriterFilter@4be695db, org.springframework.web.filter.CorsFilter@5bd591c6, org.springframework.security.web.authentication.logout.LogoutFilter@28db4023, org.springframework.security.web.authentication.UsernamePasswordAuthenticationFilter@171fd264, org.springframework.security.web.authentication.www.BasicAuthenticationFilter@78913109, org.springframework.security.web.savedrequest.RequestCacheAwareFilter@6d196fb5, org.springframework.security.web.servletapi.SecurityContextHolderAwareRequestFilter@500cba6a, org.springframework.security.web.authentication.AnonymousAuthenticationFilter@464edca0, org.springframework.security.web.session.SessionManagementFilter@4f4f1ed6, org.springframework.security.web.access.ExceptionTranslationFilter@3d60102b, org.springframework.security.web.access.intercept.FilterSecurityInterceptor@78a27e16]
2023-07-19 22:27:37,537 INFO org.springframework.boot.devtools.autoconfigure.OptionalLiveReloadServer [restartedMain]: LiveReload server is running on port 35729
2023-07-19 22:27:37,550 INFO org.apache.juli.logging.DirectJDKLog [restartedMain]: Starting ProtocolHandler ["http-nio-8085"]
2023-07-19 22:27:37,571 INFO org.springframework.boot.web.embedded.tomcat.TomcatWebServer [restartedMain]: Tomcat started on port(s): 8085 (http) with context path ''
2023-07-19 22:27:37,582 INFO org.springframework.boot.StartupInfoLogger [restartedMain]: Started FlowieeOfficialApplication in 24.991 seconds (JVM running for 26.182)
2023-07-19 22:28:45,859 INFO org.apache.juli.logging.DirectJDKLog [http-nio-8085-exec-1]: Initializing Spring DispatcherServlet 'dispatcherServlet'
2023-07-19 22:28:45,860 INFO org.springframework.web.servlet.FrameworkServlet [http-nio-8085-exec-1]: Initializing Servlet 'dispatcherServlet'
2023-07-19 22:28:45,861 INFO org.springframework.web.servlet.FrameworkServlet [http-nio-8085-exec-1]: Completed initialization in 1 ms
2023-07-19 22:36:24,004 INFO org.hibernate.validator.internal.util.Version [background-preinit]: HV000001: Hibernate Validator 6.2.5.Final
2023-07-19 22:36:24,052 INFO org.springframework.boot.StartupInfoLogger [restartedMain]: Starting FlowieeOfficialApplication using Java 19.0.2 on VIETND with PID 3356 (E:\The-Flowiee-Official\FlowieeOfficial\target\classes started by viet0 in E:\The-Flowiee-Official\FlowieeOfficial)
2023-07-19 22:36:24,054 INFO org.springframework.boot.SpringApplication [restartedMain]: No active profile set, falling back to 1 default profile: "default"
2023-07-19 22:36:24,139 INFO org.springframework.boot.logging.DeferredLog [restartedMain]: The Class-Path manifest attribute in C:\Users\viet0\.m2\repository\com\oracle\database\jdbc\ojdbc8\21.5.0.0\ojdbc8-21.5.0.0.jar referenced one or more files that do not exist: file:/C:/Users/viet0/.m2/repository/com/oracle/database/jdbc/ojdbc8/21.5.0.0/oraclepki.jar
2023-07-19 22:36:24,140 INFO org.springframework.boot.logging.DeferredLog [restartedMain]: Devtools property defaults active! Set 'spring.devtools.add-properties' to 'false' to disable
2023-07-19 22:36:24,140 INFO org.springframework.boot.logging.DeferredLog [restartedMain]: For additional web related logging consider setting the 'logging.level.web' property to 'DEBUG'
2023-07-19 22:36:25,203 INFO org.springframework.data.repository.config.RepositoryConfigurationDelegate [restartedMain]: Bootstrapping Spring Data JPA repositories in DEFAULT mode.
2023-07-19 22:36:25,445 INFO org.springframework.data.repository.config.RepositoryConfigurationDelegate [restartedMain]: Finished Spring Data repository scanning in 230 ms. Found 29 JPA repository interfaces.
2023-07-19 22:36:26,469 INFO org.springframework.boot.web.embedded.tomcat.TomcatWebServer [restartedMain]: Tomcat initialized with port(s): 8085 (http)
2023-07-19 22:36:26,482 INFO org.apache.juli.logging.DirectJDKLog [restartedMain]: Initializing ProtocolHandler ["http-nio-8085"]
2023-07-19 22:36:26,483 INFO org.apache.juli.logging.DirectJDKLog [restartedMain]: Starting service [Tomcat]
2023-07-19 22:36:26,483 INFO org.apache.juli.logging.DirectJDKLog [restartedMain]: Starting Servlet engine: [Apache Tomcat/9.0.71]
2023-07-19 22:36:26,604 INFO org.apache.juli.logging.DirectJDKLog [restartedMain]: Initializing Spring embedded WebApplicationContext
2023-07-19 22:36:26,604 INFO org.springframework.boot.web.servlet.context.ServletWebServerApplicationContext [restartedMain]: Root WebApplicationContext: initialization completed in 2463 ms
2023-07-19 22:36:26,990 INFO org.hibernate.jpa.internal.util.LogHelper [restartedMain]: HHH000204: Processing PersistenceUnitInfo [name: default]
2023-07-19 22:36:27,078 INFO org.hibernate.Version [restartedMain]: HHH000412: Hibernate ORM core version 5.6.15.Final
2023-07-19 22:36:27,297 INFO org.hibernate.annotations.common.reflection.java.JavaReflectionManager [restartedMain]: HCANN000001: Hibernate Commons Annotations {5.1.2.Final}
2023-07-19 22:36:27,448 INFO com.zaxxer.hikari.HikariDataSource [restartedMain]: HikariPool-1 - Starting...
2023-07-19 22:36:27,464 WARN com.zaxxer.hikari.util.DriverDataSource [restartedMain]: Registered driver with driverClassName=oracle.jdbc.driver.OracleDriver was not found, trying direct instantiation.
2023-07-19 22:36:28,169 INFO com.zaxxer.hikari.HikariDataSource [restartedMain]: HikariPool-1 - Start completed.
2023-07-19 22:36:28,225 INFO org.hibernate.dialect.Dialect [restartedMain]: HHH000400: Using dialect: org.hibernate.dialect.Oracle12cDialect
2023-07-19 22:36:30,551 INFO org.hibernate.engine.transaction.jta.platform.internal.JtaPlatformInitiator [restartedMain]: HHH000490: Using JtaPlatform implementation: [org.hibernate.engine.transaction.jta.platform.internal.NoJtaPlatform]
2023-07-19 22:36:30,561 INFO org.springframework.orm.jpa.AbstractEntityManagerFactoryBean [restartedMain]: Initialized JPA EntityManagerFactory for persistence unit 'default'
2023-07-19 22:36:31,329 WARN org.springframework.boot.autoconfigure.orm.jpa.JpaBaseConfiguration$JpaWebConfiguration [restartedMain]: spring.jpa.open-in-view is enabled by default. Therefore, database queries may be performed during view rendering. Explicitly configure spring.jpa.open-in-view to disable this warning
2023-07-19 22:36:32,292 INFO org.springframework.boot.autoconfigure.web.servlet.WelcomePageHandlerMapping [restartedMain]: Adding welcome page template: index
2023-07-19 22:36:32,522 INFO org.springframework.security.web.DefaultSecurityFilterChain [restartedMain]: Will secure any request with [org.springframework.security.web.session.DisableEncodeUrlFilter@344dc693, org.springframework.security.web.context.request.async.WebAsyncManagerIntegrationFilter@597f3f8f, org.springframework.security.web.context.SecurityContextPersistenceFilter@5289fc1c, org.springframework.security.web.header.HeaderWriterFilter@20ecbeca, org.springframework.web.filter.CorsFilter@763e4045, org.springframework.security.web.authentication.logout.LogoutFilter@694f3b3a, org.springframework.security.web.authentication.UsernamePasswordAuthenticationFilter@64c7801c, org.springframework.security.web.authentication.www.BasicAuthenticationFilter@6084b5e2, org.springframework.security.web.savedrequest.RequestCacheAwareFilter@455e8ca1, org.springframework.security.web.servletapi.SecurityContextHolderAwareRequestFilter@3e30d0fb, org.springframework.security.web.authentication.AnonymousAuthenticationFilter@1dc19c24, org.springframework.security.web.session.SessionManagementFilter@7075d7d5, org.springframework.security.web.access.ExceptionTranslationFilter@48817830, org.springframework.security.web.access.intercept.FilterSecurityInterceptor@381db0f]
2023-07-19 22:36:33,216 INFO org.springframework.boot.devtools.autoconfigure.OptionalLiveReloadServer [restartedMain]: LiveReload server is running on port 35729
2023-07-19 22:36:33,231 INFO org.apache.juli.logging.DirectJDKLog [restartedMain]: Starting ProtocolHandler ["http-nio-8085"]
2023-07-19 22:36:33,251 INFO org.springframework.boot.web.embedded.tomcat.TomcatWebServer [restartedMain]: Tomcat started on port(s): 8085 (http) with context path ''
2023-07-19 22:36:33,264 INFO org.springframework.boot.StartupInfoLogger [restartedMain]: Started FlowieeOfficialApplication in 9.855 seconds (JVM running for 10.877)
2023-07-19 22:45:40,409 INFO org.hibernate.validator.internal.util.Version [background-preinit]: HV000001: Hibernate Validator 6.2.5.Final
2023-07-19 22:45:40,439 INFO org.springframework.boot.StartupInfoLogger [restartedMain]: Starting FlowieeOfficialApplication using Java 19.0.2 on VIETND with PID 13208 (E:\The-Flowiee-Official\FlowieeOfficial\target\classes started by viet0 in E:\The-Flowiee-Official\FlowieeOfficial)
2023-07-19 22:45:40,441 INFO org.springframework.boot.SpringApplication [restartedMain]: No active profile set, falling back to 1 default profile: "default"
2023-07-19 22:45:40,508 INFO org.springframework.boot.logging.DeferredLog [restartedMain]: The Class-Path manifest attribute in C:\Users\viet0\.m2\repository\com\oracle\database\jdbc\ojdbc8\21.5.0.0\ojdbc8-21.5.0.0.jar referenced one or more files that do not exist: file:/C:/Users/viet0/.m2/repository/com/oracle/database/jdbc/ojdbc8/21.5.0.0/oraclepki.jar
2023-07-19 22:45:40,508 INFO org.springframework.boot.logging.DeferredLog [restartedMain]: Devtools property defaults active! Set 'spring.devtools.add-properties' to 'false' to disable
2023-07-19 22:45:40,510 INFO org.springframework.boot.logging.DeferredLog [restartedMain]: For additional web related logging consider setting the 'logging.level.web' property to 'DEBUG'
2023-07-19 22:45:41,438 INFO org.springframework.data.repository.config.RepositoryConfigurationDelegate [restartedMain]: Bootstrapping Spring Data JPA repositories in DEFAULT mode.
2023-07-19 22:45:41,628 INFO org.springframework.data.repository.config.RepositoryConfigurationDelegate [restartedMain]: Finished Spring Data repository scanning in 177 ms. Found 29 JPA repository interfaces.
2023-07-19 22:45:42,442 INFO org.springframework.boot.web.embedded.tomcat.TomcatWebServer [restartedMain]: Tomcat initialized with port(s): 8085 (http)
2023-07-19 22:45:42,456 INFO org.apache.juli.logging.DirectJDKLog [restartedMain]: Initializing ProtocolHandler ["http-nio-8085"]
2023-07-19 22:45:42,458 INFO org.apache.juli.logging.DirectJDKLog [restartedMain]: Starting service [Tomcat]
2023-07-19 22:45:42,458 INFO org.apache.juli.logging.DirectJDKLog [restartedMain]: Starting Servlet engine: [Apache Tomcat/9.0.71]
2023-07-19 22:45:42,560 INFO org.apache.juli.logging.DirectJDKLog [restartedMain]: Initializing Spring embedded WebApplicationContext
2023-07-19 22:45:42,560 INFO org.springframework.boot.web.servlet.context.ServletWebServerApplicationContext [restartedMain]: Root WebApplicationContext: initialization completed in 2050 ms
2023-07-19 22:45:42,870 INFO org.hibernate.jpa.internal.util.LogHelper [restartedMain]: HHH000204: Processing PersistenceUnitInfo [name: default]
2023-07-19 22:45:42,942 INFO org.hibernate.Version [restartedMain]: HHH000412: Hibernate ORM core version 5.6.15.Final
2023-07-19 22:45:43,126 INFO org.hibernate.annotations.common.reflection.java.JavaReflectionManager [restartedMain]: HCANN000001: Hibernate Commons Annotations {5.1.2.Final}
2023-07-19 22:45:43,240 INFO com.zaxxer.hikari.HikariDataSource [restartedMain]: HikariPool-1 - Starting...
2023-07-19 22:45:43,254 WARN com.zaxxer.hikari.util.DriverDataSource [restartedMain]: Registered driver with driverClassName=oracle.jdbc.driver.OracleDriver was not found, trying direct instantiation.
2023-07-19 22:45:43,560 INFO com.zaxxer.hikari.HikariDataSource [restartedMain]: HikariPool-1 - Start completed.
2023-07-19 22:45:43,590 INFO org.hibernate.dialect.Dialect [restartedMain]: HHH000400: Using dialect: org.hibernate.dialect.Oracle12cDialect
2023-07-19 22:45:45,219 INFO org.hibernate.engine.transaction.jta.platform.internal.JtaPlatformInitiator [restartedMain]: HHH000490: Using JtaPlatform implementation: [org.hibernate.engine.transaction.jta.platform.internal.NoJtaPlatform]
2023-07-19 22:45:45,228 INFO org.springframework.orm.jpa.AbstractEntityManagerFactoryBean [restartedMain]: Initialized JPA EntityManagerFactory for persistence unit 'default'
2023-07-19 22:45:45,991 WARN org.springframework.boot.autoconfigure.orm.jpa.JpaBaseConfiguration$JpaWebConfiguration [restartedMain]: spring.jpa.open-in-view is enabled by default. Therefore, database queries may be performed during view rendering. Explicitly configure spring.jpa.open-in-view to disable this warning
2023-07-19 22:45:46,702 INFO org.springframework.boot.autoconfigure.web.servlet.WelcomePageHandlerMapping [restartedMain]: Adding welcome page template: index
2023-07-19 22:45:46,900 INFO org.springframework.security.web.DefaultSecurityFilterChain [restartedMain]: Will secure any request with [org.springframework.security.web.session.DisableEncodeUrlFilter@2792fd14, org.springframework.security.web.context.request.async.WebAsyncManagerIntegrationFilter@515c7d85, org.springframework.security.web.context.SecurityContextPersistenceFilter@224f20df, org.springframework.security.web.header.HeaderWriterFilter@1a00e1c3, org.springframework.web.filter.CorsFilter@15e520a2, org.springframework.security.web.authentication.logout.LogoutFilter@6e1eaf14, org.springframework.security.web.authentication.UsernamePasswordAuthenticationFilter@64c0ff4d, org.springframework.security.web.authentication.www.BasicAuthenticationFilter@10b49bc3, org.springframework.security.web.savedrequest.RequestCacheAwareFilter@4f620fd6, org.springframework.security.web.servletapi.SecurityContextHolderAwareRequestFilter@70df392, org.springframework.security.web.authentication.AnonymousAuthenticationFilter@66eba15d, org.springframework.security.web.session.SessionManagementFilter@2ee54982, org.springframework.security.web.access.ExceptionTranslationFilter@6bf5a569, org.springframework.security.web.access.intercept.FilterSecurityInterceptor@6765a333]
2023-07-19 22:45:47,502 INFO org.springframework.boot.devtools.autoconfigure.OptionalLiveReloadServer [restartedMain]: LiveReload server is running on port 35729
2023-07-19 22:45:47,517 INFO org.apache.juli.logging.DirectJDKLog [restartedMain]: Starting ProtocolHandler ["http-nio-8085"]
2023-07-19 22:45:47,536 INFO org.springframework.boot.web.embedded.tomcat.TomcatWebServer [restartedMain]: Tomcat started on port(s): 8085 (http) with context path ''
2023-07-19 22:45:47,549 INFO org.springframework.boot.StartupInfoLogger [restartedMain]: Started FlowieeOfficialApplication in 7.667 seconds (JVM running for 8.461)
2023-07-19 22:45:56,035 INFO org.apache.juli.logging.DirectJDKLog [http-nio-8085-exec-1]: Initializing Spring DispatcherServlet 'dispatcherServlet'
2023-07-19 22:45:56,035 INFO org.springframework.web.servlet.FrameworkServlet [http-nio-8085-exec-1]: Initializing Servlet 'dispatcherServlet'
2023-07-19 22:45:56,036 INFO org.springframework.web.servlet.FrameworkServlet [http-nio-8085-exec-1]: Completed initialization in 1 ms
2023-07-19 22:50:13,323 INFO org.hibernate.validator.internal.util.Version [background-preinit]: HV000001: Hibernate Validator 6.2.5.Final
2023-07-19 22:50:13,358 INFO org.springframework.boot.StartupInfoLogger [restartedMain]: Starting FlowieeOfficialApplication using Java 19.0.2 on VIETND with PID 3756 (E:\The-Flowiee-Official\FlowieeOfficial\target\classes started by viet0 in E:\The-Flowiee-Official\FlowieeOfficial)
2023-07-19 22:50:13,359 INFO org.springframework.boot.SpringApplication [restartedMain]: No active profile set, falling back to 1 default profile: "default"
2023-07-19 22:50:13,419 INFO org.springframework.boot.logging.DeferredLog [restartedMain]: The Class-Path manifest attribute in C:\Users\viet0\.m2\repository\com\oracle\database\jdbc\ojdbc8\21.5.0.0\ojdbc8-21.5.0.0.jar referenced one or more files that do not exist: file:/C:/Users/viet0/.m2/repository/com/oracle/database/jdbc/ojdbc8/21.5.0.0/oraclepki.jar
2023-07-19 22:50:13,419 INFO org.springframework.boot.logging.DeferredLog [restartedMain]: Devtools property defaults active! Set 'spring.devtools.add-properties' to 'false' to disable
2023-07-19 22:50:13,419 INFO org.springframework.boot.logging.DeferredLog [restartedMain]: For additional web related logging consider setting the 'logging.level.web' property to 'DEBUG'
2023-07-19 22:50:14,416 INFO org.springframework.data.repository.config.RepositoryConfigurationDelegate [restartedMain]: Bootstrapping Spring Data JPA repositories in DEFAULT mode.
2023-07-19 22:50:14,613 INFO org.springframework.data.repository.config.RepositoryConfigurationDelegate [restartedMain]: Finished Spring Data repository scanning in 184 ms. Found 29 JPA repository interfaces.
2023-07-19 22:50:15,470 INFO org.springframework.boot.web.embedded.tomcat.TomcatWebServer [restartedMain]: Tomcat initialized with port(s): 8085 (http)
2023-07-19 22:50:15,484 INFO org.apache.juli.logging.DirectJDKLog [restartedMain]: Initializing ProtocolHandler ["http-nio-8085"]
2023-07-19 22:50:15,485 INFO org.apache.juli.logging.DirectJDKLog [restartedMain]: Starting service [Tomcat]
2023-07-19 22:50:15,485 INFO org.apache.juli.logging.DirectJDKLog [restartedMain]: Starting Servlet engine: [Apache Tomcat/9.0.71]
2023-07-19 22:50:15,591 INFO org.apache.juli.logging.DirectJDKLog [restartedMain]: Initializing Spring embedded WebApplicationContext
2023-07-19 22:50:15,591 INFO org.springframework.boot.web.servlet.context.ServletWebServerApplicationContext [restartedMain]: Root WebApplicationContext: initialization completed in 2171 ms
2023-07-19 22:50:15,909 INFO org.hibernate.jpa.internal.util.LogHelper [restartedMain]: HHH000204: Processing PersistenceUnitInfo [name: default]
2023-07-19 22:50:15,974 INFO org.hibernate.Version [restartedMain]: HHH000412: Hibernate ORM core version 5.6.15.Final
2023-07-19 22:50:16,165 INFO org.hibernate.annotations.common.reflection.java.JavaReflectionManager [restartedMain]: HCANN000001: Hibernate Commons Annotations {5.1.2.Final}
2023-07-19 22:50:16,279 INFO com.zaxxer.hikari.HikariDataSource [restartedMain]: HikariPool-1 - Starting...
2023-07-19 22:50:16,288 WARN com.zaxxer.hikari.util.DriverDataSource [restartedMain]: Registered driver with driverClassName=oracle.jdbc.driver.OracleDriver was not found, trying direct instantiation.
2023-07-19 22:50:16,688 INFO com.zaxxer.hikari.HikariDataSource [restartedMain]: HikariPool-1 - Start completed.
2023-07-19 22:50:16,716 INFO org.hibernate.dialect.Dialect [restartedMain]: HHH000400: Using dialect: org.hibernate.dialect.Oracle12cDialect
2023-07-19 22:50:18,339 INFO org.hibernate.engine.transaction.jta.platform.internal.JtaPlatformInitiator [restartedMain]: HHH000490: Using JtaPlatform implementation: [org.hibernate.engine.transaction.jta.platform.internal.NoJtaPlatform]
2023-07-19 22:50:18,347 INFO org.springframework.orm.jpa.AbstractEntityManagerFactoryBean [restartedMain]: Initialized JPA EntityManagerFactory for persistence unit 'default'
2023-07-19 22:50:18,351 INFO org.springframework.beans.factory.annotation.AutowiredAnnotationBeanPostProcessor [restartedMain]: Autowired annotation is not supported on static fields: private static com.flowiee.app.hethong.service.MailService com.flowiee.FlowieeOfficialApplication.mailService
2023-07-19 22:50:19,045 WARN org.springframework.boot.autoconfigure.orm.jpa.JpaBaseConfiguration$JpaWebConfiguration [restartedMain]: spring.jpa.open-in-view is enabled by default. Therefore, database queries may be performed during view rendering. Explicitly configure spring.jpa.open-in-view to disable this warning
2023-07-19 22:50:19,809 INFO org.springframework.boot.autoconfigure.web.servlet.WelcomePageHandlerMapping [restartedMain]: Adding welcome page template: index
2023-07-19 22:50:20,051 INFO org.springframework.security.web.DefaultSecurityFilterChain [restartedMain]: Will secure any request with [org.springframework.security.web.session.DisableEncodeUrlFilter@4ff201d4, org.springframework.security.web.context.request.async.WebAsyncManagerIntegrationFilter@64c0ff4d, org.springframework.security.web.context.SecurityContextPersistenceFilter@54d08fb1, org.springframework.security.web.header.HeaderWriterFilter@493a59b4, org.springframework.web.filter.CorsFilter@6846955, org.springframework.security.web.authentication.logout.LogoutFilter@1df322db, org.springframework.security.web.authentication.UsernamePasswordAuthenticationFilter@286dbb06, org.springframework.security.web.authentication.www.BasicAuthenticationFilter@6765a333, org.springframework.security.web.savedrequest.RequestCacheAwareFilter@34a20382, org.springframework.security.web.servletapi.SecurityContextHolderAwareRequestFilter@adf1a10, org.springframework.security.web.authentication.AnonymousAuthenticationFilter@2154f887, org.springframework.security.web.session.SessionManagementFilter@4f6ff492, org.springframework.security.web.access.ExceptionTranslationFilter@4b3f846a, org.springframework.security.web.access.intercept.FilterSecurityInterceptor@139f5a94]
2023-07-19 22:50:20,682 INFO org.springframework.boot.devtools.autoconfigure.OptionalLiveReloadServer [restartedMain]: LiveReload server is running on port 35729
2023-07-19 22:50:20,699 INFO org.apache.juli.logging.DirectJDKLog [restartedMain]: Starting ProtocolHandler ["http-nio-8085"]
2023-07-19 22:50:20,731 INFO org.springframework.boot.web.embedded.tomcat.TomcatWebServer [restartedMain]: Tomcat started on port(s): 8085 (http) with context path ''
2023-07-19 22:50:20,742 INFO org.springframework.boot.StartupInfoLogger [restartedMain]: Started FlowieeOfficialApplication in 7.86 seconds (JVM running for 8.742)
2023-07-19 22:50:55,057 INFO org.hibernate.validator.internal.util.Version [background-preinit]: HV000001: Hibernate Validator 6.2.5.Final
2023-07-19 22:50:55,086 INFO org.springframework.boot.StartupInfoLogger [restartedMain]: Starting FlowieeOfficialApplication using Java 19.0.2 on VIETND with PID 18844 (E:\The-Flowiee-Official\FlowieeOfficial\target\classes started by viet0 in E:\The-Flowiee-Official\FlowieeOfficial)
2023-07-19 22:50:55,087 INFO org.springframework.boot.SpringApplication [restartedMain]: No active profile set, falling back to 1 default profile: "default"
2023-07-19 22:50:55,149 INFO org.springframework.boot.logging.DeferredLog [restartedMain]: The Class-Path manifest attribute in C:\Users\viet0\.m2\repository\com\oracle\database\jdbc\ojdbc8\21.5.0.0\ojdbc8-21.5.0.0.jar referenced one or more files that do not exist: file:/C:/Users/viet0/.m2/repository/com/oracle/database/jdbc/ojdbc8/21.5.0.0/oraclepki.jar
2023-07-19 22:50:55,149 INFO org.springframework.boot.logging.DeferredLog [restartedMain]: Devtools property defaults active! Set 'spring.devtools.add-properties' to 'false' to disable
2023-07-19 22:50:55,149 INFO org.springframework.boot.logging.DeferredLog [restartedMain]: For additional web related logging consider setting the 'logging.level.web' property to 'DEBUG'
2023-07-19 22:50:56,064 INFO org.springframework.data.repository.config.RepositoryConfigurationDelegate [restartedMain]: Bootstrapping Spring Data JPA repositories in DEFAULT mode.
2023-07-19 22:50:56,257 INFO org.springframework.data.repository.config.RepositoryConfigurationDelegate [restartedMain]: Finished Spring Data repository scanning in 180 ms. Found 29 JPA repository interfaces.
2023-07-19 22:50:57,104 INFO org.springframework.boot.web.embedded.tomcat.TomcatWebServer [restartedMain]: Tomcat initialized with port(s): 8085 (http)
2023-07-19 22:50:57,121 INFO org.apache.juli.logging.DirectJDKLog [restartedMain]: Initializing ProtocolHandler ["http-nio-8085"]
2023-07-19 22:50:57,122 INFO org.apache.juli.logging.DirectJDKLog [restartedMain]: Starting service [Tomcat]
2023-07-19 22:50:57,122 INFO org.apache.juli.logging.DirectJDKLog [restartedMain]: Starting Servlet engine: [Apache Tomcat/9.0.71]
2023-07-19 22:50:57,252 INFO org.apache.juli.logging.DirectJDKLog [restartedMain]: Initializing Spring embedded WebApplicationContext
2023-07-19 22:50:57,253 INFO org.springframework.boot.web.servlet.context.ServletWebServerApplicationContext [restartedMain]: Root WebApplicationContext: initialization completed in 2103 ms
2023-07-19 22:50:57,630 INFO org.hibernate.jpa.internal.util.LogHelper [restartedMain]: HHH000204: Processing PersistenceUnitInfo [name: default]
2023-07-19 22:50:57,703 INFO org.hibernate.Version [restartedMain]: HHH000412: Hibernate ORM core version 5.6.15.Final
2023-07-19 22:50:57,924 INFO org.hibernate.annotations.common.reflection.java.JavaReflectionManager [restartedMain]: HCANN000001: Hibernate Commons Annotations {5.1.2.Final}
2023-07-19 22:50:58,046 INFO com.zaxxer.hikari.HikariDataSource [restartedMain]: HikariPool-1 - Starting...
2023-07-19 22:50:58,058 WARN com.zaxxer.hikari.util.DriverDataSource [restartedMain]: Registered driver with driverClassName=oracle.jdbc.driver.OracleDriver was not found, trying direct instantiation.
2023-07-19 22:50:58,392 INFO com.zaxxer.hikari.HikariDataSource [restartedMain]: HikariPool-1 - Start completed.
2023-07-19 22:50:58,422 INFO org.hibernate.dialect.Dialect [restartedMain]: HHH000400: Using dialect: org.hibernate.dialect.Oracle12cDialect
2023-07-19 22:51:00,236 INFO org.hibernate.engine.transaction.jta.platform.internal.JtaPlatformInitiator [restartedMain]: HHH000490: Using JtaPlatform implementation: [org.hibernate.engine.transaction.jta.platform.internal.NoJtaPlatform]
2023-07-19 22:51:00,250 INFO org.springframework.orm.jpa.AbstractEntityManagerFactoryBean [restartedMain]: Initialized JPA EntityManagerFactory for persistence unit 'default'
2023-07-19 22:51:01,314 WARN org.springframework.boot.autoconfigure.orm.jpa.JpaBaseConfiguration$JpaWebConfiguration [restartedMain]: spring.jpa.open-in-view is enabled by default. Therefore, database queries may be performed during view rendering. Explicitly configure spring.jpa.open-in-view to disable this warning
2023-07-19 22:51:02,157 INFO org.springframework.boot.autoconfigure.web.servlet.WelcomePageHandlerMapping [restartedMain]: Adding welcome page template: index
2023-07-19 22:51:02,379 INFO org.springframework.security.web.DefaultSecurityFilterChain [restartedMain]: Will secure any request with [org.springframework.security.web.session.DisableEncodeUrlFilter@4bed8e16, org.springframework.security.web.context.request.async.WebAsyncManagerIntegrationFilter@45cf69cb, org.springframework.security.web.context.SecurityContextPersistenceFilter@1f6df399, org.springframework.security.web.header.HeaderWriterFilter@1df322db, org.springframework.web.filter.CorsFilter@5d1aa1, org.springframework.security.web.authentication.logout.LogoutFilter@59eb3897, org.springframework.security.web.authentication.UsernamePasswordAuthenticationFilter@66eba15d, org.springframework.security.web.authentication.www.BasicAuthenticationFilter@28d6990c, org.springframework.security.web.savedrequest.RequestCacheAwareFilter@4f632796, org.springframework.security.web.servletapi.SecurityContextHolderAwareRequestFilter@7d342cbc, org.springframework.security.web.authentication.AnonymousAuthenticationFilter@2c066eb7, org.springframework.security.web.session.SessionManagementFilter@181707d3, org.springframework.security.web.access.ExceptionTranslationFilter@5f265acc, org.springframework.security.web.access.intercept.FilterSecurityInterceptor@24ac1a26]
2023-07-19 22:51:02,980 INFO org.springframework.boot.devtools.autoconfigure.OptionalLiveReloadServer [restartedMain]: LiveReload server is running on port 35729
2023-07-19 22:51:02,992 INFO org.apache.juli.logging.DirectJDKLog [restartedMain]: Starting ProtocolHandler ["http-nio-8085"]
2023-07-19 22:51:03,013 INFO org.springframework.boot.web.embedded.tomcat.TomcatWebServer [restartedMain]: Tomcat started on port(s): 8085 (http) with context path ''
2023-07-19 22:51:03,027 INFO org.springframework.boot.StartupInfoLogger [restartedMain]: Started FlowieeOfficialApplication in 8.41 seconds (JVM running for 9.181)
2023-07-19 22:51:03,184 INFO org.apache.juli.logging.DirectJDKLog [http-nio-8085-exec-1]: Initializing Spring DispatcherServlet 'dispatcherServlet'
2023-07-19 22:51:03,184 INFO org.springframework.web.servlet.FrameworkServlet [http-nio-8085-exec-1]: Initializing Servlet 'dispatcherServlet'
2023-07-19 22:51:03,185 INFO org.springframework.web.servlet.FrameworkServlet [http-nio-8085-exec-1]: Completed initialization in 1 ms
2023-07-19 22:52:28,966 INFO org.hibernate.validator.internal.util.Version [background-preinit]: HV000001: Hibernate Validator 6.2.5.Final
2023-07-19 22:52:28,997 INFO org.springframework.boot.StartupInfoLogger [restartedMain]: Starting FlowieeOfficialApplication using Java 19.0.2 on VIETND with PID 11040 (E:\The-Flowiee-Official\FlowieeOfficial\target\classes started by viet0 in E:\The-Flowiee-Official\FlowieeOfficial)
2023-07-19 22:52:28,998 INFO org.springframework.boot.SpringApplication [restartedMain]: No active profile set, falling back to 1 default profile: "default"
2023-07-19 22:52:29,072 INFO org.springframework.boot.logging.DeferredLog [restartedMain]: The Class-Path manifest attribute in C:\Users\viet0\.m2\repository\com\oracle\database\jdbc\ojdbc8\21.5.0.0\ojdbc8-21.5.0.0.jar referenced one or more files that do not exist: file:/C:/Users/viet0/.m2/repository/com/oracle/database/jdbc/ojdbc8/21.5.0.0/oraclepki.jar
2023-07-19 22:52:29,072 INFO org.springframework.boot.logging.DeferredLog [restartedMain]: Devtools property defaults active! Set 'spring.devtools.add-properties' to 'false' to disable
2023-07-19 22:52:29,072 INFO org.springframework.boot.logging.DeferredLog [restartedMain]: For additional web related logging consider setting the 'logging.level.web' property to 'DEBUG'
2023-07-19 22:52:30,116 INFO org.springframework.data.repository.config.RepositoryConfigurationDelegate [restartedMain]: Bootstrapping Spring Data JPA repositories in DEFAULT mode.
2023-07-19 22:52:30,367 INFO org.springframework.data.repository.config.RepositoryConfigurationDelegate [restartedMain]: Finished Spring Data repository scanning in 234 ms. Found 29 JPA repository interfaces.
2023-07-19 22:52:31,321 INFO org.springframework.boot.web.embedded.tomcat.TomcatWebServer [restartedMain]: Tomcat initialized with port(s): 8085 (http)
2023-07-19 22:52:31,338 INFO org.apache.juli.logging.DirectJDKLog [restartedMain]: Initializing ProtocolHandler ["http-nio-8085"]
2023-07-19 22:52:31,339 INFO org.apache.juli.logging.DirectJDKLog [restartedMain]: Starting service [Tomcat]
2023-07-19 22:52:31,340 INFO org.apache.juli.logging.DirectJDKLog [restartedMain]: Starting Servlet engine: [Apache Tomcat/9.0.71]
2023-07-19 22:52:31,513 INFO org.apache.juli.logging.DirectJDKLog [restartedMain]: Initializing Spring embedded WebApplicationContext
2023-07-19 22:52:31,514 INFO org.springframework.boot.web.servlet.context.ServletWebServerApplicationContext [restartedMain]: Root WebApplicationContext: initialization completed in 2440 ms
2023-07-19 22:52:31,904 INFO org.hibernate.jpa.internal.util.LogHelper [restartedMain]: HHH000204: Processing PersistenceUnitInfo [name: default]
2023-07-19 22:52:31,979 INFO org.hibernate.Version [restartedMain]: HHH000412: Hibernate ORM core version 5.6.15.Final
2023-07-19 22:52:32,190 INFO org.hibernate.annotations.common.reflection.java.JavaReflectionManager [restartedMain]: HCANN000001: Hibernate Commons Annotations {5.1.2.Final}
2023-07-19 22:52:32,326 INFO com.zaxxer.hikari.HikariDataSource [restartedMain]: HikariPool-1 - Starting...
2023-07-19 22:52:32,339 WARN com.zaxxer.hikari.util.DriverDataSource [restartedMain]: Registered driver with driverClassName=oracle.jdbc.driver.OracleDriver was not found, trying direct instantiation.
2023-07-19 22:52:32,736 INFO com.zaxxer.hikari.HikariDataSource [restartedMain]: HikariPool-1 - Start completed.
2023-07-19 22:52:32,781 INFO org.hibernate.dialect.Dialect [restartedMain]: HHH000400: Using dialect: org.hibernate.dialect.Oracle12cDialect
2023-07-19 22:52:35,156 INFO org.hibernate.engine.transaction.jta.platform.internal.JtaPlatformInitiator [restartedMain]: HHH000490: Using JtaPlatform implementation: [org.hibernate.engine.transaction.jta.platform.internal.NoJtaPlatform]
2023-07-19 22:52:35,169 INFO org.springframework.orm.jpa.AbstractEntityManagerFactoryBean [restartedMain]: Initialized JPA EntityManagerFactory for persistence unit 'default'
2023-07-19 22:52:36,222 WARN org.springframework.boot.autoconfigure.orm.jpa.JpaBaseConfiguration$JpaWebConfiguration [restartedMain]: spring.jpa.open-in-view is enabled by default. Therefore, database queries may be performed during view rendering. Explicitly configure spring.jpa.open-in-view to disable this warning
2023-07-19 22:52:37,324 INFO org.springframework.boot.autoconfigure.web.servlet.WelcomePageHandlerMapping [restartedMain]: Adding welcome page template: index
2023-07-19 22:52:37,553 INFO org.springframework.security.web.DefaultSecurityFilterChain [restartedMain]: Will secure any request with [org.springframework.security.web.session.DisableEncodeUrlFilter@4a331222, org.springframework.security.web.context.request.async.WebAsyncManagerIntegrationFilter@35a1d1db, org.springframework.security.web.context.SecurityContextPersistenceFilter@16beaa63, org.springframework.security.web.header.HeaderWriterFilter@ef9f524, org.springframework.web.filter.CorsFilter@6ad20cee, org.springframework.security.web.authentication.logout.LogoutFilter@3d3ab454, org.springframework.security.web.authentication.UsernamePasswordAuthenticationFilter@47ceacc3, org.springframework.security.web.authentication.www.BasicAuthenticationFilter@237a221c, org.springframework.security.web.savedrequest.RequestCacheAwareFilter@7e26a5f9, org.springframework.security.web.servletapi.SecurityContextHolderAwareRequestFilter@6c1b90ba, org.springframework.security.web.authentication.AnonymousAuthenticationFilter@ff330b8, org.springframework.security.web.session.SessionManagementFilter@12327212, org.springframework.security.web.access.ExceptionTranslationFilter@15ed6a7e, org.springframework.security.web.access.intercept.FilterSecurityInterceptor@76fd6a21]
2023-07-19 22:52:38,233 INFO org.springframework.boot.devtools.autoconfigure.OptionalLiveReloadServer [restartedMain]: LiveReload server is running on port 35729
2023-07-19 22:52:38,259 INFO org.apache.juli.logging.DirectJDKLog [restartedMain]: Starting ProtocolHandler ["http-nio-8085"]
2023-07-19 22:52:38,287 INFO org.springframework.boot.web.embedded.tomcat.TomcatWebServer [restartedMain]: Tomcat started on port(s): 8085 (http) with context path ''
2023-07-19 22:52:38,308 INFO org.springframework.boot.StartupInfoLogger [restartedMain]: Started FlowieeOfficialApplication in 9.84 seconds (JVM running for 10.732)
2023-07-19 22:53:45,413 INFO org.apache.juli.logging.DirectJDKLog [http-nio-8085-exec-1]: Initializing Spring DispatcherServlet 'dispatcherServlet'
2023-07-19 22:53:45,413 INFO org.springframework.web.servlet.FrameworkServlet [http-nio-8085-exec-1]: Initializing Servlet 'dispatcherServlet'
2023-07-19 22:53:45,414 INFO org.springframework.web.servlet.FrameworkServlet [http-nio-8085-exec-1]: Completed initialization in 1 ms
2023-07-19 23:01:08,776 INFO org.hibernate.validator.internal.util.Version [background-preinit]: HV000001: Hibernate Validator 6.2.5.Final
2023-07-19 23:01:08,827 INFO org.springframework.boot.StartupInfoLogger [restartedMain]: Starting FlowieeOfficialApplication using Java 19.0.2 on VIETND with PID 11368 (E:\The-Flowiee-Official\FlowieeOfficial\target\classes started by viet0 in E:\The-Flowiee-Official\FlowieeOfficial)
2023-07-19 23:01:08,829 INFO org.springframework.boot.SpringApplication [restartedMain]: No active profile set, falling back to 1 default profile: "default"
2023-07-19 23:01:08,961 INFO org.springframework.boot.logging.DeferredLog [restartedMain]: The Class-Path manifest attribute in C:\Users\viet0\.m2\repository\com\oracle\database\jdbc\ojdbc8\21.5.0.0\ojdbc8-21.5.0.0.jar referenced one or more files that do not exist: file:/C:/Users/viet0/.m2/repository/com/oracle/database/jdbc/ojdbc8/21.5.0.0/oraclepki.jar
2023-07-19 23:01:08,962 INFO org.springframework.boot.logging.DeferredLog [restartedMain]: Devtools property defaults active! Set 'spring.devtools.add-properties' to 'false' to disable
2023-07-19 23:01:08,962 INFO org.springframework.boot.logging.DeferredLog [restartedMain]: For additional web related logging consider setting the 'logging.level.web' property to 'DEBUG'
2023-07-19 23:01:10,243 INFO org.springframework.data.repository.config.RepositoryConfigurationDelegate [restartedMain]: Bootstrapping Spring Data JPA repositories in DEFAULT mode.
2023-07-19 23:01:10,462 INFO org.springframework.data.repository.config.RepositoryConfigurationDelegate [restartedMain]: Finished Spring Data repository scanning in 205 ms. Found 29 JPA repository interfaces.
2023-07-19 23:01:11,594 INFO org.springframework.boot.web.embedded.tomcat.TomcatWebServer [restartedMain]: Tomcat initialized with port(s): 8085 (http)
2023-07-19 23:01:11,608 INFO org.apache.juli.logging.DirectJDKLog [restartedMain]: Initializing ProtocolHandler ["http-nio-8085"]
2023-07-19 23:01:11,608 INFO org.apache.juli.logging.DirectJDKLog [restartedMain]: Starting service [Tomcat]
2023-07-19 23:01:11,608 INFO org.apache.juli.logging.DirectJDKLog [restartedMain]: Starting Servlet engine: [Apache Tomcat/9.0.71]
2023-07-19 23:01:11,744 INFO org.apache.juli.logging.DirectJDKLog [restartedMain]: Initializing Spring embedded WebApplicationContext
2023-07-19 23:01:11,744 INFO org.springframework.boot.web.servlet.context.ServletWebServerApplicationContext [restartedMain]: Root WebApplicationContext: initialization completed in 2781 ms
2023-07-19 23:01:12,137 INFO org.hibernate.jpa.internal.util.LogHelper [restartedMain]: HHH000204: Processing PersistenceUnitInfo [name: default]
2023-07-19 23:01:12,217 INFO org.hibernate.Version [restartedMain]: HHH000412: Hibernate ORM core version 5.6.15.Final
2023-07-19 23:01:12,491 INFO org.hibernate.annotations.common.reflection.java.JavaReflectionManager [restartedMain]: HCANN000001: Hibernate Commons Annotations {5.1.2.Final}
2023-07-19 23:01:12,636 INFO com.zaxxer.hikari.HikariDataSource [restartedMain]: HikariPool-1 - Starting...
2023-07-19 23:01:12,646 WARN com.zaxxer.hikari.util.DriverDataSource [restartedMain]: Registered driver with driverClassName=oracle.jdbc.driver.OracleDriver was not found, trying direct instantiation.
2023-07-19 23:01:13,072 INFO com.zaxxer.hikari.HikariDataSource [restartedMain]: HikariPool-1 - Start completed.
2023-07-19 23:01:13,114 INFO org.hibernate.dialect.Dialect [restartedMain]: HHH000400: Using dialect: org.hibernate.dialect.Oracle12cDialect
2023-07-19 23:01:15,255 INFO org.hibernate.engine.transaction.jta.platform.internal.JtaPlatformInitiator [restartedMain]: HHH000490: Using JtaPlatform implementation: [org.hibernate.engine.transaction.jta.platform.internal.NoJtaPlatform]
2023-07-19 23:01:15,264 INFO org.springframework.orm.jpa.AbstractEntityManagerFactoryBean [restartedMain]: Initialized JPA EntityManagerFactory for persistence unit 'default'
2023-07-19 23:01:16,078 WARN org.springframework.boot.autoconfigure.orm.jpa.JpaBaseConfiguration$JpaWebConfiguration [restartedMain]: spring.jpa.open-in-view is enabled by default. Therefore, database queries may be performed during view rendering. Explicitly configure spring.jpa.open-in-view to disable this warning
2023-07-19 23:01:16,967 INFO org.springframework.boot.autoconfigure.web.servlet.WelcomePageHandlerMapping [restartedMain]: Adding welcome page template: index
2023-07-19 23:01:17,190 INFO org.springframework.security.web.DefaultSecurityFilterChain [restartedMain]: Will secure any request with [org.springframework.security.web.session.DisableEncodeUrlFilter@6892b9f1, org.springframework.security.web.context.request.async.WebAsyncManagerIntegrationFilter@3720372e, org.springframework.security.web.context.SecurityContextPersistenceFilter@2af0b27f, org.springframework.security.web.header.HeaderWriterFilter@2405091d, org.springframework.web.filter.CorsFilter@1a63b09a, org.springframework.security.web.authentication.logout.LogoutFilter@5e955dfb, org.springframework.security.web.authentication.UsernamePasswordAuthenticationFilter@401cd5a9, org.springframework.security.web.authentication.www.BasicAuthenticationFilter@31281479, org.springframework.security.web.savedrequest.RequestCacheAwareFilter@12b05776, org.springframework.security.web.servletapi.SecurityContextHolderAwareRequestFilter@53323375, org.springframework.security.web.authentication.AnonymousAuthenticationFilter@44be050a, org.springframework.security.web.session.SessionManagementFilter@10271904, org.springframework.security.web.access.ExceptionTranslationFilter@767034b2, org.springframework.security.web.access.intercept.FilterSecurityInterceptor@4c45136c]
2023-07-19 23:01:17,893 INFO org.springframework.boot.devtools.autoconfigure.OptionalLiveReloadServer [restartedMain]: LiveReload server is running on port 35729
2023-07-19 23:01:17,908 INFO org.apache.juli.logging.DirectJDKLog [restartedMain]: Starting ProtocolHandler ["http-nio-8085"]
2023-07-19 23:01:17,928 INFO org.springframework.boot.web.embedded.tomcat.TomcatWebServer [restartedMain]: Tomcat started on port(s): 8085 (http) with context path ''
2023-07-19 23:01:17,946 INFO org.springframework.boot.StartupInfoLogger [restartedMain]: Started FlowieeOfficialApplication in 9.687 seconds (JVM running for 10.727)
2023-07-19 23:01:22,397 INFO org.apache.juli.logging.DirectJDKLog [http-nio-8085-exec-1]: Initializing Spring DispatcherServlet 'dispatcherServlet'
2023-07-19 23:01:22,397 INFO org.springframework.web.servlet.FrameworkServlet [http-nio-8085-exec-1]: Initializing Servlet 'dispatcherServlet'
2023-07-19 23:01:22,398 INFO org.springframework.web.servlet.FrameworkServlet [http-nio-8085-exec-1]: Completed initialization in 1 ms
