2023-07-23 17:54:01,302 WARN org.hibernate.engine.jdbc.spi.SqlExceptionHelper [http-nio-8085-exec-1]: SQL Error: 1400, SQLState: 23000
2023-07-23 17:54:01,303 ERROR org.hibernate.engine.jdbc.spi.SqlExceptionHelper [http-nio-8085-exec-1]: ORA-01400: cannot insert NULL into ("FLOWIEE"."STG_DOC_FIELD"."TEN_FIELD")

2023-07-23 17:54:01,303 ERROR com.flowiee.app.khotailieu.service.impl.DocFieldServiceImpl [http-nio-8085-exec-1]: Có lỗi xảy ra khi thêm mới docField!
2023-07-23 17:54:01,304 ERROR org.apache.juli.logging.DirectJDKLog [http-nio-8085-exec-1]: Servlet.service() for servlet [dispatcherServlet] in context with path [] threw exception [Request processing failed; nested exception is org.springframework.transaction.UnexpectedRollbackException: Transaction silently rolled back because it has been marked as rollback-only] with root cause
org.springframework.transaction.UnexpectedRollbackException: Transaction silently rolled back because it has been marked as rollback-only
	at org.springframework.transaction.support.AbstractPlatformTransactionManager.processCommit(AbstractPlatformTransactionManager.java:752)
	at org.springframework.transaction.support.AbstractPlatformTransactionManager.commit(AbstractPlatformTransactionManager.java:711)
	at org.springframework.transaction.interceptor.TransactionAspectSupport.commitTransactionAfterReturning(TransactionAspectSupport.java:654)
	at org.springframework.transaction.interceptor.TransactionAspectSupport.invokeWithinTransaction(TransactionAspectSupport.java:407)
	at org.springframework.transaction.interceptor.TransactionInterceptor.invoke(TransactionInterceptor.java:119)
	at org.springframework.aop.framework.ReflectiveMethodInvocation.proceed(ReflectiveMethodInvocation.java:186)
	at org.springframework.aop.framework.CglibAopProxy$CglibMethodInvocation.proceed(CglibAopProxy.java:763)
	at org.springframework.aop.framework.CglibAopProxy$DynamicAdvisedInterceptor.intercept(CglibAopProxy.java:708)
	at com.flowiee.app.khotailieu.service.impl.DocFieldServiceImpl$$EnhancerBySpringCGLIB$$a1b61e45.save(<generated>)
	at com.flowiee.app.khotailieu.controller.DocFieldController.update(DocFieldController.java:48)
	at java.base/jdk.internal.reflect.DirectMethodHandleAccessor.invoke(DirectMethodHandleAccessor.java:104)
	at java.base/java.lang.reflect.Method.invoke(Method.java:578)
	at org.springframework.web.method.support.InvocableHandlerMethod.doInvoke(InvocableHandlerMethod.java:205)
	at org.springframework.web.method.support.InvocableHandlerMethod.invokeForRequest(InvocableHandlerMethod.java:150)
	at org.springframework.web.servlet.mvc.method.annotation.ServletInvocableHandlerMethod.invokeAndHandle(ServletInvocableHandlerMethod.java:117)
	at org.springframework.web.servlet.mvc.method.annotation.RequestMappingHandlerAdapter.invokeHandlerMethod(RequestMappingHandlerAdapter.java:895)
	at org.springframework.web.servlet.mvc.method.annotation.RequestMappingHandlerAdapter.handleInternal(RequestMappingHandlerAdapter.java:808)
	at org.springframework.web.servlet.mvc.method.AbstractHandlerMethodAdapter.handle(AbstractHandlerMethodAdapter.java:87)
	at org.springframework.web.servlet.DispatcherServlet.doDispatch(DispatcherServlet.java:1071)
	at org.springframework.web.servlet.DispatcherServlet.doService(DispatcherServlet.java:964)
	at org.springframework.web.servlet.FrameworkServlet.processRequest(FrameworkServlet.java:1006)
	at org.springframework.web.servlet.FrameworkServlet.doPost(FrameworkServlet.java:909)
	at javax.servlet.http.HttpServlet.service(HttpServlet.java:696)
	at org.springframework.web.servlet.FrameworkServlet.service(FrameworkServlet.java:883)
	at javax.servlet.http.HttpServlet.service(HttpServlet.java:779)
	at org.apache.catalina.core.ApplicationFilterChain.internalDoFilter(ApplicationFilterChain.java:227)
	at org.apache.catalina.core.ApplicationFilterChain.doFilter(ApplicationFilterChain.java:162)
	at org.apache.tomcat.websocket.server.WsFilter.doFilter(WsFilter.java:53)
	at org.apache.catalina.core.ApplicationFilterChain.internalDoFilter(ApplicationFilterChain.java:189)
	at org.apache.catalina.core.ApplicationFilterChain.doFilter(ApplicationFilterChain.java:162)
	at org.springframework.security.web.FilterChainProxy$VirtualFilterChain.doFilter(FilterChainProxy.java:337)
	at org.springframework.security.web.access.intercept.FilterSecurityInterceptor.invoke(FilterSecurityInterceptor.java:115)
	at org.springframework.security.web.access.intercept.FilterSecurityInterceptor.doFilter(FilterSecurityInterceptor.java:81)
	at org.springframework.security.web.FilterChainProxy$VirtualFilterChain.doFilter(FilterChainProxy.java:346)
	at org.springframework.security.web.access.ExceptionTranslationFilter.doFilter(ExceptionTranslationFilter.java:122)
	at org.springframework.security.web.access.ExceptionTranslationFilter.doFilter(ExceptionTranslationFilter.java:116)
	at org.springframework.security.web.FilterChainProxy$VirtualFilterChain.doFilter(FilterChainProxy.java:346)
	at org.springframework.security.web.session.SessionManagementFilter.doFilter(SessionManagementFilter.java:126)
	at org.springframework.security.web.session.SessionManagementFilter.doFilter(SessionManagementFilter.java:81)
	at org.springframework.security.web.FilterChainProxy$VirtualFilterChain.doFilter(FilterChainProxy.java:346)
	at org.springframework.security.web.authentication.AnonymousAuthenticationFilter.doFilter(AnonymousAuthenticationFilter.java:109)
	at org.springframework.security.web.FilterChainProxy$VirtualFilterChain.doFilter(FilterChainProxy.java:346)
	at org.springframework.security.web.servletapi.SecurityContextHolderAwareRequestFilter.doFilter(SecurityContextHolderAwareRequestFilter.java:149)
	at org.springframework.security.web.FilterChainProxy$VirtualFilterChain.doFilter(FilterChainProxy.java:346)
	at org.springframework.security.web.savedrequest.RequestCacheAwareFilter.doFilter(RequestCacheAwareFilter.java:63)
	at org.springframework.security.web.FilterChainProxy$VirtualFilterChain.doFilter(FilterChainProxy.java:346)
	at org.springframework.security.web.authentication.www.BasicAuthenticationFilter.doFilterInternal(BasicAuthenticationFilter.java:166)
	at org.springframework.web.filter.OncePerRequestFilter.doFilter(OncePerRequestFilter.java:117)
	at org.springframework.security.web.FilterChainProxy$VirtualFilterChain.doFilter(FilterChainProxy.java:346)
	at org.springframework.security.web.authentication.AbstractAuthenticationProcessingFilter.doFilter(AbstractAuthenticationProcessingFilter.java:223)
	at org.springframework.security.web.authentication.AbstractAuthenticationProcessingFilter.doFilter(AbstractAuthenticationProcessingFilter.java:217)
	at org.springframework.security.web.FilterChainProxy$VirtualFilterChain.doFilter(FilterChainProxy.java:346)
	at org.springframework.security.web.authentication.logout.LogoutFilter.doFilter(LogoutFilter.java:103)
	at org.springframework.security.web.authentication.logout.LogoutFilter.doFilter(LogoutFilter.java:89)
	at org.springframework.security.web.FilterChainProxy$VirtualFilterChain.doFilter(FilterChainProxy.java:346)
	at org.springframework.web.filter.CorsFilter.doFilterInternal(CorsFilter.java:91)
	at org.springframework.web.filter.OncePerRequestFilter.doFilter(OncePerRequestFilter.java:117)
	at org.springframework.security.web.FilterChainProxy$VirtualFilterChain.doFilter(FilterChainProxy.java:346)
	at org.springframework.security.web.header.HeaderWriterFilter.doHeadersAfter(HeaderWriterFilter.java:90)
	at org.springframework.security.web.header.HeaderWriterFilter.doFilterInternal(HeaderWriterFilter.java:75)
	at org.springframework.web.filter.OncePerRequestFilter.doFilter(OncePerRequestFilter.java:117)
	at org.springframework.security.web.FilterChainProxy$VirtualFilterChain.doFilter(FilterChainProxy.java:346)
	at org.springframework.security.web.context.SecurityContextPersistenceFilter.doFilter(SecurityContextPersistenceFilter.java:112)
	at org.springframework.security.web.context.SecurityContextPersistenceFilter.doFilter(SecurityContextPersistenceFilter.java:82)
	at org.springframework.security.web.FilterChainProxy$VirtualFilterChain.doFilter(FilterChainProxy.java:346)
	at org.springframework.security.web.context.request.async.WebAsyncManagerIntegrationFilter.doFilterInternal(WebAsyncManagerIntegrationFilter.java:55)
	at org.springframework.web.filter.OncePerRequestFilter.doFilter(OncePerRequestFilter.java:117)
	at org.springframework.security.web.FilterChainProxy$VirtualFilterChain.doFilter(FilterChainProxy.java:346)
	at org.springframework.security.web.session.DisableEncodeUrlFilter.doFilterInternal(DisableEncodeUrlFilter.java:42)
	at org.springframework.web.filter.OncePerRequestFilter.doFilter(OncePerRequestFilter.java:117)
	at org.springframework.security.web.FilterChainProxy$VirtualFilterChain.doFilter(FilterChainProxy.java:346)
	at org.springframework.security.web.FilterChainProxy.doFilterInternal(FilterChainProxy.java:221)
	at org.springframework.security.web.FilterChainProxy.doFilter(FilterChainProxy.java:186)
	at org.springframework.web.filter.DelegatingFilterProxy.invokeDelegate(DelegatingFilterProxy.java:354)
	at org.springframework.web.filter.DelegatingFilterProxy.doFilter(DelegatingFilterProxy.java:267)
	at org.apache.catalina.core.ApplicationFilterChain.internalDoFilter(ApplicationFilterChain.java:189)
	at org.apache.catalina.core.ApplicationFilterChain.doFilter(ApplicationFilterChain.java:162)
	at org.springframework.web.filter.RequestContextFilter.doFilterInternal(RequestContextFilter.java:100)
	at org.springframework.web.filter.OncePerRequestFilter.doFilter(OncePerRequestFilter.java:117)
	at org.apache.catalina.core.ApplicationFilterChain.internalDoFilter(ApplicationFilterChain.java:189)
	at org.apache.catalina.core.ApplicationFilterChain.doFilter(ApplicationFilterChain.java:162)
	at org.springframework.web.filter.FormContentFilter.doFilterInternal(FormContentFilter.java:93)
	at org.springframework.web.filter.OncePerRequestFilter.doFilter(OncePerRequestFilter.java:117)
	at org.apache.catalina.core.ApplicationFilterChain.internalDoFilter(ApplicationFilterChain.java:189)
	at org.apache.catalina.core.ApplicationFilterChain.doFilter(ApplicationFilterChain.java:162)
	at org.springframework.web.filter.CharacterEncodingFilter.doFilterInternal(CharacterEncodingFilter.java:201)
	at org.springframework.web.filter.OncePerRequestFilter.doFilter(OncePerRequestFilter.java:117)
	at org.apache.catalina.core.ApplicationFilterChain.internalDoFilter(ApplicationFilterChain.java:189)
	at org.apache.catalina.core.ApplicationFilterChain.doFilter(ApplicationFilterChain.java:162)
	at org.apache.catalina.core.StandardWrapperValve.invoke(StandardWrapperValve.java:177)
	at org.apache.catalina.core.StandardContextValve.invoke(StandardContextValve.java:97)
	at org.apache.catalina.authenticator.AuthenticatorBase.invoke(AuthenticatorBase.java:541)
	at org.apache.catalina.core.StandardHostValve.invoke(StandardHostValve.java:135)
	at org.apache.catalina.valves.ErrorReportValve.invoke(ErrorReportValve.java:92)
	at org.apache.catalina.core.StandardEngineValve.invoke(StandardEngineValve.java:78)
	at org.apache.catalina.connector.CoyoteAdapter.service(CoyoteAdapter.java:360)
	at org.apache.coyote.http11.Http11Processor.service(Http11Processor.java:399)
	at org.apache.coyote.AbstractProcessorLight.process(AbstractProcessorLight.java:65)
	at org.apache.coyote.AbstractProtocol$ConnectionHandler.process(AbstractProtocol.java:891)
	at org.apache.tomcat.util.net.NioEndpoint$SocketProcessor.doRun(NioEndpoint.java:1784)
	at org.apache.tomcat.util.net.SocketProcessorBase.run(SocketProcessorBase.java:49)
	at org.apache.tomcat.util.threads.ThreadPoolExecutor.runWorker(ThreadPoolExecutor.java:1191)
	at org.apache.tomcat.util.threads.ThreadPoolExecutor$Worker.run(ThreadPoolExecutor.java:659)
	at org.apache.tomcat.util.threads.TaskThread$WrappingRunnable.run(TaskThread.java:61)
	at java.base/java.lang.Thread.run(Thread.java:1589)
2023-07-23 18:10:19,295 INFO org.springframework.orm.jpa.AbstractEntityManagerFactoryBean [SpringApplicationShutdownHook]: Closing JPA EntityManagerFactory for persistence unit 'default'
2023-07-23 18:10:19,298 INFO com.zaxxer.hikari.HikariDataSource [SpringApplicationShutdownHook]: HikariPool-1 - Shutdown initiated...
2023-07-23 18:10:19,308 INFO com.zaxxer.hikari.HikariDataSource [SpringApplicationShutdownHook]: HikariPool-1 - Shutdown completed.
2023-07-23 18:10:24,870 INFO org.hibernate.validator.internal.util.Version [background-preinit]: HV000001: Hibernate Validator 6.2.5.Final
2023-07-23 18:10:24,905 INFO org.springframework.boot.StartupInfoLogger [restartedMain]: Starting FlowieeOfficialApplication using Java 19.0.2 on VIETND with PID 6724 (E:\The-Flowiee-Official\FlowieeOfficial\target\classes started by viet0 in E:\The-Flowiee-Official\FlowieeOfficial)
2023-07-23 18:10:24,906 INFO org.springframework.boot.SpringApplication [restartedMain]: No active profile set, falling back to 1 default profile: "default"
2023-07-23 18:10:24,968 INFO org.springframework.boot.logging.DeferredLog [restartedMain]: The Class-Path manifest attribute in C:\Users\viet0\.m2\repository\com\oracle\database\jdbc\ojdbc8\21.5.0.0\ojdbc8-21.5.0.0.jar referenced one or more files that do not exist: file:/C:/Users/viet0/.m2/repository/com/oracle/database/jdbc/ojdbc8/21.5.0.0/oraclepki.jar
2023-07-23 18:10:24,969 INFO org.springframework.boot.logging.DeferredLog [restartedMain]: Devtools property defaults active! Set 'spring.devtools.add-properties' to 'false' to disable
2023-07-23 18:10:24,969 INFO org.springframework.boot.logging.DeferredLog [restartedMain]: For additional web related logging consider setting the 'logging.level.web' property to 'DEBUG'
2023-07-23 18:10:25,928 INFO org.springframework.data.repository.config.RepositoryConfigurationDelegate [restartedMain]: Bootstrapping Spring Data JPA repositories in DEFAULT mode.
2023-07-23 18:10:26,115 INFO org.springframework.data.repository.config.RepositoryConfigurationDelegate [restartedMain]: Finished Spring Data repository scanning in 176 ms. Found 29 JPA repository interfaces.
2023-07-23 18:10:26,996 INFO org.springframework.boot.web.embedded.tomcat.TomcatWebServer [restartedMain]: Tomcat initialized with port(s): 8085 (http)
2023-07-23 18:10:27,012 INFO org.apache.juli.logging.DirectJDKLog [restartedMain]: Initializing ProtocolHandler ["http-nio-8085"]
2023-07-23 18:10:27,013 INFO org.apache.juli.logging.DirectJDKLog [restartedMain]: Starting service [Tomcat]
2023-07-23 18:10:27,013 INFO org.apache.juli.logging.DirectJDKLog [restartedMain]: Starting Servlet engine: [Apache Tomcat/9.0.71]
2023-07-23 18:10:27,126 INFO org.apache.juli.logging.DirectJDKLog [restartedMain]: Initializing Spring embedded WebApplicationContext
2023-07-23 18:10:27,127 INFO org.springframework.boot.web.servlet.context.ServletWebServerApplicationContext [restartedMain]: Root WebApplicationContext: initialization completed in 2157 ms
2023-07-23 18:10:27,569 INFO org.hibernate.jpa.internal.util.LogHelper [restartedMain]: HHH000204: Processing PersistenceUnitInfo [name: default]
2023-07-23 18:10:27,643 INFO org.hibernate.Version [restartedMain]: HHH000412: Hibernate ORM core version 5.6.15.Final
2023-07-23 18:10:27,879 INFO org.hibernate.annotations.common.reflection.java.JavaReflectionManager [restartedMain]: HCANN000001: Hibernate Commons Annotations {5.1.2.Final}
2023-07-23 18:10:28,014 INFO com.zaxxer.hikari.HikariDataSource [restartedMain]: HikariPool-1 - Starting...
2023-07-23 18:10:28,024 WARN com.zaxxer.hikari.util.DriverDataSource [restartedMain]: Registered driver with driverClassName=oracle.jdbc.driver.OracleDriver was not found, trying direct instantiation.
2023-07-23 18:10:28,402 INFO com.zaxxer.hikari.HikariDataSource [restartedMain]: HikariPool-1 - Start completed.
2023-07-23 18:10:28,430 INFO org.hibernate.dialect.Dialect [restartedMain]: HHH000400: Using dialect: org.hibernate.dialect.Oracle12cDialect
2023-07-23 18:10:30,242 INFO org.hibernate.engine.transaction.jta.platform.internal.JtaPlatformInitiator [restartedMain]: HHH000490: Using JtaPlatform implementation: [org.hibernate.engine.transaction.jta.platform.internal.NoJtaPlatform]
2023-07-23 18:10:30,253 INFO org.springframework.orm.jpa.AbstractEntityManagerFactoryBean [restartedMain]: Initialized JPA EntityManagerFactory for persistence unit 'default'
2023-07-23 18:10:31,325 WARN org.springframework.boot.autoconfigure.orm.jpa.JpaBaseConfiguration$JpaWebConfiguration [restartedMain]: spring.jpa.open-in-view is enabled by default. Therefore, database queries may be performed during view rendering. Explicitly configure spring.jpa.open-in-view to disable this warning
2023-07-23 18:10:32,068 INFO org.springframework.boot.autoconfigure.web.servlet.WelcomePageHandlerMapping [restartedMain]: Adding welcome page template: index
2023-07-23 18:10:32,305 INFO org.springframework.security.web.DefaultSecurityFilterChain [restartedMain]: Will secure any request with [org.springframework.security.web.session.DisableEncodeUrlFilter@7ed1b30b, org.springframework.security.web.context.request.async.WebAsyncManagerIntegrationFilter@23efd9e7, org.springframework.security.web.context.SecurityContextPersistenceFilter@1384be54, org.springframework.security.web.header.HeaderWriterFilter@75d470a1, org.springframework.web.filter.CorsFilter@54cd9e95, org.springframework.security.web.authentication.logout.LogoutFilter@5b8614ae, org.springframework.security.web.authentication.UsernamePasswordAuthenticationFilter@4048e450, org.springframework.security.web.authentication.www.BasicAuthenticationFilter@6b6b358a, org.springframework.security.web.savedrequest.RequestCacheAwareFilter@50dfd295, org.springframework.security.web.servletapi.SecurityContextHolderAwareRequestFilter@2e727657, org.springframework.security.web.authentication.AnonymousAuthenticationFilter@3846eb64, org.springframework.security.web.session.SessionManagementFilter@5c3a0c56, org.springframework.security.web.access.ExceptionTranslationFilter@101a654d, org.springframework.security.web.access.intercept.FilterSecurityInterceptor@6698e680]
2023-07-23 18:10:32,999 INFO org.springframework.boot.devtools.autoconfigure.OptionalLiveReloadServer [restartedMain]: LiveReload server is running on port 35729
2023-07-23 18:10:33,019 INFO org.apache.juli.logging.DirectJDKLog [restartedMain]: Starting ProtocolHandler ["http-nio-8085"]
2023-07-23 18:10:33,086 INFO org.springframework.boot.web.embedded.tomcat.TomcatWebServer [restartedMain]: Tomcat started on port(s): 8085 (http) with context path ''
2023-07-23 18:10:33,131 INFO org.springframework.boot.StartupInfoLogger [restartedMain]: Started FlowieeOfficialApplication in 8.724 seconds (JVM running for 9.487)
2023-07-23 18:10:36,411 INFO org.apache.juli.logging.DirectJDKLog [http-nio-8085-exec-1]: Initializing Spring DispatcherServlet 'dispatcherServlet'
2023-07-23 18:10:36,411 INFO org.springframework.web.servlet.FrameworkServlet [http-nio-8085-exec-1]: Initializing Servlet 'dispatcherServlet'
2023-07-23 18:10:36,412 INFO org.springframework.web.servlet.FrameworkServlet [http-nio-8085-exec-1]: Completed initialization in 1 ms
2023-07-23 18:10:41,257 WARN org.hibernate.engine.jdbc.spi.SqlExceptionHelper [http-nio-8085-exec-4]: SQL Error: 1407, SQLState: 72000
2023-07-23 18:10:41,257 ERROR org.hibernate.engine.jdbc.spi.SqlExceptionHelper [http-nio-8085-exec-4]: ORA-01407: cannot update ("FLOWIEE"."STG_DOC_FIELD"."LOAI_TAI_LIEU_ID") to NULL

2023-07-23 18:10:41,258 INFO org.hibernate.engine.jdbc.batch.internal.AbstractBatchImpl [http-nio-8085-exec-4]: HHH000010: On release of batch it still contained JDBC statements
2023-07-23 18:10:41,266 ERROR org.apache.juli.logging.DirectJDKLog [http-nio-8085-exec-4]: Servlet.service() for servlet [dispatcherServlet] in context with path [] threw exception [Request processing failed; nested exception is org.springframework.dao.DataIntegrityViolationException: could not execute statement; SQL [n/a]; constraint [null]; nested exception is org.hibernate.exception.ConstraintViolationException: could not execute statement] with root cause
oracle.jdbc.OracleDatabaseException: ORA-01407: cannot update ("FLOWIEE"."STG_DOC_FIELD"."LOAI_TAI_LIEU_ID") to NULL

	at oracle.jdbc.driver.T4CTTIoer11.processError(T4CTTIoer11.java:637)
	at oracle.jdbc.driver.T4CTTIoer11.processError(T4CTTIoer11.java:564)
	at oracle.jdbc.driver.T4C8Oall.processError(T4C8Oall.java:1151)
	at oracle.jdbc.driver.T4CTTIfun.receive(T4CTTIfun.java:771)
	at oracle.jdbc.driver.T4CTTIfun.doRPC(T4CTTIfun.java:299)
	at oracle.jdbc.driver.T4C8Oall.doOALL(T4C8Oall.java:498)
	at oracle.jdbc.driver.T4CPreparedStatement.doOall8(T4CPreparedStatement.java:152)
	at oracle.jdbc.driver.T4CPreparedStatement.executeForRows(T4CPreparedStatement.java:1052)
	at oracle.jdbc.driver.OracleStatement.executeSQLStatement(OracleStatement.java:1531)
	at oracle.jdbc.driver.OracleStatement.doExecuteWithTimeout(OracleStatement.java:1311)
	at oracle.jdbc.driver.OraclePreparedStatement.executeInternal(OraclePreparedStatement.java:3746)
	at oracle.jdbc.driver.OraclePreparedStatement.executeLargeUpdate(OraclePreparedStatement.java:3918)
	at oracle.jdbc.driver.OraclePreparedStatement.executeUpdate(OraclePreparedStatement.java:3897)
	at oracle.jdbc.driver.OraclePreparedStatementWrapper.executeUpdate(OraclePreparedStatementWrapper.java:992)
	at com.zaxxer.hikari.pool.ProxyPreparedStatement.executeUpdate(ProxyPreparedStatement.java:61)
	at com.zaxxer.hikari.pool.HikariProxyPreparedStatement.executeUpdate(HikariProxyPreparedStatement.java)
	at org.hibernate.engine.jdbc.internal.ResultSetReturnImpl.executeUpdate(ResultSetReturnImpl.java:197)
	at org.hibernate.engine.jdbc.batch.internal.NonBatchingBatch.addToBatch(NonBatchingBatch.java:46)
	at org.hibernate.persister.entity.AbstractEntityPersister.update(AbstractEntityPersister.java:3571)
	at org.hibernate.persister.entity.AbstractEntityPersister.updateOrInsert(AbstractEntityPersister.java:3438)
	at org.hibernate.persister.entity.AbstractEntityPersister.update(AbstractEntityPersister.java:3870)
	at org.hibernate.action.internal.EntityUpdateAction.execute(EntityUpdateAction.java:202)
	at org.hibernate.engine.spi.ActionQueue.executeActions(ActionQueue.java:604)
	at org.hibernate.engine.spi.ActionQueue.lambda$executeActions$1(ActionQueue.java:478)
	at java.base/java.util.LinkedHashMap.forEach(LinkedHashMap.java:729)
	at org.hibernate.engine.spi.ActionQueue.executeActions(ActionQueue.java:475)
	at org.hibernate.event.internal.AbstractFlushingEventListener.performExecutions(AbstractFlushingEventListener.java:344)
	at org.hibernate.event.internal.DefaultFlushEventListener.onFlush(DefaultFlushEventListener.java:40)
	at org.hibernate.event.service.internal.EventListenerGroupImpl.fireEventOnEachListener(EventListenerGroupImpl.java:107)
	at org.hibernate.internal.SessionImpl.doFlush(SessionImpl.java:1407)
	at org.hibernate.internal.SessionImpl.managedFlush(SessionImpl.java:489)
	at org.hibernate.internal.SessionImpl.flushBeforeTransactionCompletion(SessionImpl.java:3303)
	at org.hibernate.internal.SessionImpl.beforeTransactionCompletion(SessionImpl.java:2438)
	at org.hibernate.engine.jdbc.internal.JdbcCoordinatorImpl.beforeTransactionCompletion(JdbcCoordinatorImpl.java:449)
	at org.hibernate.resource.transaction.backend.jdbc.internal.JdbcResourceLocalTransactionCoordinatorImpl.beforeCompletionCallback(JdbcResourceLocalTransactionCoordinatorImpl.java:183)
	at org.hibernate.resource.transaction.backend.jdbc.internal.JdbcResourceLocalTransactionCoordinatorImpl.access$300(JdbcResourceLocalTransactionCoordinatorImpl.java:40)
	at org.hibernate.resource.transaction.backend.jdbc.internal.JdbcResourceLocalTransactionCoordinatorImpl$TransactionDriverControlImpl.commit(JdbcResourceLocalTransactionCoordinatorImpl.java:281)
	at org.hibernate.engine.transaction.internal.TransactionImpl.commit(TransactionImpl.java:101)
	at org.springframework.orm.jpa.JpaTransactionManager.doCommit(JpaTransactionManager.java:562)
	at org.springframework.transaction.support.AbstractPlatformTransactionManager.processCommit(AbstractPlatformTransactionManager.java:743)
	at org.springframework.transaction.support.AbstractPlatformTransactionManager.commit(AbstractPlatformTransactionManager.java:711)
	at org.springframework.transaction.interceptor.TransactionAspectSupport.commitTransactionAfterReturning(TransactionAspectSupport.java:654)
	at org.springframework.transaction.interceptor.TransactionAspectSupport.invokeWithinTransaction(TransactionAspectSupport.java:407)
	at org.springframework.transaction.interceptor.TransactionInterceptor.invoke(TransactionInterceptor.java:119)
	at org.springframework.aop.framework.ReflectiveMethodInvocation.proceed(ReflectiveMethodInvocation.java:186)
	at org.springframework.dao.support.PersistenceExceptionTranslationInterceptor.invoke(PersistenceExceptionTranslationInterceptor.java:137)
	at org.springframework.aop.framework.ReflectiveMethodInvocation.proceed(ReflectiveMethodInvocation.java:186)
	at org.springframework.data.jpa.repository.support.CrudMethodMetadataPostProcessor$CrudMethodMetadataPopulatingMethodInterceptor.invoke(CrudMethodMetadataPostProcessor.java:174)
	at org.springframework.aop.framework.ReflectiveMethodInvocation.proceed(ReflectiveMethodInvocation.java:186)
	at org.springframework.aop.interceptor.ExposeInvocationInterceptor.invoke(ExposeInvocationInterceptor.java:97)
	at org.springframework.aop.framework.ReflectiveMethodInvocation.proceed(ReflectiveMethodInvocation.java:186)
	at org.springframework.aop.framework.JdkDynamicAopProxy.invoke(JdkDynamicAopProxy.java:215)
	at jdk.proxy3/jdk.proxy3.$Proxy165.save(Unknown Source)
	at com.flowiee.app.khotailieu.service.impl.DocFieldServiceImpl.update(DocFieldServiceImpl.java:69)
	at com.flowiee.app.khotailieu.service.impl.DocFieldServiceImpl$$FastClassBySpringCGLIB$$ae62d48.invoke(<generated>)
	at org.springframework.cglib.proxy.MethodProxy.invoke(MethodProxy.java:218)
	at org.springframework.aop.framework.CglibAopProxy.invokeMethod(CglibAopProxy.java:386)
	at org.springframework.aop.framework.CglibAopProxy.access$000(CglibAopProxy.java:85)
	at org.springframework.aop.framework.CglibAopProxy$DynamicAdvisedInterceptor.intercept(CglibAopProxy.java:704)
	at com.flowiee.app.khotailieu.service.impl.DocFieldServiceImpl$$EnhancerBySpringCGLIB$$30d07015.update(<generated>)
	at com.flowiee.app.khotailieu.controller.DocFieldController.update(DocFieldController.java:50)
	at java.base/jdk.internal.reflect.DirectMethodHandleAccessor.invoke(DirectMethodHandleAccessor.java:104)
	at java.base/java.lang.reflect.Method.invoke(Method.java:578)
	at org.springframework.web.method.support.InvocableHandlerMethod.doInvoke(InvocableHandlerMethod.java:205)
	at org.springframework.web.method.support.InvocableHandlerMethod.invokeForRequest(InvocableHandlerMethod.java:150)
	at org.springframework.web.servlet.mvc.method.annotation.ServletInvocableHandlerMethod.invokeAndHandle(ServletInvocableHandlerMethod.java:117)
	at org.springframework.web.servlet.mvc.method.annotation.RequestMappingHandlerAdapter.invokeHandlerMethod(RequestMappingHandlerAdapter.java:895)
	at org.springframework.web.servlet.mvc.method.annotation.RequestMappingHandlerAdapter.handleInternal(RequestMappingHandlerAdapter.java:808)
	at org.springframework.web.servlet.mvc.method.AbstractHandlerMethodAdapter.handle(AbstractHandlerMethodAdapter.java:87)
	at org.springframework.web.servlet.DispatcherServlet.doDispatch(DispatcherServlet.java:1071)
	at org.springframework.web.servlet.DispatcherServlet.doService(DispatcherServlet.java:964)
	at org.springframework.web.servlet.FrameworkServlet.processRequest(FrameworkServlet.java:1006)
	at org.springframework.web.servlet.FrameworkServlet.doPost(FrameworkServlet.java:909)
	at javax.servlet.http.HttpServlet.service(HttpServlet.java:696)
	at org.springframework.web.servlet.FrameworkServlet.service(FrameworkServlet.java:883)
	at javax.servlet.http.HttpServlet.service(HttpServlet.java:779)
	at org.apache.catalina.core.ApplicationFilterChain.internalDoFilter(ApplicationFilterChain.java:227)
	at org.apache.catalina.core.ApplicationFilterChain.doFilter(ApplicationFilterChain.java:162)
	at org.apache.tomcat.websocket.server.WsFilter.doFilter(WsFilter.java:53)
	at org.apache.catalina.core.ApplicationFilterChain.internalDoFilter(ApplicationFilterChain.java:189)
	at org.apache.catalina.core.ApplicationFilterChain.doFilter(ApplicationFilterChain.java:162)
	at org.springframework.security.web.FilterChainProxy$VirtualFilterChain.doFilter(FilterChainProxy.java:337)
	at org.springframework.security.web.access.intercept.FilterSecurityInterceptor.invoke(FilterSecurityInterceptor.java:115)
	at org.springframework.security.web.access.intercept.FilterSecurityInterceptor.doFilter(FilterSecurityInterceptor.java:81)
	at org.springframework.security.web.FilterChainProxy$VirtualFilterChain.doFilter(FilterChainProxy.java:346)
	at org.springframework.security.web.access.ExceptionTranslationFilter.doFilter(ExceptionTranslationFilter.java:122)
	at org.springframework.security.web.access.ExceptionTranslationFilter.doFilter(ExceptionTranslationFilter.java:116)
	at org.springframework.security.web.FilterChainProxy$VirtualFilterChain.doFilter(FilterChainProxy.java:346)
	at org.springframework.security.web.session.SessionManagementFilter.doFilter(SessionManagementFilter.java:126)
	at org.springframework.security.web.session.SessionManagementFilter.doFilter(SessionManagementFilter.java:81)
	at org.springframework.security.web.FilterChainProxy$VirtualFilterChain.doFilter(FilterChainProxy.java:346)
	at org.springframework.security.web.authentication.AnonymousAuthenticationFilter.doFilter(AnonymousAuthenticationFilter.java:109)
	at org.springframework.security.web.FilterChainProxy$VirtualFilterChain.doFilter(FilterChainProxy.java:346)
	at org.springframework.security.web.servletapi.SecurityContextHolderAwareRequestFilter.doFilter(SecurityContextHolderAwareRequestFilter.java:149)
	at org.springframework.security.web.FilterChainProxy$VirtualFilterChain.doFilter(FilterChainProxy.java:346)
	at org.springframework.security.web.savedrequest.RequestCacheAwareFilter.doFilter(RequestCacheAwareFilter.java:63)
	at org.springframework.security.web.FilterChainProxy$VirtualFilterChain.doFilter(FilterChainProxy.java:346)
	at org.springframework.security.web.authentication.www.BasicAuthenticationFilter.doFilterInternal(BasicAuthenticationFilter.java:166)
	at org.springframework.web.filter.OncePerRequestFilter.doFilter(OncePerRequestFilter.java:117)
	at org.springframework.security.web.FilterChainProxy$VirtualFilterChain.doFilter(FilterChainProxy.java:346)
	at org.springframework.security.web.authentication.AbstractAuthenticationProcessingFilter.doFilter(AbstractAuthenticationProcessingFilter.java:223)
	at org.springframework.security.web.authentication.AbstractAuthenticationProcessingFilter.doFilter(AbstractAuthenticationProcessingFilter.java:217)
	at org.springframework.security.web.FilterChainProxy$VirtualFilterChain.doFilter(FilterChainProxy.java:346)
	at org.springframework.security.web.authentication.logout.LogoutFilter.doFilter(LogoutFilter.java:103)
	at org.springframework.security.web.authentication.logout.LogoutFilter.doFilter(LogoutFilter.java:89)
	at org.springframework.security.web.FilterChainProxy$VirtualFilterChain.doFilter(FilterChainProxy.java:346)
	at org.springframework.web.filter.CorsFilter.doFilterInternal(CorsFilter.java:91)
	at org.springframework.web.filter.OncePerRequestFilter.doFilter(OncePerRequestFilter.java:117)
	at org.springframework.security.web.FilterChainProxy$VirtualFilterChain.doFilter(FilterChainProxy.java:346)
	at org.springframework.security.web.header.HeaderWriterFilter.doHeadersAfter(HeaderWriterFilter.java:90)
	at org.springframework.security.web.header.HeaderWriterFilter.doFilterInternal(HeaderWriterFilter.java:75)
	at org.springframework.web.filter.OncePerRequestFilter.doFilter(OncePerRequestFilter.java:117)
	at org.springframework.security.web.FilterChainProxy$VirtualFilterChain.doFilter(FilterChainProxy.java:346)
	at org.springframework.security.web.context.SecurityContextPersistenceFilter.doFilter(SecurityContextPersistenceFilter.java:112)
	at org.springframework.security.web.context.SecurityContextPersistenceFilter.doFilter(SecurityContextPersistenceFilter.java:82)
	at org.springframework.security.web.FilterChainProxy$VirtualFilterChain.doFilter(FilterChainProxy.java:346)
	at org.springframework.security.web.context.request.async.WebAsyncManagerIntegrationFilter.doFilterInternal(WebAsyncManagerIntegrationFilter.java:55)
	at org.springframework.web.filter.OncePerRequestFilter.doFilter(OncePerRequestFilter.java:117)
	at org.springframework.security.web.FilterChainProxy$VirtualFilterChain.doFilter(FilterChainProxy.java:346)
	at org.springframework.security.web.session.DisableEncodeUrlFilter.doFilterInternal(DisableEncodeUrlFilter.java:42)
	at org.springframework.web.filter.OncePerRequestFilter.doFilter(OncePerRequestFilter.java:117)
	at org.springframework.security.web.FilterChainProxy$VirtualFilterChain.doFilter(FilterChainProxy.java:346)
	at org.springframework.security.web.FilterChainProxy.doFilterInternal(FilterChainProxy.java:221)
	at org.springframework.security.web.FilterChainProxy.doFilter(FilterChainProxy.java:186)
	at org.springframework.web.filter.DelegatingFilterProxy.invokeDelegate(DelegatingFilterProxy.java:354)
	at org.springframework.web.filter.DelegatingFilterProxy.doFilter(DelegatingFilterProxy.java:267)
	at org.apache.catalina.core.ApplicationFilterChain.internalDoFilter(ApplicationFilterChain.java:189)
	at org.apache.catalina.core.ApplicationFilterChain.doFilter(ApplicationFilterChain.java:162)
	at org.springframework.web.filter.RequestContextFilter.doFilterInternal(RequestContextFilter.java:100)
	at org.springframework.web.filter.OncePerRequestFilter.doFilter(OncePerRequestFilter.java:117)
	at org.apache.catalina.core.ApplicationFilterChain.internalDoFilter(ApplicationFilterChain.java:189)
	at org.apache.catalina.core.ApplicationFilterChain.doFilter(ApplicationFilterChain.java:162)
	at org.springframework.web.filter.FormContentFilter.doFilterInternal(FormContentFilter.java:93)
	at org.springframework.web.filter.OncePerRequestFilter.doFilter(OncePerRequestFilter.java:117)
	at org.apache.catalina.core.ApplicationFilterChain.internalDoFilter(ApplicationFilterChain.java:189)
	at org.apache.catalina.core.ApplicationFilterChain.doFilter(ApplicationFilterChain.java:162)
	at org.springframework.web.filter.CharacterEncodingFilter.doFilterInternal(CharacterEncodingFilter.java:201)
	at org.springframework.web.filter.OncePerRequestFilter.doFilter(OncePerRequestFilter.java:117)
	at org.apache.catalina.core.ApplicationFilterChain.internalDoFilter(ApplicationFilterChain.java:189)
	at org.apache.catalina.core.ApplicationFilterChain.doFilter(ApplicationFilterChain.java:162)
	at org.apache.catalina.core.StandardWrapperValve.invoke(StandardWrapperValve.java:177)
	at org.apache.catalina.core.StandardContextValve.invoke(StandardContextValve.java:97)
	at org.apache.catalina.authenticator.AuthenticatorBase.invoke(AuthenticatorBase.java:541)
	at org.apache.catalina.core.StandardHostValve.invoke(StandardHostValve.java:135)
	at org.apache.catalina.valves.ErrorReportValve.invoke(ErrorReportValve.java:92)
	at org.apache.catalina.core.StandardEngineValve.invoke(StandardEngineValve.java:78)
	at org.apache.catalina.connector.CoyoteAdapter.service(CoyoteAdapter.java:360)
	at org.apache.coyote.http11.Http11Processor.service(Http11Processor.java:399)
	at org.apache.coyote.AbstractProcessorLight.process(AbstractProcessorLight.java:65)
	at org.apache.coyote.AbstractProtocol$ConnectionHandler.process(AbstractProtocol.java:891)
	at org.apache.tomcat.util.net.NioEndpoint$SocketProcessor.doRun(NioEndpoint.java:1784)
	at org.apache.tomcat.util.net.SocketProcessorBase.run(SocketProcessorBase.java:49)
	at org.apache.tomcat.util.threads.ThreadPoolExecutor.runWorker(ThreadPoolExecutor.java:1191)
	at org.apache.tomcat.util.threads.ThreadPoolExecutor$Worker.run(ThreadPoolExecutor.java:659)
	at org.apache.tomcat.util.threads.TaskThread$WrappingRunnable.run(TaskThread.java:61)
	at java.base/java.lang.Thread.run(Thread.java:1589)
2023-07-23 18:12:29,524 INFO org.springframework.orm.jpa.AbstractEntityManagerFactoryBean [SpringApplicationShutdownHook]: Closing JPA EntityManagerFactory for persistence unit 'default'
2023-07-23 18:12:29,528 INFO com.zaxxer.hikari.HikariDataSource [SpringApplicationShutdownHook]: HikariPool-1 - Shutdown initiated...
2023-07-23 18:12:29,541 INFO com.zaxxer.hikari.HikariDataSource [SpringApplicationShutdownHook]: HikariPool-1 - Shutdown completed.
2023-07-23 18:12:33,262 INFO org.hibernate.validator.internal.util.Version [background-preinit]: HV000001: Hibernate Validator 6.2.5.Final
2023-07-23 18:12:33,311 INFO org.springframework.boot.StartupInfoLogger [restartedMain]: Starting FlowieeOfficialApplication using Java 19.0.2 on VIETND with PID 2640 (E:\The-Flowiee-Official\FlowieeOfficial\target\classes started by viet0 in E:\The-Flowiee-Official\FlowieeOfficial)
2023-07-23 18:12:33,313 INFO org.springframework.boot.SpringApplication [restartedMain]: No active profile set, falling back to 1 default profile: "default"
2023-07-23 18:12:33,397 INFO org.springframework.boot.logging.DeferredLog [restartedMain]: The Class-Path manifest attribute in C:\Users\viet0\.m2\repository\com\oracle\database\jdbc\ojdbc8\21.5.0.0\ojdbc8-21.5.0.0.jar referenced one or more files that do not exist: file:/C:/Users/viet0/.m2/repository/com/oracle/database/jdbc/ojdbc8/21.5.0.0/oraclepki.jar
2023-07-23 18:12:33,397 INFO org.springframework.boot.logging.DeferredLog [restartedMain]: Devtools property defaults active! Set 'spring.devtools.add-properties' to 'false' to disable
2023-07-23 18:12:33,398 INFO org.springframework.boot.logging.DeferredLog [restartedMain]: For additional web related logging consider setting the 'logging.level.web' property to 'DEBUG'
2023-07-23 18:12:34,529 INFO org.springframework.data.repository.config.RepositoryConfigurationDelegate [restartedMain]: Bootstrapping Spring Data JPA repositories in DEFAULT mode.
2023-07-23 18:12:34,880 INFO org.springframework.data.repository.config.RepositoryConfigurationDelegate [restartedMain]: Finished Spring Data repository scanning in 327 ms. Found 29 JPA repository interfaces.
2023-07-23 18:12:36,430 INFO org.springframework.boot.web.embedded.tomcat.TomcatWebServer [restartedMain]: Tomcat initialized with port(s): 8085 (http)
2023-07-23 18:12:36,624 INFO org.apache.juli.logging.DirectJDKLog [restartedMain]: Initializing ProtocolHandler ["http-nio-8085"]
2023-07-23 18:12:36,625 INFO org.apache.juli.logging.DirectJDKLog [restartedMain]: Starting service [Tomcat]
2023-07-23 18:12:36,625 INFO org.apache.juli.logging.DirectJDKLog [restartedMain]: Starting Servlet engine: [Apache Tomcat/9.0.71]
2023-07-23 18:12:36,789 INFO org.apache.juli.logging.DirectJDKLog [restartedMain]: Initializing Spring embedded WebApplicationContext
2023-07-23 18:12:36,790 INFO org.springframework.boot.web.servlet.context.ServletWebServerApplicationContext [restartedMain]: Root WebApplicationContext: initialization completed in 3391 ms
2023-07-23 18:12:37,174 INFO org.hibernate.jpa.internal.util.LogHelper [restartedMain]: HHH000204: Processing PersistenceUnitInfo [name: default]
2023-07-23 18:12:37,253 INFO org.hibernate.Version [restartedMain]: HHH000412: Hibernate ORM core version 5.6.15.Final
2023-07-23 18:12:37,437 INFO org.hibernate.annotations.common.reflection.java.JavaReflectionManager [restartedMain]: HCANN000001: Hibernate Commons Annotations {5.1.2.Final}
2023-07-23 18:12:37,609 INFO com.zaxxer.hikari.HikariDataSource [restartedMain]: HikariPool-1 - Starting...
2023-07-23 18:12:37,618 WARN com.zaxxer.hikari.util.DriverDataSource [restartedMain]: Registered driver with driverClassName=oracle.jdbc.driver.OracleDriver was not found, trying direct instantiation.
2023-07-23 18:12:38,088 INFO com.zaxxer.hikari.HikariDataSource [restartedMain]: HikariPool-1 - Start completed.
2023-07-23 18:12:38,124 INFO org.hibernate.dialect.Dialect [restartedMain]: HHH000400: Using dialect: org.hibernate.dialect.Oracle12cDialect
2023-07-23 18:12:39,998 INFO org.hibernate.engine.transaction.jta.platform.internal.JtaPlatformInitiator [restartedMain]: HHH000490: Using JtaPlatform implementation: [org.hibernate.engine.transaction.jta.platform.internal.NoJtaPlatform]
2023-07-23 18:12:40,013 INFO org.springframework.orm.jpa.AbstractEntityManagerFactoryBean [restartedMain]: Initialized JPA EntityManagerFactory for persistence unit 'default'
2023-07-23 18:12:41,072 WARN org.springframework.boot.autoconfigure.orm.jpa.JpaBaseConfiguration$JpaWebConfiguration [restartedMain]: spring.jpa.open-in-view is enabled by default. Therefore, database queries may be performed during view rendering. Explicitly configure spring.jpa.open-in-view to disable this warning
2023-07-23 18:12:41,766 INFO org.springframework.boot.autoconfigure.web.servlet.WelcomePageHandlerMapping [restartedMain]: Adding welcome page template: index
2023-07-23 18:12:42,066 INFO org.springframework.security.web.DefaultSecurityFilterChain [restartedMain]: Will secure any request with [org.springframework.security.web.session.DisableEncodeUrlFilter@37786110, org.springframework.security.web.context.request.async.WebAsyncManagerIntegrationFilter@5cadc84, org.springframework.security.web.context.SecurityContextPersistenceFilter@216f7c3, org.springframework.security.web.header.HeaderWriterFilter@66e36531, org.springframework.web.filter.CorsFilter@536c913e, org.springframework.security.web.authentication.logout.LogoutFilter@1934e5f9, org.springframework.security.web.authentication.UsernamePasswordAuthenticationFilter@3759d294, org.springframework.security.web.authentication.www.BasicAuthenticationFilter@5debfd1b, org.springframework.security.web.savedrequest.RequestCacheAwareFilter@a259a75, org.springframework.security.web.servletapi.SecurityContextHolderAwareRequestFilter@2e71c895, org.springframework.security.web.authentication.AnonymousAuthenticationFilter@2c66371b, org.springframework.security.web.session.SessionManagementFilter@9766bd1, org.springframework.security.web.access.ExceptionTranslationFilter@45b2ca27, org.springframework.security.web.access.intercept.FilterSecurityInterceptor@51352c38]
2023-07-23 18:12:42,877 INFO org.springframework.boot.devtools.autoconfigure.OptionalLiveReloadServer [restartedMain]: LiveReload server is running on port 35729
2023-07-23 18:12:42,894 INFO org.apache.juli.logging.DirectJDKLog [restartedMain]: Starting ProtocolHandler ["http-nio-8085"]
2023-07-23 18:12:42,918 INFO org.springframework.boot.web.embedded.tomcat.TomcatWebServer [restartedMain]: Tomcat started on port(s): 8085 (http) with context path ''
2023-07-23 18:12:42,935 INFO org.springframework.boot.StartupInfoLogger [restartedMain]: Started FlowieeOfficialApplication in 10.173 seconds (JVM running for 11.692)
2023-07-23 18:12:52,572 INFO org.apache.juli.logging.DirectJDKLog [http-nio-8085-exec-1]: Initializing Spring DispatcherServlet 'dispatcherServlet'
2023-07-23 18:12:52,572 INFO org.springframework.web.servlet.FrameworkServlet [http-nio-8085-exec-1]: Initializing Servlet 'dispatcherServlet'
2023-07-23 18:12:52,574 INFO org.springframework.web.servlet.FrameworkServlet [http-nio-8085-exec-1]: Completed initialization in 2 ms
2023-07-23 18:12:56,072 WARN org.hibernate.engine.jdbc.spi.SqlExceptionHelper [http-nio-8085-exec-7]: SQL Error: 1407, SQLState: 72000
2023-07-23 18:12:56,072 ERROR org.hibernate.engine.jdbc.spi.SqlExceptionHelper [http-nio-8085-exec-7]: ORA-01407: cannot update ("FLOWIEE"."STG_DOC_FIELD"."TEN_FIELD") to NULL

2023-07-23 18:12:56,073 INFO org.hibernate.engine.jdbc.batch.internal.AbstractBatchImpl [http-nio-8085-exec-7]: HHH000010: On release of batch it still contained JDBC statements
2023-07-23 18:12:56,086 ERROR org.apache.juli.logging.DirectJDKLog [http-nio-8085-exec-7]: Servlet.service() for servlet [dispatcherServlet] in context with path [] threw exception [Request processing failed; nested exception is org.springframework.dao.DataIntegrityViolationException: could not execute statement; SQL [n/a]; constraint [null]; nested exception is org.hibernate.exception.ConstraintViolationException: could not execute statement] with root cause
oracle.jdbc.OracleDatabaseException: ORA-01407: cannot update ("FLOWIEE"."STG_DOC_FIELD"."TEN_FIELD") to NULL

	at oracle.jdbc.driver.T4CTTIoer11.processError(T4CTTIoer11.java:637)
	at oracle.jdbc.driver.T4CTTIoer11.processError(T4CTTIoer11.java:564)
	at oracle.jdbc.driver.T4C8Oall.processError(T4C8Oall.java:1151)
	at oracle.jdbc.driver.T4CTTIfun.receive(T4CTTIfun.java:771)
	at oracle.jdbc.driver.T4CTTIfun.doRPC(T4CTTIfun.java:299)
	at oracle.jdbc.driver.T4C8Oall.doOALL(T4C8Oall.java:498)
	at oracle.jdbc.driver.T4CPreparedStatement.doOall8(T4CPreparedStatement.java:152)
	at oracle.jdbc.driver.T4CPreparedStatement.executeForRows(T4CPreparedStatement.java:1052)
	at oracle.jdbc.driver.OracleStatement.executeSQLStatement(OracleStatement.java:1531)
	at oracle.jdbc.driver.OracleStatement.doExecuteWithTimeout(OracleStatement.java:1311)
	at oracle.jdbc.driver.OraclePreparedStatement.executeInternal(OraclePreparedStatement.java:3746)
	at oracle.jdbc.driver.OraclePreparedStatement.executeLargeUpdate(OraclePreparedStatement.java:3918)
	at oracle.jdbc.driver.OraclePreparedStatement.executeUpdate(OraclePreparedStatement.java:3897)
	at oracle.jdbc.driver.OraclePreparedStatementWrapper.executeUpdate(OraclePreparedStatementWrapper.java:992)
	at com.zaxxer.hikari.pool.ProxyPreparedStatement.executeUpdate(ProxyPreparedStatement.java:61)
	at com.zaxxer.hikari.pool.HikariProxyPreparedStatement.executeUpdate(HikariProxyPreparedStatement.java)
	at org.hibernate.engine.jdbc.internal.ResultSetReturnImpl.executeUpdate(ResultSetReturnImpl.java:197)
	at org.hibernate.engine.jdbc.batch.internal.NonBatchingBatch.addToBatch(NonBatchingBatch.java:46)
	at org.hibernate.persister.entity.AbstractEntityPersister.update(AbstractEntityPersister.java:3571)
	at org.hibernate.persister.entity.AbstractEntityPersister.updateOrInsert(AbstractEntityPersister.java:3438)
	at org.hibernate.persister.entity.AbstractEntityPersister.update(AbstractEntityPersister.java:3870)
	at org.hibernate.action.internal.EntityUpdateAction.execute(EntityUpdateAction.java:202)
	at org.hibernate.engine.spi.ActionQueue.executeActions(ActionQueue.java:604)
	at org.hibernate.engine.spi.ActionQueue.lambda$executeActions$1(ActionQueue.java:478)
	at java.base/java.util.LinkedHashMap.forEach(LinkedHashMap.java:729)
	at org.hibernate.engine.spi.ActionQueue.executeActions(ActionQueue.java:475)
	at org.hibernate.event.internal.AbstractFlushingEventListener.performExecutions(AbstractFlushingEventListener.java:344)
	at org.hibernate.event.internal.DefaultFlushEventListener.onFlush(DefaultFlushEventListener.java:40)
	at org.hibernate.event.service.internal.EventListenerGroupImpl.fireEventOnEachListener(EventListenerGroupImpl.java:107)
	at org.hibernate.internal.SessionImpl.doFlush(SessionImpl.java:1407)
	at org.hibernate.internal.SessionImpl.managedFlush(SessionImpl.java:489)
	at org.hibernate.internal.SessionImpl.flushBeforeTransactionCompletion(SessionImpl.java:3303)
	at org.hibernate.internal.SessionImpl.beforeTransactionCompletion(SessionImpl.java:2438)
	at org.hibernate.engine.jdbc.internal.JdbcCoordinatorImpl.beforeTransactionCompletion(JdbcCoordinatorImpl.java:449)
	at org.hibernate.resource.transaction.backend.jdbc.internal.JdbcResourceLocalTransactionCoordinatorImpl.beforeCompletionCallback(JdbcResourceLocalTransactionCoordinatorImpl.java:183)
	at org.hibernate.resource.transaction.backend.jdbc.internal.JdbcResourceLocalTransactionCoordinatorImpl.access$300(JdbcResourceLocalTransactionCoordinatorImpl.java:40)
	at org.hibernate.resource.transaction.backend.jdbc.internal.JdbcResourceLocalTransactionCoordinatorImpl$TransactionDriverControlImpl.commit(JdbcResourceLocalTransactionCoordinatorImpl.java:281)
	at org.hibernate.engine.transaction.internal.TransactionImpl.commit(TransactionImpl.java:101)
	at org.springframework.orm.jpa.JpaTransactionManager.doCommit(JpaTransactionManager.java:562)
	at org.springframework.transaction.support.AbstractPlatformTransactionManager.processCommit(AbstractPlatformTransactionManager.java:743)
	at org.springframework.transaction.support.AbstractPlatformTransactionManager.commit(AbstractPlatformTransactionManager.java:711)
	at org.springframework.transaction.interceptor.TransactionAspectSupport.commitTransactionAfterReturning(TransactionAspectSupport.java:654)
	at org.springframework.transaction.interceptor.TransactionAspectSupport.invokeWithinTransaction(TransactionAspectSupport.java:407)
	at org.springframework.transaction.interceptor.TransactionInterceptor.invoke(TransactionInterceptor.java:119)
	at org.springframework.aop.framework.ReflectiveMethodInvocation.proceed(ReflectiveMethodInvocation.java:186)
	at org.springframework.dao.support.PersistenceExceptionTranslationInterceptor.invoke(PersistenceExceptionTranslationInterceptor.java:137)
	at org.springframework.aop.framework.ReflectiveMethodInvocation.proceed(ReflectiveMethodInvocation.java:186)
	at org.springframework.data.jpa.repository.support.CrudMethodMetadataPostProcessor$CrudMethodMetadataPopulatingMethodInterceptor.invoke(CrudMethodMetadataPostProcessor.java:174)
	at org.springframework.aop.framework.ReflectiveMethodInvocation.proceed(ReflectiveMethodInvocation.java:186)
	at org.springframework.aop.interceptor.ExposeInvocationInterceptor.invoke(ExposeInvocationInterceptor.java:97)
	at org.springframework.aop.framework.ReflectiveMethodInvocation.proceed(ReflectiveMethodInvocation.java:186)
	at org.springframework.aop.framework.JdkDynamicAopProxy.invoke(JdkDynamicAopProxy.java:215)
	at jdk.proxy3/jdk.proxy3.$Proxy165.save(Unknown Source)
	at com.flowiee.app.khotailieu.service.impl.DocFieldServiceImpl.update(DocFieldServiceImpl.java:69)
	at com.flowiee.app.khotailieu.service.impl.DocFieldServiceImpl$$FastClassBySpringCGLIB$$ae62d48.invoke(<generated>)
	at org.springframework.cglib.proxy.MethodProxy.invoke(MethodProxy.java:218)
	at org.springframework.aop.framework.CglibAopProxy.invokeMethod(CglibAopProxy.java:386)
	at org.springframework.aop.framework.CglibAopProxy.access$000(CglibAopProxy.java:85)
	at org.springframework.aop.framework.CglibAopProxy$DynamicAdvisedInterceptor.intercept(CglibAopProxy.java:704)
	at com.flowiee.app.khotailieu.service.impl.DocFieldServiceImpl$$EnhancerBySpringCGLIB$$4ca901fe.update(<generated>)
	at com.flowiee.app.khotailieu.controller.DocFieldController.update(DocFieldController.java:50)
	at java.base/jdk.internal.reflect.DirectMethodHandleAccessor.invoke(DirectMethodHandleAccessor.java:104)
	at java.base/java.lang.reflect.Method.invoke(Method.java:578)
	at org.springframework.web.method.support.InvocableHandlerMethod.doInvoke(InvocableHandlerMethod.java:205)
	at org.springframework.web.method.support.InvocableHandlerMethod.invokeForRequest(InvocableHandlerMethod.java:150)
	at org.springframework.web.servlet.mvc.method.annotation.ServletInvocableHandlerMethod.invokeAndHandle(ServletInvocableHandlerMethod.java:117)
	at org.springframework.web.servlet.mvc.method.annotation.RequestMappingHandlerAdapter.invokeHandlerMethod(RequestMappingHandlerAdapter.java:895)
	at org.springframework.web.servlet.mvc.method.annotation.RequestMappingHandlerAdapter.handleInternal(RequestMappingHandlerAdapter.java:808)
	at org.springframework.web.servlet.mvc.method.AbstractHandlerMethodAdapter.handle(AbstractHandlerMethodAdapter.java:87)
	at org.springframework.web.servlet.DispatcherServlet.doDispatch(DispatcherServlet.java:1071)
	at org.springframework.web.servlet.DispatcherServlet.doService(DispatcherServlet.java:964)
	at org.springframework.web.servlet.FrameworkServlet.processRequest(FrameworkServlet.java:1006)
	at org.springframework.web.servlet.FrameworkServlet.doPost(FrameworkServlet.java:909)
	at javax.servlet.http.HttpServlet.service(HttpServlet.java:696)
	at org.springframework.web.servlet.FrameworkServlet.service(FrameworkServlet.java:883)
	at javax.servlet.http.HttpServlet.service(HttpServlet.java:779)
	at org.apache.catalina.core.ApplicationFilterChain.internalDoFilter(ApplicationFilterChain.java:227)
	at org.apache.catalina.core.ApplicationFilterChain.doFilter(ApplicationFilterChain.java:162)
	at org.apache.tomcat.websocket.server.WsFilter.doFilter(WsFilter.java:53)
	at org.apache.catalina.core.ApplicationFilterChain.internalDoFilter(ApplicationFilterChain.java:189)
	at org.apache.catalina.core.ApplicationFilterChain.doFilter(ApplicationFilterChain.java:162)
	at org.springframework.security.web.FilterChainProxy$VirtualFilterChain.doFilter(FilterChainProxy.java:337)
	at org.springframework.security.web.access.intercept.FilterSecurityInterceptor.invoke(FilterSecurityInterceptor.java:115)
	at org.springframework.security.web.access.intercept.FilterSecurityInterceptor.doFilter(FilterSecurityInterceptor.java:81)
	at org.springframework.security.web.FilterChainProxy$VirtualFilterChain.doFilter(FilterChainProxy.java:346)
	at org.springframework.security.web.access.ExceptionTranslationFilter.doFilter(ExceptionTranslationFilter.java:122)
	at org.springframework.security.web.access.ExceptionTranslationFilter.doFilter(ExceptionTranslationFilter.java:116)
	at org.springframework.security.web.FilterChainProxy$VirtualFilterChain.doFilter(FilterChainProxy.java:346)
	at org.springframework.security.web.session.SessionManagementFilter.doFilter(SessionManagementFilter.java:126)
	at org.springframework.security.web.session.SessionManagementFilter.doFilter(SessionManagementFilter.java:81)
	at org.springframework.security.web.FilterChainProxy$VirtualFilterChain.doFilter(FilterChainProxy.java:346)
	at org.springframework.security.web.authentication.AnonymousAuthenticationFilter.doFilter(AnonymousAuthenticationFilter.java:109)
	at org.springframework.security.web.FilterChainProxy$VirtualFilterChain.doFilter(FilterChainProxy.java:346)
	at org.springframework.security.web.servletapi.SecurityContextHolderAwareRequestFilter.doFilter(SecurityContextHolderAwareRequestFilter.java:149)
	at org.springframework.security.web.FilterChainProxy$VirtualFilterChain.doFilter(FilterChainProxy.java:346)
	at org.springframework.security.web.savedrequest.RequestCacheAwareFilter.doFilter(RequestCacheAwareFilter.java:63)
	at org.springframework.security.web.FilterChainProxy$VirtualFilterChain.doFilter(FilterChainProxy.java:346)
	at org.springframework.security.web.authentication.www.BasicAuthenticationFilter.doFilterInternal(BasicAuthenticationFilter.java:166)
	at org.springframework.web.filter.OncePerRequestFilter.doFilter(OncePerRequestFilter.java:117)
	at org.springframework.security.web.FilterChainProxy$VirtualFilterChain.doFilter(FilterChainProxy.java:346)
	at org.springframework.security.web.authentication.AbstractAuthenticationProcessingFilter.doFilter(AbstractAuthenticationProcessingFilter.java:223)
	at org.springframework.security.web.authentication.AbstractAuthenticationProcessingFilter.doFilter(AbstractAuthenticationProcessingFilter.java:217)
	at org.springframework.security.web.FilterChainProxy$VirtualFilterChain.doFilter(FilterChainProxy.java:346)
	at org.springframework.security.web.authentication.logout.LogoutFilter.doFilter(LogoutFilter.java:103)
	at org.springframework.security.web.authentication.logout.LogoutFilter.doFilter(LogoutFilter.java:89)
	at org.springframework.security.web.FilterChainProxy$VirtualFilterChain.doFilter(FilterChainProxy.java:346)
	at org.springframework.web.filter.CorsFilter.doFilterInternal(CorsFilter.java:91)
	at org.springframework.web.filter.OncePerRequestFilter.doFilter(OncePerRequestFilter.java:117)
	at org.springframework.security.web.FilterChainProxy$VirtualFilterChain.doFilter(FilterChainProxy.java:346)
	at org.springframework.security.web.header.HeaderWriterFilter.doHeadersAfter(HeaderWriterFilter.java:90)
	at org.springframework.security.web.header.HeaderWriterFilter.doFilterInternal(HeaderWriterFilter.java:75)
	at org.springframework.web.filter.OncePerRequestFilter.doFilter(OncePerRequestFilter.java:117)
	at org.springframework.security.web.FilterChainProxy$VirtualFilterChain.doFilter(FilterChainProxy.java:346)
	at org.springframework.security.web.context.SecurityContextPersistenceFilter.doFilter(SecurityContextPersistenceFilter.java:112)
	at org.springframework.security.web.context.SecurityContextPersistenceFilter.doFilter(SecurityContextPersistenceFilter.java:82)
	at org.springframework.security.web.FilterChainProxy$VirtualFilterChain.doFilter(FilterChainProxy.java:346)
	at org.springframework.security.web.context.request.async.WebAsyncManagerIntegrationFilter.doFilterInternal(WebAsyncManagerIntegrationFilter.java:55)
	at org.springframework.web.filter.OncePerRequestFilter.doFilter(OncePerRequestFilter.java:117)
	at org.springframework.security.web.FilterChainProxy$VirtualFilterChain.doFilter(FilterChainProxy.java:346)
	at org.springframework.security.web.session.DisableEncodeUrlFilter.doFilterInternal(DisableEncodeUrlFilter.java:42)
	at org.springframework.web.filter.OncePerRequestFilter.doFilter(OncePerRequestFilter.java:117)
	at org.springframework.security.web.FilterChainProxy$VirtualFilterChain.doFilter(FilterChainProxy.java:346)
	at org.springframework.security.web.FilterChainProxy.doFilterInternal(FilterChainProxy.java:221)
	at org.springframework.security.web.FilterChainProxy.doFilter(FilterChainProxy.java:186)
	at org.springframework.web.filter.DelegatingFilterProxy.invokeDelegate(DelegatingFilterProxy.java:354)
	at org.springframework.web.filter.DelegatingFilterProxy.doFilter(DelegatingFilterProxy.java:267)
	at org.apache.catalina.core.ApplicationFilterChain.internalDoFilter(ApplicationFilterChain.java:189)
	at org.apache.catalina.core.ApplicationFilterChain.doFilter(ApplicationFilterChain.java:162)
	at org.springframework.web.filter.RequestContextFilter.doFilterInternal(RequestContextFilter.java:100)
	at org.springframework.web.filter.OncePerRequestFilter.doFilter(OncePerRequestFilter.java:117)
	at org.apache.catalina.core.ApplicationFilterChain.internalDoFilter(ApplicationFilterChain.java:189)
	at org.apache.catalina.core.ApplicationFilterChain.doFilter(ApplicationFilterChain.java:162)
	at org.springframework.web.filter.FormContentFilter.doFilterInternal(FormContentFilter.java:93)
	at org.springframework.web.filter.OncePerRequestFilter.doFilter(OncePerRequestFilter.java:117)
	at org.apache.catalina.core.ApplicationFilterChain.internalDoFilter(ApplicationFilterChain.java:189)
	at org.apache.catalina.core.ApplicationFilterChain.doFilter(ApplicationFilterChain.java:162)
	at org.springframework.web.filter.CharacterEncodingFilter.doFilterInternal(CharacterEncodingFilter.java:201)
	at org.springframework.web.filter.OncePerRequestFilter.doFilter(OncePerRequestFilter.java:117)
	at org.apache.catalina.core.ApplicationFilterChain.internalDoFilter(ApplicationFilterChain.java:189)
	at org.apache.catalina.core.ApplicationFilterChain.doFilter(ApplicationFilterChain.java:162)
	at org.apache.catalina.core.StandardWrapperValve.invoke(StandardWrapperValve.java:177)
	at org.apache.catalina.core.StandardContextValve.invoke(StandardContextValve.java:97)
	at org.apache.catalina.authenticator.AuthenticatorBase.invoke(AuthenticatorBase.java:541)
	at org.apache.catalina.core.StandardHostValve.invoke(StandardHostValve.java:135)
	at org.apache.catalina.valves.ErrorReportValve.invoke(ErrorReportValve.java:92)
	at org.apache.catalina.core.StandardEngineValve.invoke(StandardEngineValve.java:78)
	at org.apache.catalina.connector.CoyoteAdapter.service(CoyoteAdapter.java:360)
	at org.apache.coyote.http11.Http11Processor.service(Http11Processor.java:399)
	at org.apache.coyote.AbstractProcessorLight.process(AbstractProcessorLight.java:65)
	at org.apache.coyote.AbstractProtocol$ConnectionHandler.process(AbstractProtocol.java:891)
	at org.apache.tomcat.util.net.NioEndpoint$SocketProcessor.doRun(NioEndpoint.java:1784)
	at org.apache.tomcat.util.net.SocketProcessorBase.run(SocketProcessorBase.java:49)
	at org.apache.tomcat.util.threads.ThreadPoolExecutor.runWorker(ThreadPoolExecutor.java:1191)
	at org.apache.tomcat.util.threads.ThreadPoolExecutor$Worker.run(ThreadPoolExecutor.java:659)
	at org.apache.tomcat.util.threads.TaskThread$WrappingRunnable.run(TaskThread.java:61)
	at java.base/java.lang.Thread.run(Thread.java:1589)
2023-07-23 18:13:23,177 INFO org.springframework.orm.jpa.AbstractEntityManagerFactoryBean [SpringApplicationShutdownHook]: Closing JPA EntityManagerFactory for persistence unit 'default'
2023-07-23 18:13:23,181 INFO com.zaxxer.hikari.HikariDataSource [SpringApplicationShutdownHook]: HikariPool-1 - Shutdown initiated...
2023-07-23 18:13:23,191 INFO com.zaxxer.hikari.HikariDataSource [SpringApplicationShutdownHook]: HikariPool-1 - Shutdown completed.
2023-07-23 18:13:26,858 INFO org.hibernate.validator.internal.util.Version [background-preinit]: HV000001: Hibernate Validator 6.2.5.Final
2023-07-23 18:13:26,891 INFO org.springframework.boot.StartupInfoLogger [restartedMain]: Starting FlowieeOfficialApplication using Java 19.0.2 on VIETND with PID 14284 (E:\The-Flowiee-Official\FlowieeOfficial\target\classes started by viet0 in E:\The-Flowiee-Official\FlowieeOfficial)
2023-07-23 18:13:26,893 INFO org.springframework.boot.SpringApplication [restartedMain]: No active profile set, falling back to 1 default profile: "default"
2023-07-23 18:13:26,972 INFO org.springframework.boot.logging.DeferredLog [restartedMain]: The Class-Path manifest attribute in C:\Users\viet0\.m2\repository\com\oracle\database\jdbc\ojdbc8\21.5.0.0\ojdbc8-21.5.0.0.jar referenced one or more files that do not exist: file:/C:/Users/viet0/.m2/repository/com/oracle/database/jdbc/ojdbc8/21.5.0.0/oraclepki.jar
2023-07-23 18:13:26,972 INFO org.springframework.boot.logging.DeferredLog [restartedMain]: Devtools property defaults active! Set 'spring.devtools.add-properties' to 'false' to disable
2023-07-23 18:13:26,972 INFO org.springframework.boot.logging.DeferredLog [restartedMain]: For additional web related logging consider setting the 'logging.level.web' property to 'DEBUG'
2023-07-23 18:13:27,950 INFO org.springframework.data.repository.config.RepositoryConfigurationDelegate [restartedMain]: Bootstrapping Spring Data JPA repositories in DEFAULT mode.
2023-07-23 18:13:28,165 INFO org.springframework.data.repository.config.RepositoryConfigurationDelegate [restartedMain]: Finished Spring Data repository scanning in 204 ms. Found 29 JPA repository interfaces.
2023-07-23 18:13:29,094 INFO org.springframework.boot.web.embedded.tomcat.TomcatWebServer [restartedMain]: Tomcat initialized with port(s): 8085 (http)
2023-07-23 18:13:29,111 INFO org.apache.juli.logging.DirectJDKLog [restartedMain]: Initializing ProtocolHandler ["http-nio-8085"]
2023-07-23 18:13:29,111 INFO org.apache.juli.logging.DirectJDKLog [restartedMain]: Starting service [Tomcat]
2023-07-23 18:13:29,111 INFO org.apache.juli.logging.DirectJDKLog [restartedMain]: Starting Servlet engine: [Apache Tomcat/9.0.71]
2023-07-23 18:13:29,225 INFO org.apache.juli.logging.DirectJDKLog [restartedMain]: Initializing Spring embedded WebApplicationContext
2023-07-23 18:13:29,225 INFO org.springframework.boot.web.servlet.context.ServletWebServerApplicationContext [restartedMain]: Root WebApplicationContext: initialization completed in 2251 ms
2023-07-23 18:13:29,589 INFO org.hibernate.jpa.internal.util.LogHelper [restartedMain]: HHH000204: Processing PersistenceUnitInfo [name: default]
2023-07-23 18:13:29,658 INFO org.hibernate.Version [restartedMain]: HHH000412: Hibernate ORM core version 5.6.15.Final
2023-07-23 18:13:29,835 INFO org.hibernate.annotations.common.reflection.java.JavaReflectionManager [restartedMain]: HCANN000001: Hibernate Commons Annotations {5.1.2.Final}
2023-07-23 18:13:29,970 INFO com.zaxxer.hikari.HikariDataSource [restartedMain]: HikariPool-1 - Starting...
2023-07-23 18:13:29,978 WARN com.zaxxer.hikari.util.DriverDataSource [restartedMain]: Registered driver with driverClassName=oracle.jdbc.driver.OracleDriver was not found, trying direct instantiation.
2023-07-23 18:13:30,462 INFO com.zaxxer.hikari.HikariDataSource [restartedMain]: HikariPool-1 - Start completed.
2023-07-23 18:13:30,485 INFO org.hibernate.dialect.Dialect [restartedMain]: HHH000400: Using dialect: org.hibernate.dialect.Oracle12cDialect
2023-07-23 18:13:32,035 INFO org.hibernate.engine.transaction.jta.platform.internal.JtaPlatformInitiator [restartedMain]: HHH000490: Using JtaPlatform implementation: [org.hibernate.engine.transaction.jta.platform.internal.NoJtaPlatform]
2023-07-23 18:13:32,045 INFO org.springframework.orm.jpa.AbstractEntityManagerFactoryBean [restartedMain]: Initialized JPA EntityManagerFactory for persistence unit 'default'
2023-07-23 18:13:32,939 WARN org.springframework.boot.autoconfigure.orm.jpa.JpaBaseConfiguration$JpaWebConfiguration [restartedMain]: spring.jpa.open-in-view is enabled by default. Therefore, database queries may be performed during view rendering. Explicitly configure spring.jpa.open-in-view to disable this warning
2023-07-23 18:13:33,511 INFO org.springframework.boot.autoconfigure.web.servlet.WelcomePageHandlerMapping [restartedMain]: Adding welcome page template: index
2023-07-23 18:13:33,715 INFO org.springframework.security.web.DefaultSecurityFilterChain [restartedMain]: Will secure any request with [org.springframework.security.web.session.DisableEncodeUrlFilter@2e7515e4, org.springframework.security.web.context.request.async.WebAsyncManagerIntegrationFilter@6e77dbde, org.springframework.security.web.context.SecurityContextPersistenceFilter@4e075f8d, org.springframework.security.web.header.HeaderWriterFilter@5160c23, org.springframework.web.filter.CorsFilter@1cc43062, org.springframework.security.web.authentication.logout.LogoutFilter@683e6000, org.springframework.security.web.authentication.UsernamePasswordAuthenticationFilter@335d4550, org.springframework.security.web.authentication.www.BasicAuthenticationFilter@7b66623, org.springframework.security.web.savedrequest.RequestCacheAwareFilter@60f32c68, org.springframework.security.web.servletapi.SecurityContextHolderAwareRequestFilter@47c7b9a1, org.springframework.security.web.authentication.AnonymousAuthenticationFilter@31d06d6c, org.springframework.security.web.session.SessionManagementFilter@30310d88, org.springframework.security.web.access.ExceptionTranslationFilter@3d0a192b, org.springframework.security.web.access.intercept.FilterSecurityInterceptor@511ce8b2]
2023-07-23 18:13:34,372 INFO org.springframework.boot.devtools.autoconfigure.OptionalLiveReloadServer [restartedMain]: LiveReload server is running on port 35729
2023-07-23 18:13:34,386 INFO org.apache.juli.logging.DirectJDKLog [restartedMain]: Starting ProtocolHandler ["http-nio-8085"]
2023-07-23 18:13:34,405 INFO org.springframework.boot.web.embedded.tomcat.TomcatWebServer [restartedMain]: Tomcat started on port(s): 8085 (http) with context path ''
2023-07-23 18:13:34,422 INFO org.springframework.boot.StartupInfoLogger [restartedMain]: Started FlowieeOfficialApplication in 8.358 seconds (JVM running for 9.598)
2023-07-23 18:13:44,779 INFO org.apache.juli.logging.DirectJDKLog [http-nio-8085-exec-1]: Initializing Spring DispatcherServlet 'dispatcherServlet'
2023-07-23 18:13:44,779 INFO org.springframework.web.servlet.FrameworkServlet [http-nio-8085-exec-1]: Initializing Servlet 'dispatcherServlet'
2023-07-23 18:13:44,781 INFO org.springframework.web.servlet.FrameworkServlet [http-nio-8085-exec-1]: Completed initialization in 2 ms
2023-07-23 18:16:55,420 INFO org.springframework.orm.jpa.AbstractEntityManagerFactoryBean [SpringApplicationShutdownHook]: Closing JPA EntityManagerFactory for persistence unit 'default'
2023-07-23 18:16:55,424 INFO com.zaxxer.hikari.HikariDataSource [SpringApplicationShutdownHook]: HikariPool-1 - Shutdown initiated...
2023-07-23 18:16:55,439 INFO com.zaxxer.hikari.HikariDataSource [SpringApplicationShutdownHook]: HikariPool-1 - Shutdown completed.
2023-07-23 18:16:59,563 INFO org.hibernate.validator.internal.util.Version [background-preinit]: HV000001: Hibernate Validator 6.2.5.Final
2023-07-23 18:16:59,599 INFO org.springframework.boot.StartupInfoLogger [restartedMain]: Starting FlowieeOfficialApplication using Java 19.0.2 on VIETND with PID 14604 (E:\The-Flowiee-Official\FlowieeOfficial\target\classes started by viet0 in E:\The-Flowiee-Official\FlowieeOfficial)
2023-07-23 18:16:59,599 INFO org.springframework.boot.SpringApplication [restartedMain]: No active profile set, falling back to 1 default profile: "default"
2023-07-23 18:16:59,672 INFO org.springframework.boot.logging.DeferredLog [restartedMain]: The Class-Path manifest attribute in C:\Users\viet0\.m2\repository\com\oracle\database\jdbc\ojdbc8\21.5.0.0\ojdbc8-21.5.0.0.jar referenced one or more files that do not exist: file:/C:/Users/viet0/.m2/repository/com/oracle/database/jdbc/ojdbc8/21.5.0.0/oraclepki.jar
2023-07-23 18:16:59,672 INFO org.springframework.boot.logging.DeferredLog [restartedMain]: Devtools property defaults active! Set 'spring.devtools.add-properties' to 'false' to disable
2023-07-23 18:16:59,673 INFO org.springframework.boot.logging.DeferredLog [restartedMain]: For additional web related logging consider setting the 'logging.level.web' property to 'DEBUG'
2023-07-23 18:17:00,726 INFO org.springframework.data.repository.config.RepositoryConfigurationDelegate [restartedMain]: Bootstrapping Spring Data JPA repositories in DEFAULT mode.
2023-07-23 18:17:00,940 INFO org.springframework.data.repository.config.RepositoryConfigurationDelegate [restartedMain]: Finished Spring Data repository scanning in 201 ms. Found 29 JPA repository interfaces.
2023-07-23 18:17:01,819 INFO org.springframework.boot.web.embedded.tomcat.TomcatWebServer [restartedMain]: Tomcat initialized with port(s): 8085 (http)
2023-07-23 18:17:01,836 INFO org.apache.juli.logging.DirectJDKLog [restartedMain]: Initializing ProtocolHandler ["http-nio-8085"]
2023-07-23 18:17:01,836 INFO org.apache.juli.logging.DirectJDKLog [restartedMain]: Starting service [Tomcat]
2023-07-23 18:17:01,837 INFO org.apache.juli.logging.DirectJDKLog [restartedMain]: Starting Servlet engine: [Apache Tomcat/9.0.71]
2023-07-23 18:17:01,954 INFO org.apache.juli.logging.DirectJDKLog [restartedMain]: Initializing Spring embedded WebApplicationContext
2023-07-23 18:17:01,954 INFO org.springframework.boot.web.servlet.context.ServletWebServerApplicationContext [restartedMain]: Root WebApplicationContext: initialization completed in 2280 ms
2023-07-23 18:17:02,300 INFO org.hibernate.jpa.internal.util.LogHelper [restartedMain]: HHH000204: Processing PersistenceUnitInfo [name: default]
2023-07-23 18:17:02,367 INFO org.hibernate.Version [restartedMain]: HHH000412: Hibernate ORM core version 5.6.15.Final
2023-07-23 18:17:02,564 INFO org.hibernate.annotations.common.reflection.java.JavaReflectionManager [restartedMain]: HCANN000001: Hibernate Commons Annotations {5.1.2.Final}
2023-07-23 18:17:02,686 INFO com.zaxxer.hikari.HikariDataSource [restartedMain]: HikariPool-1 - Starting...
2023-07-23 18:17:02,694 WARN com.zaxxer.hikari.util.DriverDataSource [restartedMain]: Registered driver with driverClassName=oracle.jdbc.driver.OracleDriver was not found, trying direct instantiation.
2023-07-23 18:17:03,000 INFO com.zaxxer.hikari.HikariDataSource [restartedMain]: HikariPool-1 - Start completed.
2023-07-23 18:17:03,026 INFO org.hibernate.dialect.Dialect [restartedMain]: HHH000400: Using dialect: org.hibernate.dialect.Oracle12cDialect
2023-07-23 18:17:04,606 INFO org.hibernate.engine.transaction.jta.platform.internal.JtaPlatformInitiator [restartedMain]: HHH000490: Using JtaPlatform implementation: [org.hibernate.engine.transaction.jta.platform.internal.NoJtaPlatform]
2023-07-23 18:17:04,615 INFO org.springframework.orm.jpa.AbstractEntityManagerFactoryBean [restartedMain]: Initialized JPA EntityManagerFactory for persistence unit 'default'
2023-07-23 18:17:05,680 WARN org.springframework.boot.autoconfigure.orm.jpa.JpaBaseConfiguration$JpaWebConfiguration [restartedMain]: spring.jpa.open-in-view is enabled by default. Therefore, database queries may be performed during view rendering. Explicitly configure spring.jpa.open-in-view to disable this warning
2023-07-23 18:17:06,304 INFO org.springframework.boot.autoconfigure.web.servlet.WelcomePageHandlerMapping [restartedMain]: Adding welcome page template: index
2023-07-23 18:17:06,510 INFO org.springframework.security.web.DefaultSecurityFilterChain [restartedMain]: Will secure any request with [org.springframework.security.web.session.DisableEncodeUrlFilter@4f78e675, org.springframework.security.web.context.request.async.WebAsyncManagerIntegrationFilter@45d2f6a0, org.springframework.security.web.context.SecurityContextPersistenceFilter@74e5cc8d, org.springframework.security.web.header.HeaderWriterFilter@7dd583db, org.springframework.web.filter.CorsFilter@41604d5d, org.springframework.security.web.authentication.logout.LogoutFilter@4aaa2f87, org.springframework.security.web.authentication.UsernamePasswordAuthenticationFilter@cbd88c1, org.springframework.security.web.authentication.www.BasicAuthenticationFilter@65e3b733, org.springframework.security.web.savedrequest.RequestCacheAwareFilter@73b1814f, org.springframework.security.web.servletapi.SecurityContextHolderAwareRequestFilter@3217e2ed, org.springframework.security.web.authentication.AnonymousAuthenticationFilter@2275b666, org.springframework.security.web.session.SessionManagementFilter@478b0fa8, org.springframework.security.web.access.ExceptionTranslationFilter@68a5119e, org.springframework.security.web.access.intercept.FilterSecurityInterceptor@398ec906]
2023-07-23 18:17:07,128 INFO org.springframework.boot.devtools.autoconfigure.OptionalLiveReloadServer [restartedMain]: LiveReload server is running on port 35729
2023-07-23 18:17:07,142 INFO org.apache.juli.logging.DirectJDKLog [restartedMain]: Starting ProtocolHandler ["http-nio-8085"]
2023-07-23 18:17:07,182 INFO org.springframework.boot.web.embedded.tomcat.TomcatWebServer [restartedMain]: Tomcat started on port(s): 8085 (http) with context path ''
2023-07-23 18:17:07,200 INFO org.springframework.boot.StartupInfoLogger [restartedMain]: Started FlowieeOfficialApplication in 8.169 seconds (JVM running for 9.406)
2023-07-23 18:17:08,835 INFO org.apache.juli.logging.DirectJDKLog [http-nio-8085-exec-1]: Initializing Spring DispatcherServlet 'dispatcherServlet'
2023-07-23 18:17:08,835 INFO org.springframework.web.servlet.FrameworkServlet [http-nio-8085-exec-1]: Initializing Servlet 'dispatcherServlet'
2023-07-23 18:17:08,837 INFO org.springframework.web.servlet.FrameworkServlet [http-nio-8085-exec-1]: Completed initialization in 1 ms
2023-07-23 18:18:47,636 INFO org.springframework.orm.jpa.AbstractEntityManagerFactoryBean [SpringApplicationShutdownHook]: Closing JPA EntityManagerFactory for persistence unit 'default'
2023-07-23 18:18:47,639 INFO com.zaxxer.hikari.HikariDataSource [SpringApplicationShutdownHook]: HikariPool-1 - Shutdown initiated...
2023-07-23 18:18:47,650 INFO com.zaxxer.hikari.HikariDataSource [SpringApplicationShutdownHook]: HikariPool-1 - Shutdown completed.
2023-07-23 18:18:52,594 INFO org.hibernate.validator.internal.util.Version [background-preinit]: HV000001: Hibernate Validator 6.2.5.Final
2023-07-23 18:18:52,631 INFO org.springframework.boot.StartupInfoLogger [restartedMain]: Starting FlowieeOfficialApplication using Java 19.0.2 on VIETND with PID 13804 (E:\The-Flowiee-Official\FlowieeOfficial\target\classes started by viet0 in E:\The-Flowiee-Official\FlowieeOfficial)
2023-07-23 18:18:52,632 INFO org.springframework.boot.SpringApplication [restartedMain]: No active profile set, falling back to 1 default profile: "default"
2023-07-23 18:18:52,707 INFO org.springframework.boot.logging.DeferredLog [restartedMain]: The Class-Path manifest attribute in C:\Users\viet0\.m2\repository\com\oracle\database\jdbc\ojdbc8\21.5.0.0\ojdbc8-21.5.0.0.jar referenced one or more files that do not exist: file:/C:/Users/viet0/.m2/repository/com/oracle/database/jdbc/ojdbc8/21.5.0.0/oraclepki.jar
2023-07-23 18:18:52,708 INFO org.springframework.boot.logging.DeferredLog [restartedMain]: Devtools property defaults active! Set 'spring.devtools.add-properties' to 'false' to disable
2023-07-23 18:18:52,708 INFO org.springframework.boot.logging.DeferredLog [restartedMain]: For additional web related logging consider setting the 'logging.level.web' property to 'DEBUG'
2023-07-23 18:18:53,818 INFO org.springframework.data.repository.config.RepositoryConfigurationDelegate [restartedMain]: Bootstrapping Spring Data JPA repositories in DEFAULT mode.
2023-07-23 18:18:54,023 INFO org.springframework.data.repository.config.RepositoryConfigurationDelegate [restartedMain]: Finished Spring Data repository scanning in 195 ms. Found 29 JPA repository interfaces.
2023-07-23 18:18:54,941 INFO org.springframework.boot.web.embedded.tomcat.TomcatWebServer [restartedMain]: Tomcat initialized with port(s): 8085 (http)
2023-07-23 18:18:54,958 INFO org.apache.juli.logging.DirectJDKLog [restartedMain]: Initializing ProtocolHandler ["http-nio-8085"]
2023-07-23 18:18:54,958 INFO org.apache.juli.logging.DirectJDKLog [restartedMain]: Starting service [Tomcat]
2023-07-23 18:18:54,958 INFO org.apache.juli.logging.DirectJDKLog [restartedMain]: Starting Servlet engine: [Apache Tomcat/9.0.71]
2023-07-23 18:18:55,066 INFO org.apache.juli.logging.DirectJDKLog [restartedMain]: Initializing Spring embedded WebApplicationContext
2023-07-23 18:18:55,067 INFO org.springframework.boot.web.servlet.context.ServletWebServerApplicationContext [restartedMain]: Root WebApplicationContext: initialization completed in 2358 ms
2023-07-23 18:18:55,446 INFO org.hibernate.jpa.internal.util.LogHelper [restartedMain]: HHH000204: Processing PersistenceUnitInfo [name: default]
2023-07-23 18:18:55,534 INFO org.hibernate.Version [restartedMain]: HHH000412: Hibernate ORM core version 5.6.15.Final
2023-07-23 18:18:55,743 INFO org.hibernate.annotations.common.reflection.java.JavaReflectionManager [restartedMain]: HCANN000001: Hibernate Commons Annotations {5.1.2.Final}
2023-07-23 18:18:55,886 INFO com.zaxxer.hikari.HikariDataSource [restartedMain]: HikariPool-1 - Starting...
2023-07-23 18:18:55,899 WARN com.zaxxer.hikari.util.DriverDataSource [restartedMain]: Registered driver with driverClassName=oracle.jdbc.driver.OracleDriver was not found, trying direct instantiation.
2023-07-23 18:18:56,367 INFO com.zaxxer.hikari.HikariDataSource [restartedMain]: HikariPool-1 - Start completed.
2023-07-23 18:18:56,396 INFO org.hibernate.dialect.Dialect [restartedMain]: HHH000400: Using dialect: org.hibernate.dialect.Oracle12cDialect
2023-07-23 18:18:58,143 INFO org.hibernate.engine.transaction.jta.platform.internal.JtaPlatformInitiator [restartedMain]: HHH000490: Using JtaPlatform implementation: [org.hibernate.engine.transaction.jta.platform.internal.NoJtaPlatform]
2023-07-23 18:18:58,153 INFO org.springframework.orm.jpa.AbstractEntityManagerFactoryBean [restartedMain]: Initialized JPA EntityManagerFactory for persistence unit 'default'
2023-07-23 18:18:59,373 WARN org.springframework.boot.autoconfigure.orm.jpa.JpaBaseConfiguration$JpaWebConfiguration [restartedMain]: spring.jpa.open-in-view is enabled by default. Therefore, database queries may be performed during view rendering. Explicitly configure spring.jpa.open-in-view to disable this warning
2023-07-23 18:19:00,194 INFO org.springframework.boot.autoconfigure.web.servlet.WelcomePageHandlerMapping [restartedMain]: Adding welcome page template: index
2023-07-23 18:19:00,458 INFO org.springframework.security.web.DefaultSecurityFilterChain [restartedMain]: Will secure any request with [org.springframework.security.web.session.DisableEncodeUrlFilter@6bea7736, org.springframework.security.web.context.request.async.WebAsyncManagerIntegrationFilter@63f5b36, org.springframework.security.web.context.SecurityContextPersistenceFilter@121729ef, org.springframework.security.web.header.HeaderWriterFilter@69327deb, org.springframework.web.filter.CorsFilter@11073cd3, org.springframework.security.web.authentication.logout.LogoutFilter@4c7f38cd, org.springframework.security.web.authentication.UsernamePasswordAuthenticationFilter@7b794668, org.springframework.security.web.authentication.www.BasicAuthenticationFilter@44d973b9, org.springframework.security.web.savedrequest.RequestCacheAwareFilter@4e7d4a92, org.springframework.security.web.servletapi.SecurityContextHolderAwareRequestFilter@b1401f9, org.springframework.security.web.authentication.AnonymousAuthenticationFilter@79eb2ed7, org.springframework.security.web.session.SessionManagementFilter@97f3bff, org.springframework.security.web.access.ExceptionTranslationFilter@5e2280fd, org.springframework.security.web.access.intercept.FilterSecurityInterceptor@439e4b7a]
2023-07-23 18:19:01,112 INFO org.springframework.boot.devtools.autoconfigure.OptionalLiveReloadServer [restartedMain]: LiveReload server is running on port 35729
2023-07-23 18:19:01,131 INFO org.apache.juli.logging.DirectJDKLog [restartedMain]: Starting ProtocolHandler ["http-nio-8085"]
2023-07-23 18:19:01,152 INFO org.springframework.boot.web.embedded.tomcat.TomcatWebServer [restartedMain]: Tomcat started on port(s): 8085 (http) with context path ''
2023-07-23 18:19:01,174 INFO org.springframework.boot.StartupInfoLogger [restartedMain]: Started FlowieeOfficialApplication in 9.052 seconds (JVM running for 9.932)
2023-07-23 18:19:02,544 INFO org.apache.juli.logging.DirectJDKLog [http-nio-8085-exec-2]: Initializing Spring DispatcherServlet 'dispatcherServlet'
2023-07-23 18:19:02,544 INFO org.springframework.web.servlet.FrameworkServlet [http-nio-8085-exec-2]: Initializing Servlet 'dispatcherServlet'
2023-07-23 18:19:02,545 INFO org.springframework.web.servlet.FrameworkServlet [http-nio-8085-exec-2]: Completed initialization in 1 ms
2023-07-23 18:20:45,082 INFO org.springframework.orm.jpa.AbstractEntityManagerFactoryBean [SpringApplicationShutdownHook]: Closing JPA EntityManagerFactory for persistence unit 'default'
2023-07-23 18:20:45,084 INFO com.zaxxer.hikari.HikariDataSource [SpringApplicationShutdownHook]: HikariPool-1 - Shutdown initiated...
2023-07-23 18:20:45,097 INFO com.zaxxer.hikari.HikariDataSource [SpringApplicationShutdownHook]: HikariPool-1 - Shutdown completed.
