2023-07-21 23:57:54,052 INFO org.hibernate.validator.internal.util.Version [background-preinit]: HV000001: Hibernate Validator 6.2.5.Final
2023-07-21 23:57:54,091 INFO org.springframework.boot.StartupInfoLogger [restartedMain]: Starting FlowieeOfficialApplication using Java 19.0.2 on VIETND with PID 4276 (E:\The-Flowiee-Official\FlowieeOfficial\target\classes started by viet0 in E:\The-Flowiee-Official\FlowieeOfficial)
2023-07-21 23:57:54,092 INFO org.springframework.boot.SpringApplication [restartedMain]: No active profile set, falling back to 1 default profile: "default"
2023-07-21 23:57:54,192 INFO org.springframework.boot.logging.DeferredLog [restartedMain]: The Class-Path manifest attribute in C:\Users\viet0\.m2\repository\com\oracle\database\jdbc\ojdbc8\21.5.0.0\ojdbc8-21.5.0.0.jar referenced one or more files that do not exist: file:/C:/Users/viet0/.m2/repository/com/oracle/database/jdbc/ojdbc8/21.5.0.0/oraclepki.jar
2023-07-21 23:57:54,193 INFO org.springframework.boot.logging.DeferredLog [restartedMain]: Devtools property defaults active! Set 'spring.devtools.add-properties' to 'false' to disable
2023-07-21 23:57:54,193 INFO org.springframework.boot.logging.DeferredLog [restartedMain]: For additional web related logging consider setting the 'logging.level.web' property to 'DEBUG'
2023-07-21 23:57:56,284 INFO org.springframework.data.repository.config.RepositoryConfigurationDelegate [restartedMain]: Bootstrapping Spring Data JPA repositories in DEFAULT mode.
2023-07-21 23:57:56,656 INFO org.springframework.data.repository.config.RepositoryConfigurationDelegate [restartedMain]: Finished Spring Data repository scanning in 355 ms. Found 29 JPA repository interfaces.
2023-07-21 23:57:58,137 INFO org.springframework.boot.web.embedded.tomcat.TomcatWebServer [restartedMain]: Tomcat initialized with port(s): 8085 (http)
2023-07-21 23:57:58,164 INFO org.apache.juli.logging.DirectJDKLog [restartedMain]: Initializing ProtocolHandler ["http-nio-8085"]
2023-07-21 23:57:58,165 INFO org.apache.juli.logging.DirectJDKLog [restartedMain]: Starting service [Tomcat]
2023-07-21 23:57:58,165 INFO org.apache.juli.logging.DirectJDKLog [restartedMain]: Starting Servlet engine: [Apache Tomcat/9.0.71]
2023-07-21 23:57:58,369 INFO org.apache.juli.logging.DirectJDKLog [restartedMain]: Initializing Spring embedded WebApplicationContext
2023-07-21 23:57:58,370 INFO org.springframework.boot.web.servlet.context.ServletWebServerApplicationContext [restartedMain]: Root WebApplicationContext: initialization completed in 4176 ms
2023-07-21 23:57:58,991 INFO org.hibernate.jpa.internal.util.LogHelper [restartedMain]: HHH000204: Processing PersistenceUnitInfo [name: default]
2023-07-21 23:57:59,098 INFO org.hibernate.Version [restartedMain]: HHH000412: Hibernate ORM core version 5.6.15.Final
2023-07-21 23:57:59,447 INFO org.hibernate.annotations.common.reflection.java.JavaReflectionManager [restartedMain]: HCANN000001: Hibernate Commons Annotations {5.1.2.Final}
2023-07-21 23:57:59,651 INFO com.zaxxer.hikari.HikariDataSource [restartedMain]: HikariPool-1 - Starting...
2023-07-21 23:57:59,669 WARN com.zaxxer.hikari.util.DriverDataSource [restartedMain]: Registered driver with driverClassName=oracle.jdbc.driver.OracleDriver was not found, trying direct instantiation.
2023-07-21 23:58:01,020 INFO com.zaxxer.hikari.HikariDataSource [restartedMain]: HikariPool-1 - Start completed.
2023-07-21 23:58:01,064 INFO org.hibernate.dialect.Dialect [restartedMain]: HHH000400: Using dialect: org.hibernate.dialect.Oracle12cDialect
2023-07-21 23:58:05,898 INFO org.hibernate.engine.transaction.jta.platform.internal.JtaPlatformInitiator [restartedMain]: HHH000490: Using JtaPlatform implementation: [org.hibernate.engine.transaction.jta.platform.internal.NoJtaPlatform]
2023-07-21 23:58:05,919 INFO org.springframework.orm.jpa.AbstractEntityManagerFactoryBean [restartedMain]: Initialized JPA EntityManagerFactory for persistence unit 'default'
2023-07-21 23:58:07,558 WARN org.springframework.boot.autoconfigure.orm.jpa.JpaBaseConfiguration$JpaWebConfiguration [restartedMain]: spring.jpa.open-in-view is enabled by default. Therefore, database queries may be performed during view rendering. Explicitly configure spring.jpa.open-in-view to disable this warning
2023-07-21 23:58:09,256 INFO org.springframework.boot.autoconfigure.web.servlet.WelcomePageHandlerMapping [restartedMain]: Adding welcome page template: index
2023-07-21 23:58:09,671 INFO org.springframework.security.web.DefaultSecurityFilterChain [restartedMain]: Will secure any request with [org.springframework.security.web.session.DisableEncodeUrlFilter@1c986853, org.springframework.security.web.context.request.async.WebAsyncManagerIntegrationFilter@5785ec91, org.springframework.security.web.context.SecurityContextPersistenceFilter@716d2ff4, org.springframework.security.web.header.HeaderWriterFilter@6baadfaf, org.springframework.web.filter.CorsFilter@5cf9bd15, org.springframework.security.web.authentication.logout.LogoutFilter@759c9b6e, org.springframework.security.web.authentication.UsernamePasswordAuthenticationFilter@2059ea00, org.springframework.security.web.authentication.www.BasicAuthenticationFilter@74a1beb4, org.springframework.security.web.savedrequest.RequestCacheAwareFilter@2218c2ff, org.springframework.security.web.servletapi.SecurityContextHolderAwareRequestFilter@633cd9fd, org.springframework.security.web.authentication.AnonymousAuthenticationFilter@10f2b783, org.springframework.security.web.session.SessionManagementFilter@66a19b54, org.springframework.security.web.access.ExceptionTranslationFilter@e6314f9, org.springframework.security.web.access.intercept.FilterSecurityInterceptor@1ffe493b]
2023-07-21 23:58:12,474 INFO org.springframework.boot.devtools.autoconfigure.OptionalLiveReloadServer [restartedMain]: LiveReload server is running on port 35729
2023-07-21 23:58:12,503 INFO org.apache.juli.logging.DirectJDKLog [restartedMain]: Starting ProtocolHandler ["http-nio-8085"]
2023-07-21 23:58:12,538 INFO org.springframework.boot.web.embedded.tomcat.TomcatWebServer [restartedMain]: Tomcat started on port(s): 8085 (http) with context path ''
2023-07-21 23:58:12,568 INFO org.springframework.boot.StartupInfoLogger [restartedMain]: Started FlowieeOfficialApplication in 19.282 seconds (JVM running for 21.015)
2023-07-21 23:58:12,683 INFO org.apache.juli.logging.DirectJDKLog [http-nio-8085-exec-1]: Initializing Spring DispatcherServlet 'dispatcherServlet'
2023-07-21 23:58:12,684 INFO org.springframework.web.servlet.FrameworkServlet [http-nio-8085-exec-1]: Initializing Servlet 'dispatcherServlet'
2023-07-21 23:58:12,687 INFO org.springframework.web.servlet.FrameworkServlet [http-nio-8085-exec-1]: Completed initialization in 3 ms
